{
  "stats": {
    "suites": 1,
    "tests": 1,
    "passes": 1,
    "pending": 0,
    "failures": 0,
    "start": "2022-11-15T16:59:25.559Z",
    "end": "2022-11-15T16:59:26.788Z",
    "duration": 1229,
    "testsRegistered": 1,
    "passPercent": 100,
    "pendingPercent": 0,
    "other": 0,
    "hasOther": false,
    "skipped": 0,
    "hasSkipped": false
  },
  "results": [
    {
      "uuid": "6bd691ca-0b86-4ddc-a4fa-4e5ba2843c3c",
      "title": "",
      "fullFile": "cypress/e2e/report.cy.js",
      "file": "cypress/e2e/report.cy.js",
      "beforeHooks": [],
      "afterHooks": [],
      "tests": [],
      "suites": [
        {
          "uuid": "7e24dbab-1ed2-4e88-b870-4b287466f2de",
          "title": "Testes - relatório",
          "fullFile": "",
          "file": "",
          "beforeHooks": [],
          "afterHooks": [],
          "tests": [
            {
              "title": "valida página de cadastro",
              "fullTitle": "Testes - relatório valida página de cadastro",
              "timedOut": null,
              "duration": 1143,
              "state": "passed",
              "speed": "fast",
              "pass": true,
              "fail": false,
              "pending": false,
              "context": null,
              "code": "cy.url().should('be.equal', `${baseUrl}admin/relatorios`);\ncy.contains('h1', 'Em construção aguarde').should('be.visible');",
              "err": {},
              "uuid": "811667bc-5050-4ca8-97fa-720d41ac3202",
              "parentUUID": "7e24dbab-1ed2-4e88-b870-4b287466f2de",
              "isHook": false,
              "skipped": false
            }
          ],
          "suites": [],
          "passes": [
            "811667bc-5050-4ca8-97fa-720d41ac3202"
          ],
          "failures": [],
          "pending": [],
          "skipped": [],
          "duration": 1143,
          "root": false,
          "rootEmpty": false,
          "_timeout": 2000
        }
      ],
      "passes": [],
      "failures": [],
      "pending": [],
      "skipped": [],
      "duration": 0,
      "root": true,
      "rootEmpty": true,
      "_timeout": 2000
    }
  ],
  "meta": {
    "mocha": {
      "version": "7.0.1"
    },
    "mochawesome": {
      "options": {
        "quiet": true,
        "reportFilename": "mochawesome",
        "saveHtml": false,
        "saveJson": true,
        "consoleReporter": "spec",
        "useInlineDiffs": false,
        "code": true
      },
      "version": "7.1.3"
    },
    "marge": {
      "options": {
        "id": "default",
        "reporterDir": "mochawesome-report",
        "quiet": true,
        "overwrite": false,
        "html": false,
        "json": true
      },
      "version": "6.2.0"
    }
  }
}