{
  "stats": {
    "suites": 2,
    "tests": 4,
    "passes": 2,
    "pending": 19,
    "failures": -17,
    "start": "2021-12-06T18:17:22.948Z",
    "end": "2021-12-06T18:17:30.023Z",
    "duration": 7075,
    "testsRegistered": 21,
    "passPercent": 100,
    "pendingPercent": 90.47619047619048,
    "other": 17,
    "hasOther": true,
    "skipped": 0,
    "hasSkipped": false
  },
  "results": [
    {
      "uuid": "cf8d3258-1b20-430d-98c0-d11f769214c3",
      "title": "",
      "fullFile": "cypress/integration/home.spec.js",
      "file": "cypress/integration/home.spec.js",
      "beforeHooks": [],
      "afterHooks": [],
      "tests": [],
      "suites": [
        {
          "uuid": "bf23f524-1518-4dc6-be15-ace2db4375d9",
          "title": "Testes Home - Adm",
          "fullFile": "",
          "file": "",
          "beforeHooks": [],
          "afterHooks": [],
          "tests": [
            {
              "title": "valida home - Adm",
              "fullTitle": "Testes Home - Adm valida home - Adm",
              "timedOut": null,
              "duration": 5280,
              "state": "passed",
              "speed": "medium",
              "pass": true,
              "fail": false,
              "pending": false,
              "context": null,
              "code": "cy.get('.imagem').should('be.visible');",
              "err": {},
              "uuid": "23486e82-b38d-40c4-87f1-7fffb736e818",
              "parentUUID": "bf23f524-1518-4dc6-be15-ace2db4375d9",
              "isHook": false,
              "skipped": false
            },
            {
              "title": "Cadastrar usuário - btn",
              "fullTitle": "Testes Home - Adm Cadastrar usuário - btn",
              "timedOut": null,
              "duration": 0,
              "state": "pending",
              "speed": null,
              "pass": false,
              "fail": false,
              "pending": true,
              "context": null,
              "code": "",
              "err": {},
              "uuid": "f19d7220-aaa5-483e-96d2-508a55f19a58",
              "parentUUID": "bf23f524-1518-4dc6-be15-ace2db4375d9",
              "isHook": false,
              "skipped": false
            },
            {
              "title": "Cadastrar usuário - btn menu",
              "fullTitle": "Testes Home - Adm Cadastrar usuário - btn menu",
              "timedOut": null,
              "duration": 0,
              "state": "pending",
              "speed": null,
              "pass": false,
              "fail": false,
              "pending": true,
              "context": null,
              "code": "",
              "err": {},
              "uuid": "4c853ed8-cf9f-45c6-acf3-8fc379ad5fe9",
              "parentUUID": "bf23f524-1518-4dc6-be15-ace2db4375d9",
              "isHook": false,
              "skipped": false
            },
            {
              "title": "Listar usuário - btn",
              "fullTitle": "Testes Home - Adm Listar usuário - btn",
              "timedOut": null,
              "duration": 0,
              "state": "pending",
              "speed": null,
              "pass": false,
              "fail": false,
              "pending": true,
              "context": null,
              "code": "",
              "err": {},
              "uuid": "a55c760d-e9e6-4024-8cbf-e34d16502a74",
              "parentUUID": "bf23f524-1518-4dc6-be15-ace2db4375d9",
              "isHook": false,
              "skipped": false
            },
            {
              "title": "Listar usuário - btn menu",
              "fullTitle": "Testes Home - Adm Listar usuário - btn menu",
              "timedOut": null,
              "duration": 0,
              "state": "pending",
              "speed": null,
              "pass": false,
              "fail": false,
              "pending": true,
              "context": null,
              "code": "",
              "err": {},
              "uuid": "93f3f92c-0d99-49d9-8fea-e1848b9f82db",
              "parentUUID": "bf23f524-1518-4dc6-be15-ace2db4375d9",
              "isHook": false,
              "skipped": false
            },
            {
              "title": "Cadastrar produto - btn",
              "fullTitle": "Testes Home - Adm Cadastrar produto - btn",
              "timedOut": null,
              "duration": 0,
              "state": "pending",
              "speed": null,
              "pass": false,
              "fail": false,
              "pending": true,
              "context": null,
              "code": "",
              "err": {},
              "uuid": "5c5af601-9756-47c8-b5a0-dea7be9ed53f",
              "parentUUID": "bf23f524-1518-4dc6-be15-ace2db4375d9",
              "isHook": false,
              "skipped": false
            },
            {
              "title": "Cadastrar produto - btn menu",
              "fullTitle": "Testes Home - Adm Cadastrar produto - btn menu",
              "timedOut": null,
              "duration": 0,
              "state": "pending",
              "speed": null,
              "pass": false,
              "fail": false,
              "pending": true,
              "context": null,
              "code": "",
              "err": {},
              "uuid": "dfe7faa1-1d5f-441e-af69-fc083e47d352",
              "parentUUID": "bf23f524-1518-4dc6-be15-ace2db4375d9",
              "isHook": false,
              "skipped": false
            },
            {
              "title": "Listar produto - btn",
              "fullTitle": "Testes Home - Adm Listar produto - btn",
              "timedOut": null,
              "duration": 0,
              "state": "pending",
              "speed": null,
              "pass": false,
              "fail": false,
              "pending": true,
              "context": null,
              "code": "",
              "err": {},
              "uuid": "ec38ae37-91e0-4e7e-87cf-d7caaff13da7",
              "parentUUID": "bf23f524-1518-4dc6-be15-ace2db4375d9",
              "isHook": false,
              "skipped": false
            },
            {
              "title": "Listar produto - btn menu",
              "fullTitle": "Testes Home - Adm Listar produto - btn menu",
              "timedOut": null,
              "duration": 0,
              "state": "pending",
              "speed": null,
              "pass": false,
              "fail": false,
              "pending": true,
              "context": null,
              "code": "",
              "err": {},
              "uuid": "88e35232-4d93-4ec3-9e8b-51e68e0244ee",
              "parentUUID": "bf23f524-1518-4dc6-be15-ace2db4375d9",
              "isHook": false,
              "skipped": false
            },
            {
              "title": "Listar relatório - btn",
              "fullTitle": "Testes Home - Adm Listar relatório - btn",
              "timedOut": null,
              "duration": 0,
              "state": "pending",
              "speed": null,
              "pass": false,
              "fail": false,
              "pending": true,
              "context": null,
              "code": "",
              "err": {},
              "uuid": "6d1acc16-15b1-4655-a1ae-09e89116ab25",
              "parentUUID": "bf23f524-1518-4dc6-be15-ace2db4375d9",
              "isHook": false,
              "skipped": false
            },
            {
              "title": "Listar produto - btn menu",
              "fullTitle": "Testes Home - Adm Listar produto - btn menu",
              "timedOut": null,
              "duration": 0,
              "state": "pending",
              "speed": null,
              "pass": false,
              "fail": false,
              "pending": true,
              "context": null,
              "code": "",
              "err": {},
              "uuid": "cf94e082-f6ee-491a-a388-bde0a709c333",
              "parentUUID": "bf23f524-1518-4dc6-be15-ace2db4375d9",
              "isHook": false,
              "skipped": false
            },
            {
              "title": "Valida texto",
              "fullTitle": "Testes Home - Adm Valida texto",
              "timedOut": null,
              "duration": 0,
              "state": "pending",
              "speed": null,
              "pass": false,
              "fail": false,
              "pending": true,
              "context": null,
              "code": "",
              "err": {},
              "uuid": "073f3cef-f062-480f-910e-d034ee58853a",
              "parentUUID": "bf23f524-1518-4dc6-be15-ace2db4375d9",
              "isHook": false,
              "skipped": false
            },
            {
              "title": "Home",
              "fullTitle": "Testes Home - Adm Home",
              "timedOut": null,
              "duration": 0,
              "state": "pending",
              "speed": null,
              "pass": false,
              "fail": false,
              "pending": true,
              "context": null,
              "code": "",
              "err": {},
              "uuid": "9d0d990e-683c-442a-b873-04aef04bd166",
              "parentUUID": "bf23f524-1518-4dc6-be15-ace2db4375d9",
              "isHook": false,
              "skipped": false
            },
            {
              "title": "Logout",
              "fullTitle": "Testes Home - Adm Logout",
              "timedOut": null,
              "duration": 0,
              "state": "pending",
              "speed": null,
              "pass": false,
              "fail": false,
              "pending": true,
              "context": null,
              "code": "",
              "err": {},
              "uuid": "2684f02d-0548-4cc6-91ee-8080ceb0d2d8",
              "parentUUID": "bf23f524-1518-4dc6-be15-ace2db4375d9",
              "isHook": false,
              "skipped": false
            }
          ],
          "suites": [],
          "passes": [
            "23486e82-b38d-40c4-87f1-7fffb736e818"
          ],
          "failures": [],
          "pending": [
            "f19d7220-aaa5-483e-96d2-508a55f19a58",
            "4c853ed8-cf9f-45c6-acf3-8fc379ad5fe9",
            "a55c760d-e9e6-4024-8cbf-e34d16502a74",
            "93f3f92c-0d99-49d9-8fea-e1848b9f82db",
            "5c5af601-9756-47c8-b5a0-dea7be9ed53f",
            "dfe7faa1-1d5f-441e-af69-fc083e47d352",
            "ec38ae37-91e0-4e7e-87cf-d7caaff13da7",
            "88e35232-4d93-4ec3-9e8b-51e68e0244ee",
            "6d1acc16-15b1-4655-a1ae-09e89116ab25",
            "cf94e082-f6ee-491a-a388-bde0a709c333",
            "073f3cef-f062-480f-910e-d034ee58853a",
            "9d0d990e-683c-442a-b873-04aef04bd166",
            "2684f02d-0548-4cc6-91ee-8080ceb0d2d8"
          ],
          "skipped": [],
          "duration": 5280,
          "root": false,
          "rootEmpty": false,
          "_timeout": 2000
        },
        {
          "uuid": "f12f8af4-8365-4374-a9c1-a32a7cbd8463",
          "title": "Testes Home - User",
          "fullFile": "",
          "file": "",
          "beforeHooks": [],
          "afterHooks": [],
          "tests": [
            {
              "title": "valida home user",
              "fullTitle": "Testes Home - User valida home user",
              "timedOut": null,
              "duration": 1495,
              "state": "passed",
              "speed": "fast",
              "pass": true,
              "fail": false,
              "pending": false,
              "context": null,
              "code": "cy.url().should('be.equal', `${baseUrl}home`);\ncy.get('#navbarTogglerDemo01 > .imagem').should('be.visible');",
              "err": {},
              "uuid": "aebca672-4e69-4acb-89bc-c5c77a9d4948",
              "parentUUID": "f12f8af4-8365-4374-a9c1-a32a7cbd8463",
              "isHook": false,
              "skipped": false
            },
            {
              "title": "Listar carrinho",
              "fullTitle": "Testes Home - User Listar carrinho",
              "timedOut": null,
              "duration": 0,
              "state": "pending",
              "speed": null,
              "pass": false,
              "fail": false,
              "pending": true,
              "context": null,
              "code": "",
              "err": {},
              "uuid": "7eb540ac-1719-4802-a1c7-9216fb4da3b6",
              "parentUUID": "f12f8af4-8365-4374-a9c1-a32a7cbd8463",
              "isHook": false,
              "skipped": false
            },
            {
              "title": "Home",
              "fullTitle": "Testes Home - User Home",
              "timedOut": null,
              "duration": 0,
              "state": "pending",
              "speed": null,
              "pass": false,
              "fail": false,
              "pending": true,
              "context": null,
              "code": "",
              "err": {},
              "uuid": "b1cd416e-a80f-431d-9e28-9b05657f099c",
              "parentUUID": "f12f8af4-8365-4374-a9c1-a32a7cbd8463",
              "isHook": false,
              "skipped": false
            },
            {
              "title": "Lista de compra",
              "fullTitle": "Testes Home - User Lista de compra",
              "timedOut": null,
              "duration": 0,
              "state": "pending",
              "speed": null,
              "pass": false,
              "fail": false,
              "pending": true,
              "context": null,
              "code": "",
              "err": {},
              "uuid": "e8a0c82e-3d5d-49ac-8a13-d8036b2d110a",
              "parentUUID": "f12f8af4-8365-4374-a9c1-a32a7cbd8463",
              "isHook": false,
              "skipped": false
            },
            {
              "title": "Logout",
              "fullTitle": "Testes Home - User Logout",
              "timedOut": null,
              "duration": 0,
              "state": "pending",
              "speed": null,
              "pass": false,
              "fail": false,
              "pending": true,
              "context": null,
              "code": "",
              "err": {},
              "uuid": "2da6b5a3-5ff8-4260-ace0-83e0d0a6b651",
              "parentUUID": "f12f8af4-8365-4374-a9c1-a32a7cbd8463",
              "isHook": false,
              "skipped": false
            },
            {
              "title": "Pesquisando produtos",
              "fullTitle": "Testes Home - User Pesquisando produtos",
              "timedOut": null,
              "duration": 0,
              "state": "pending",
              "speed": null,
              "pass": false,
              "fail": false,
              "pending": true,
              "context": null,
              "code": "",
              "err": {},
              "uuid": "3c9819e1-b36b-4474-accd-187f645a4113",
              "parentUUID": "f12f8af4-8365-4374-a9c1-a32a7cbd8463",
              "isHook": false,
              "skipped": false
            },
            {
              "title": "Pesquisando produto inexistente",
              "fullTitle": "Testes Home - User Pesquisando produto inexistente",
              "timedOut": null,
              "duration": 0,
              "state": "pending",
              "speed": null,
              "pass": false,
              "fail": false,
              "pending": true,
              "context": null,
              "code": "",
              "err": {},
              "uuid": "db6ba141-c3e7-492e-b07b-54d43b2b75c8",
              "parentUUID": "f12f8af4-8365-4374-a9c1-a32a7cbd8463",
              "isHook": false,
              "skipped": false
            }
          ],
          "suites": [],
          "passes": [
            "aebca672-4e69-4acb-89bc-c5c77a9d4948"
          ],
          "failures": [],
          "pending": [
            "7eb540ac-1719-4802-a1c7-9216fb4da3b6",
            "b1cd416e-a80f-431d-9e28-9b05657f099c",
            "e8a0c82e-3d5d-49ac-8a13-d8036b2d110a",
            "2da6b5a3-5ff8-4260-ace0-83e0d0a6b651",
            "3c9819e1-b36b-4474-accd-187f645a4113",
            "db6ba141-c3e7-492e-b07b-54d43b2b75c8"
          ],
          "skipped": [],
          "duration": 1495,
          "root": false,
          "rootEmpty": false,
          "_timeout": 2000
        }
      ],
      "passes": [],
      "failures": [],
      "pending": [],
      "skipped": [],
      "duration": 0,
      "root": true,
      "rootEmpty": true,
      "_timeout": 2000
    }
  ],
  "meta": {
    "mocha": {
      "version": "7.0.1"
    },
    "mochawesome": {
      "options": {
        "quiet": true,
        "reportFilename": "mochawesome",
        "saveHtml": false,
        "saveJson": true,
        "consoleReporter": "spec",
        "useInlineDiffs": false,
        "code": true
      },
      "version": "7.0.1"
    },
    "marge": {
      "options": {
        "id": "default",
        "reporterDir": "mochawesome-report",
        "quiet": true,
        "overwrite": false,
        "html": false,
        "json": true
      },
      "version": "6.0.1"
    }
  }
}