{
  "stats": {
    "suites": 2,
    "tests": 3,
    "passes": 1,
    "pending": 9,
    "failures": -7,
    "start": "2022-07-05T17:04:39.216Z",
    "end": "2022-07-05T17:04:42.250Z",
    "duration": 3034,
    "testsRegistered": 10,
    "passPercent": 100,
    "pendingPercent": 90,
    "other": 7,
    "hasOther": true,
    "skipped": 0,
    "hasSkipped": false
  },
  "results": [
    {
      "uuid": "5e1f6088-f8f2-4c41-9f71-eff6ea685303",
      "title": "",
      "fullFile": "cypress/e2e/product.cy.js",
      "file": "cypress/e2e/product.cy.js",
      "beforeHooks": [],
      "afterHooks": [],
      "tests": [],
      "suites": [
        {
          "uuid": "01bd2faf-463e-4fa2-8fd4-ab13b8bfd2fe",
          "title": "Testes - Cadastro de produtos",
          "fullFile": "",
          "file": "",
          "beforeHooks": [],
          "afterHooks": [],
          "tests": [
            {
              "title": "valida página de cadastro",
              "fullTitle": "Testes - Cadastro de produtos valida página de cadastro",
              "timedOut": null,
              "duration": 0,
              "state": "pending",
              "speed": null,
              "pass": false,
              "fail": false,
              "pending": true,
              "context": null,
              "code": "",
              "err": {},
              "uuid": "c149474b-4644-41d1-af14-0de7ba002816",
              "parentUUID": "01bd2faf-463e-4fa2-8fd4-ab13b8bfd2fe",
              "isHook": false,
              "skipped": false
            },
            {
              "title": "Cadastrar produto com sucesso",
              "fullTitle": "Testes - Cadastro de produtos Cadastrar produto com sucesso",
              "timedOut": null,
              "duration": 2665,
              "state": "passed",
              "speed": "fast",
              "pass": true,
              "fail": false,
              "pending": false,
              "context": null,
              "code": "cy.get(imageSelector).attachFile('cy.png');\ncy.get(nameSelector).type(prod.nome);\ncy.get(descriptionSelector).type(prod.descricao);\ncy.get(priceSelector).type(prod.preco);\ncy.get(quantitySelector).type(prod.quantidade);\ncy.get(btnCreateSelector).click();\ncy.url().should('be.equal', `${baseUrl}admin/listarprodutos`);",
              "err": {},
              "uuid": "4fd09ac8-fc27-4d89-9dc9-1c02cc014f08",
              "parentUUID": "01bd2faf-463e-4fa2-8fd4-ab13b8bfd2fe",
              "isHook": false,
              "skipped": false
            },
            {
              "title": "Cadastrar produto sem nome",
              "fullTitle": "Testes - Cadastro de produtos Cadastrar produto sem nome",
              "timedOut": null,
              "duration": 0,
              "state": "pending",
              "speed": null,
              "pass": false,
              "fail": false,
              "pending": true,
              "context": null,
              "code": "",
              "err": {},
              "uuid": "ebf377ad-8eb3-4d4c-a097-18d8377c2056",
              "parentUUID": "01bd2faf-463e-4fa2-8fd4-ab13b8bfd2fe",
              "isHook": false,
              "skipped": false
            },
            {
              "title": "Cadastrar produto sem descrição",
              "fullTitle": "Testes - Cadastro de produtos Cadastrar produto sem descrição",
              "timedOut": null,
              "duration": 0,
              "state": "pending",
              "speed": null,
              "pass": false,
              "fail": false,
              "pending": true,
              "context": null,
              "code": "",
              "err": {},
              "uuid": "1f8965d4-e8e3-4534-ab08-52547e6ba627",
              "parentUUID": "01bd2faf-463e-4fa2-8fd4-ab13b8bfd2fe",
              "isHook": false,
              "skipped": false
            },
            {
              "title": "Cadastrar produto sem preço",
              "fullTitle": "Testes - Cadastro de produtos Cadastrar produto sem preço",
              "timedOut": null,
              "duration": 0,
              "state": "pending",
              "speed": null,
              "pass": false,
              "fail": false,
              "pending": true,
              "context": null,
              "code": "",
              "err": {},
              "uuid": "2c16a927-5d04-4654-bb33-885afc0fdc31",
              "parentUUID": "01bd2faf-463e-4fa2-8fd4-ab13b8bfd2fe",
              "isHook": false,
              "skipped": false
            },
            {
              "title": "Cadastrar produto tipo de preço incorreto",
              "fullTitle": "Testes - Cadastro de produtos Cadastrar produto tipo de preço incorreto",
              "timedOut": null,
              "duration": 0,
              "state": "pending",
              "speed": null,
              "pass": false,
              "fail": false,
              "pending": true,
              "context": null,
              "code": "",
              "err": {},
              "uuid": "43bfca88-7eef-4a6c-8ed9-cd231e799579",
              "parentUUID": "01bd2faf-463e-4fa2-8fd4-ab13b8bfd2fe",
              "isHook": false,
              "skipped": false
            },
            {
              "title": "Cadastrar produto sem quantidade",
              "fullTitle": "Testes - Cadastro de produtos Cadastrar produto sem quantidade",
              "timedOut": null,
              "duration": 0,
              "state": "pending",
              "speed": null,
              "pass": false,
              "fail": false,
              "pending": true,
              "context": null,
              "code": "",
              "err": {},
              "uuid": "a64a4776-2608-4139-bff9-65c650f5a011",
              "parentUUID": "01bd2faf-463e-4fa2-8fd4-ab13b8bfd2fe",
              "isHook": false,
              "skipped": false
            },
            {
              "title": "Cadastrar produtos - campos obrigatórios",
              "fullTitle": "Testes - Cadastro de produtos Cadastrar produtos - campos obrigatórios",
              "timedOut": null,
              "duration": 0,
              "state": "pending",
              "speed": null,
              "pass": false,
              "fail": false,
              "pending": true,
              "context": null,
              "code": "",
              "err": {},
              "uuid": "24579469-2418-412a-865d-c35ff54d841f",
              "parentUUID": "01bd2faf-463e-4fa2-8fd4-ab13b8bfd2fe",
              "isHook": false,
              "skipped": false
            }
          ],
          "suites": [],
          "passes": [
            "4fd09ac8-fc27-4d89-9dc9-1c02cc014f08"
          ],
          "failures": [],
          "pending": [
            "c149474b-4644-41d1-af14-0de7ba002816",
            "ebf377ad-8eb3-4d4c-a097-18d8377c2056",
            "1f8965d4-e8e3-4534-ab08-52547e6ba627",
            "2c16a927-5d04-4654-bb33-885afc0fdc31",
            "43bfca88-7eef-4a6c-8ed9-cd231e799579",
            "a64a4776-2608-4139-bff9-65c650f5a011",
            "24579469-2418-412a-865d-c35ff54d841f"
          ],
          "skipped": [],
          "duration": 2665,
          "root": false,
          "rootEmpty": false,
          "_timeout": 2000
        },
        {
          "uuid": "43087088-1e47-4654-892f-252926d4db3d",
          "title": "Testes - Excluir produtos",
          "fullFile": "",
          "file": "",
          "beforeHooks": [],
          "afterHooks": [],
          "tests": [
            {
              "title": "valida página de listagem",
              "fullTitle": "Testes - Excluir produtos valida página de listagem",
              "timedOut": null,
              "duration": 0,
              "state": "pending",
              "speed": null,
              "pass": false,
              "fail": false,
              "pending": true,
              "context": null,
              "code": "",
              "err": {},
              "uuid": "ee1a30a4-b012-41f9-aada-59c168547606",
              "parentUUID": "43087088-1e47-4654-892f-252926d4db3d",
              "isHook": false,
              "skipped": false
            },
            {
              "title": "excluir produto",
              "fullTitle": "Testes - Excluir produtos excluir produto",
              "timedOut": null,
              "duration": 0,
              "state": "pending",
              "speed": null,
              "pass": false,
              "fail": false,
              "pending": true,
              "context": null,
              "code": "",
              "err": {},
              "uuid": "64b50a36-0c19-40f9-b108-5960404d912b",
              "parentUUID": "43087088-1e47-4654-892f-252926d4db3d",
              "isHook": false,
              "skipped": false
            }
          ],
          "suites": [],
          "passes": [],
          "failures": [],
          "pending": [
            "ee1a30a4-b012-41f9-aada-59c168547606",
            "64b50a36-0c19-40f9-b108-5960404d912b"
          ],
          "skipped": [],
          "duration": 0,
          "root": false,
          "rootEmpty": false,
          "_timeout": 2000
        }
      ],
      "passes": [],
      "failures": [],
      "pending": [],
      "skipped": [],
      "duration": 0,
      "root": true,
      "rootEmpty": true,
      "_timeout": 2000
    }
  ],
  "meta": {
    "mocha": {
      "version": "7.0.1"
    },
    "mochawesome": {
      "options": {
        "quiet": true,
        "reportFilename": "mochawesome",
        "saveHtml": false,
        "saveJson": true,
        "consoleReporter": "spec",
        "useInlineDiffs": false,
        "code": true
      },
      "version": "7.1.3"
    },
    "marge": {
      "options": {
        "id": "default",
        "reporterDir": "mochawesome-report",
        "quiet": true,
        "overwrite": false,
        "html": false,
        "json": true
      },
      "version": "6.2.0"
    }
  }
}