{
  "stats": {
    "suites": 2,
    "tests": 21,
    "passes": 21,
    "pending": 0,
    "failures": 0,
    "start": "2022-03-01T16:57:42.348Z",
    "end": "2022-03-01T16:58:05.400Z",
    "duration": 23052,
    "testsRegistered": 21,
    "passPercent": 100,
    "pendingPercent": 0,
    "other": 0,
    "hasOther": false,
    "skipped": 0,
    "hasSkipped": false
  },
  "results": [
    {
      "uuid": "a8825b1b-0036-4a8e-b246-80ed25056933",
      "title": "",
      "fullFile": "cypress/integration/home.spec.js",
      "file": "cypress/integration/home.spec.js",
      "beforeHooks": [],
      "afterHooks": [],
      "tests": [],
      "suites": [
        {
          "uuid": "001d30c0-474f-4a4d-ad2a-d76bf3314d4b",
          "title": "Testes Home - Adm",
          "fullFile": "",
          "file": "",
          "beforeHooks": [],
          "afterHooks": [],
          "tests": [
            {
              "title": "valida home - Adm",
              "fullTitle": "Testes Home - Adm valida home - Adm",
              "timedOut": null,
              "duration": 2277,
              "state": "passed",
              "speed": "fast",
              "pass": true,
              "fail": false,
              "pending": false,
              "context": null,
              "code": "cy.get('.imagem').should('be.visible');",
              "err": {},
              "uuid": "698b4df9-80bd-4f97-9817-41d27bc1c1ca",
              "parentUUID": "001d30c0-474f-4a4d-ad2a-d76bf3314d4b",
              "isHook": false,
              "skipped": false
            },
            {
              "title": "Cadastrar usuário - btn",
              "fullTitle": "Testes Home - Adm Cadastrar usuário - btn",
              "timedOut": null,
              "duration": 910,
              "state": "passed",
              "speed": "fast",
              "pass": true,
              "fail": false,
              "pending": false,
              "context": null,
              "code": "cy.get('[data-testid=cadastrarUsuarios]').click();\ncy.url().should('be.equal', `${baseUrl}admin/cadastrarusuarios`);",
              "err": {},
              "uuid": "2a04f557-14f6-4402-ad9a-d911faca9262",
              "parentUUID": "001d30c0-474f-4a4d-ad2a-d76bf3314d4b",
              "isHook": false,
              "skipped": false
            },
            {
              "title": "Cadastrar usuário - btn menu",
              "fullTitle": "Testes Home - Adm Cadastrar usuário - btn menu",
              "timedOut": null,
              "duration": 1008,
              "state": "passed",
              "speed": "fast",
              "pass": true,
              "fail": false,
              "pending": false,
              "context": null,
              "code": "cy.get('[data-testid=cadastrar-usuarios]').click();\ncy.url().should('be.equal', `${baseUrl}admin/cadastrarusuarios`);",
              "err": {},
              "uuid": "8405ff7b-7a38-4db9-a626-a2f82bdfc59e",
              "parentUUID": "001d30c0-474f-4a4d-ad2a-d76bf3314d4b",
              "isHook": false,
              "skipped": false
            },
            {
              "title": "Listar usuário - btn",
              "fullTitle": "Testes Home - Adm Listar usuário - btn",
              "timedOut": null,
              "duration": 971,
              "state": "passed",
              "speed": "fast",
              "pass": true,
              "fail": false,
              "pending": false,
              "context": null,
              "code": "cy.get('[data-testid=listarUsuarios]').click();\ncy.url().should('be.equal', `${baseUrl}admin/listarusuarios`);",
              "err": {},
              "uuid": "287e7f4e-e753-40a3-9643-c5a14ef2fb01",
              "parentUUID": "001d30c0-474f-4a4d-ad2a-d76bf3314d4b",
              "isHook": false,
              "skipped": false
            },
            {
              "title": "Listar usuário - btn menu",
              "fullTitle": "Testes Home - Adm Listar usuário - btn menu",
              "timedOut": null,
              "duration": 789,
              "state": "passed",
              "speed": "fast",
              "pass": true,
              "fail": false,
              "pending": false,
              "context": null,
              "code": "cy.get('[data-testid=listar-usuarios]').click();\ncy.url().should('be.equal', `${baseUrl}admin/listarusuarios`);",
              "err": {},
              "uuid": "068b8e3f-c748-4440-9526-defb80d905b1",
              "parentUUID": "001d30c0-474f-4a4d-ad2a-d76bf3314d4b",
              "isHook": false,
              "skipped": false
            },
            {
              "title": "Cadastrar produto - btn",
              "fullTitle": "Testes Home - Adm Cadastrar produto - btn",
              "timedOut": null,
              "duration": 764,
              "state": "passed",
              "speed": "fast",
              "pass": true,
              "fail": false,
              "pending": false,
              "context": null,
              "code": "cy.get('[data-testid=cadastrarProdutos]').click();\ncy.url().should('be.equal', `${baseUrl}admin/cadastrarprodutos`);",
              "err": {},
              "uuid": "a40bea59-a01c-4437-a6bb-08d085700b7b",
              "parentUUID": "001d30c0-474f-4a4d-ad2a-d76bf3314d4b",
              "isHook": false,
              "skipped": false
            },
            {
              "title": "Cadastrar produto - btn menu",
              "fullTitle": "Testes Home - Adm Cadastrar produto - btn menu",
              "timedOut": null,
              "duration": 727,
              "state": "passed",
              "speed": "fast",
              "pass": true,
              "fail": false,
              "pending": false,
              "context": null,
              "code": "cy.get('[data-testid=cadastrar-produtos]').click();\ncy.url().should('be.equal', `${baseUrl}admin/cadastrarprodutos`);",
              "err": {},
              "uuid": "d0a92d61-103e-4b09-bcbd-b66143827a24",
              "parentUUID": "001d30c0-474f-4a4d-ad2a-d76bf3314d4b",
              "isHook": false,
              "skipped": false
            },
            {
              "title": "Listar produto - btn",
              "fullTitle": "Testes Home - Adm Listar produto - btn",
              "timedOut": null,
              "duration": 808,
              "state": "passed",
              "speed": "fast",
              "pass": true,
              "fail": false,
              "pending": false,
              "context": null,
              "code": "cy.get('[data-testid=listarProdutos]').click();\ncy.url().should('be.equal', `${baseUrl}admin/listarprodutos`);",
              "err": {},
              "uuid": "393c30a0-59ae-41ff-af0e-cd80f2697be0",
              "parentUUID": "001d30c0-474f-4a4d-ad2a-d76bf3314d4b",
              "isHook": false,
              "skipped": false
            },
            {
              "title": "Listar produto - btn menu",
              "fullTitle": "Testes Home - Adm Listar produto - btn menu",
              "timedOut": null,
              "duration": 979,
              "state": "passed",
              "speed": "fast",
              "pass": true,
              "fail": false,
              "pending": false,
              "context": null,
              "code": "cy.get('[data-testid=listar-produtos]').click();\ncy.url().should('be.equal', `${baseUrl}admin/listarprodutos`);",
              "err": {},
              "uuid": "cda26829-46e7-4545-8bd6-7ce89e7510a1",
              "parentUUID": "001d30c0-474f-4a4d-ad2a-d76bf3314d4b",
              "isHook": false,
              "skipped": false
            },
            {
              "title": "Listar relatório - btn",
              "fullTitle": "Testes Home - Adm Listar relatório - btn",
              "timedOut": null,
              "duration": 970,
              "state": "passed",
              "speed": "fast",
              "pass": true,
              "fail": false,
              "pending": false,
              "context": null,
              "code": "cy.get('[data-testid=relatorios]').click();\ncy.url().should('be.equal', `${baseUrl}admin/relatorios`);",
              "err": {},
              "uuid": "4be8b2e9-0151-4681-b1bb-b42d0787d180",
              "parentUUID": "001d30c0-474f-4a4d-ad2a-d76bf3314d4b",
              "isHook": false,
              "skipped": false
            },
            {
              "title": "Listar produto - btn menu",
              "fullTitle": "Testes Home - Adm Listar produto - btn menu",
              "timedOut": null,
              "duration": 1089,
              "state": "passed",
              "speed": "fast",
              "pass": true,
              "fail": false,
              "pending": false,
              "context": null,
              "code": "cy.get('[data-testid=link-relatorios]').click();\ncy.url().should('be.equal', `${baseUrl}admin/relatorios`);",
              "err": {},
              "uuid": "e9d1ff7b-2dd2-4ec9-b1a5-f53e0753df56",
              "parentUUID": "001d30c0-474f-4a4d-ad2a-d76bf3314d4b",
              "isHook": false,
              "skipped": false
            },
            {
              "title": "Valida texto",
              "fullTitle": "Testes Home - Adm Valida texto",
              "timedOut": null,
              "duration": 645,
              "state": "passed",
              "speed": "fast",
              "pass": true,
              "fail": false,
              "pending": false,
              "context": null,
              "code": "cy.get('.lead').should('have.text', 'Este é seu sistema para administrar seu ecommerce.');",
              "err": {},
              "uuid": "ff2ac3b5-1932-43a8-a1f3-cfeadd93d071",
              "parentUUID": "001d30c0-474f-4a4d-ad2a-d76bf3314d4b",
              "isHook": false,
              "skipped": false
            },
            {
              "title": "Home",
              "fullTitle": "Testes Home - Adm Home",
              "timedOut": null,
              "duration": 987,
              "state": "passed",
              "speed": "fast",
              "pass": true,
              "fail": false,
              "pending": false,
              "context": null,
              "code": "cy.get('[data-testid=link-relatorios]').click();\ncy.get('[data-testid=home]').click();\ncy.url().should('be.equal', `${baseUrl}admin/home`);",
              "err": {},
              "uuid": "521e2039-0e55-4fc3-b041-e402a4234996",
              "parentUUID": "001d30c0-474f-4a4d-ad2a-d76bf3314d4b",
              "isHook": false,
              "skipped": false
            },
            {
              "title": "Logout",
              "fullTitle": "Testes Home - Adm Logout",
              "timedOut": null,
              "duration": 861,
              "state": "passed",
              "speed": "fast",
              "pass": true,
              "fail": false,
              "pending": false,
              "context": null,
              "code": "cy.get('[data-testid=logout]').click();\ncy.url().should('be.equal', `${baseUrl}login`);",
              "err": {},
              "uuid": "b6b39a8d-7b78-40d5-8016-b322d0950ebd",
              "parentUUID": "001d30c0-474f-4a4d-ad2a-d76bf3314d4b",
              "isHook": false,
              "skipped": false
            }
          ],
          "suites": [],
          "passes": [
            "698b4df9-80bd-4f97-9817-41d27bc1c1ca",
            "2a04f557-14f6-4402-ad9a-d911faca9262",
            "8405ff7b-7a38-4db9-a626-a2f82bdfc59e",
            "287e7f4e-e753-40a3-9643-c5a14ef2fb01",
            "068b8e3f-c748-4440-9526-defb80d905b1",
            "a40bea59-a01c-4437-a6bb-08d085700b7b",
            "d0a92d61-103e-4b09-bcbd-b66143827a24",
            "393c30a0-59ae-41ff-af0e-cd80f2697be0",
            "cda26829-46e7-4545-8bd6-7ce89e7510a1",
            "4be8b2e9-0151-4681-b1bb-b42d0787d180",
            "e9d1ff7b-2dd2-4ec9-b1a5-f53e0753df56",
            "ff2ac3b5-1932-43a8-a1f3-cfeadd93d071",
            "521e2039-0e55-4fc3-b041-e402a4234996",
            "b6b39a8d-7b78-40d5-8016-b322d0950ebd"
          ],
          "failures": [],
          "pending": [],
          "skipped": [],
          "duration": 13785,
          "root": false,
          "rootEmpty": false,
          "_timeout": 2000
        },
        {
          "uuid": "864154ec-1db8-4982-a808-239ad35b5ecc",
          "title": "Testes Home - User",
          "fullFile": "",
          "file": "",
          "beforeHooks": [],
          "afterHooks": [],
          "tests": [
            {
              "title": "valida home user",
              "fullTitle": "Testes Home - User valida home user",
              "timedOut": null,
              "duration": 934,
              "state": "passed",
              "speed": "fast",
              "pass": true,
              "fail": false,
              "pending": false,
              "context": null,
              "code": "cy.url().should('be.equal', `${baseUrl}home`);\ncy.get('#navbarTogglerDemo01 > .imagem').should('be.visible');",
              "err": {},
              "uuid": "d9b83b1e-cd9d-41a7-9a58-9278c435b022",
              "parentUUID": "864154ec-1db8-4982-a808-239ad35b5ecc",
              "isHook": false,
              "skipped": false
            },
            {
              "title": "Listar carrinho",
              "fullTitle": "Testes Home - User Listar carrinho",
              "timedOut": null,
              "duration": 1077,
              "state": "passed",
              "speed": "fast",
              "pass": true,
              "fail": false,
              "pending": false,
              "context": null,
              "code": "cy.get('[data-testid=carrinho]').click();\ncy.url().should('be.equal', `${baseUrl}carrinho`);",
              "err": {},
              "uuid": "39d255de-ecff-4012-943a-e200e3b527be",
              "parentUUID": "864154ec-1db8-4982-a808-239ad35b5ecc",
              "isHook": false,
              "skipped": false
            },
            {
              "title": "Home",
              "fullTitle": "Testes Home - User Home",
              "timedOut": null,
              "duration": 969,
              "state": "passed",
              "speed": "fast",
              "pass": true,
              "fail": false,
              "pending": false,
              "context": null,
              "code": "cy.get('[data-testid=carrinho]').should('be.visible');\ncy.get('[data-testid=home]').click();\ncy.url().should('be.equal', `${baseUrl}home`);",
              "err": {},
              "uuid": "df71bc4a-389f-4e1b-a1ad-eb07bb69bbc8",
              "parentUUID": "864154ec-1db8-4982-a808-239ad35b5ecc",
              "isHook": false,
              "skipped": false
            },
            {
              "title": "Lista de compra",
              "fullTitle": "Testes Home - User Lista de compra",
              "timedOut": null,
              "duration": 991,
              "state": "passed",
              "speed": "fast",
              "pass": true,
              "fail": false,
              "pending": false,
              "context": null,
              "code": "cy.get('[data-testid=lista-de-compras]').click();\ncy.url().should('be.equal', `${baseUrl}minhaListaDeProdutos`);",
              "err": {},
              "uuid": "7f45eccc-4c9c-4d9b-a642-51ecac7ae905",
              "parentUUID": "864154ec-1db8-4982-a808-239ad35b5ecc",
              "isHook": false,
              "skipped": false
            },
            {
              "title": "Logout",
              "fullTitle": "Testes Home - User Logout",
              "timedOut": null,
              "duration": 1098,
              "state": "passed",
              "speed": "fast",
              "pass": true,
              "fail": false,
              "pending": false,
              "context": null,
              "code": "cy.get('[data-testid=logout]').click();\ncy.url().should('be.equal', `${baseUrl}login`);",
              "err": {},
              "uuid": "4f8fb1c6-0131-4a83-8b30-fcb262563ae1",
              "parentUUID": "864154ec-1db8-4982-a808-239ad35b5ecc",
              "isHook": false,
              "skipped": false
            },
            {
              "title": "Pesquisando produtos",
              "fullTitle": "Testes Home - User Pesquisando produtos",
              "timedOut": null,
              "duration": 2041,
              "state": "passed",
              "speed": "fast",
              "pass": true,
              "fail": false,
              "pending": false,
              "context": null,
              "code": "cy.createProduct();\ncy.get('[data-testid=pesquisar]').type('Teste Zael Uai');\ncy.get('[data-testid=botaoPesquisar]').click();\ncy.get('.card').should('be.visible');",
              "err": {},
              "uuid": "fcc0a48e-5b5f-4c57-b2fd-1b67acee584c",
              "parentUUID": "864154ec-1db8-4982-a808-239ad35b5ecc",
              "isHook": false,
              "skipped": false
            },
            {
              "title": "Pesquisando produto inexistente",
              "fullTitle": "Testes Home - User Pesquisando produto inexistente",
              "timedOut": null,
              "duration": 1691,
              "state": "passed",
              "speed": "fast",
              "pass": true,
              "fail": false,
              "pending": false,
              "context": null,
              "code": "cy.get('[data-testid=pesquisar]').type('ok obrigado');\ncy.get('[data-testid=botaoPesquisar]').click();\ncy.contains('.espacamento > .col-12 > .row', 'Nenhum produto foi encontrado').should('be.visible');",
              "err": {},
              "uuid": "7e7422d3-8692-464b-8bfd-5f6b56bfdf23",
              "parentUUID": "864154ec-1db8-4982-a808-239ad35b5ecc",
              "isHook": false,
              "skipped": false
            }
          ],
          "suites": [],
          "passes": [
            "d9b83b1e-cd9d-41a7-9a58-9278c435b022",
            "39d255de-ecff-4012-943a-e200e3b527be",
            "df71bc4a-389f-4e1b-a1ad-eb07bb69bbc8",
            "7f45eccc-4c9c-4d9b-a642-51ecac7ae905",
            "4f8fb1c6-0131-4a83-8b30-fcb262563ae1",
            "fcc0a48e-5b5f-4c57-b2fd-1b67acee584c",
            "7e7422d3-8692-464b-8bfd-5f6b56bfdf23"
          ],
          "failures": [],
          "pending": [],
          "skipped": [],
          "duration": 8801,
          "root": false,
          "rootEmpty": false,
          "_timeout": 2000
        }
      ],
      "passes": [],
      "failures": [],
      "pending": [],
      "skipped": [],
      "duration": 0,
      "root": true,
      "rootEmpty": true,
      "_timeout": 2000
    }
  ],
  "meta": {
    "mocha": {
      "version": "7.0.1"
    },
    "mochawesome": {
      "options": {
        "quiet": true,
        "reportFilename": "mochawesome",
        "saveHtml": false,
        "saveJson": true,
        "consoleReporter": "spec",
        "useInlineDiffs": false,
        "code": true
      },
      "version": "7.1.0"
    },
    "marge": {
      "options": {
        "id": "default",
        "reporterDir": "mochawesome-report",
        "quiet": true,
        "overwrite": false,
        "html": false,
        "json": true
      },
      "version": "6.1.0"
    }
  }
}