{
  "stats": {
    "suites": 1,
    "tests": 4,
    "passes": 3,
    "pending": 7,
    "failures": -6,
    "start": "2022-03-15T16:56:36.994Z",
    "end": "2022-03-15T16:56:44.037Z",
    "duration": 7043,
    "testsRegistered": 10,
    "passPercent": 100,
    "pendingPercent": 70,
    "other": 6,
    "hasOther": true,
    "skipped": 0,
    "hasSkipped": false
  },
  "results": [
    {
      "uuid": "14def295-6be0-405c-82ef-df56b7394a5a",
      "title": "",
      "fullFile": "cypress/integration/login.spec.js",
      "file": "cypress/integration/login.spec.js",
      "beforeHooks": [],
      "afterHooks": [],
      "tests": [],
      "suites": [
        {
          "uuid": "1f7fd2b5-16eb-44bf-8d4b-2de62675a710",
          "title": "Testes de Login",
          "fullFile": "",
          "file": "",
          "beforeHooks": [],
          "afterHooks": [],
          "tests": [
            {
              "title": "valida página de login",
              "fullTitle": "Testes de Login valida página de login",
              "timedOut": null,
              "duration": 0,
              "state": "pending",
              "speed": null,
              "pass": false,
              "fail": false,
              "pending": true,
              "context": null,
              "code": "",
              "err": {},
              "uuid": "806dbd38-0c5d-45fd-b2c7-3baac2dca60c",
              "parentUUID": "1f7fd2b5-16eb-44bf-8d4b-2de62675a710",
              "isHook": false,
              "skipped": false
            },
            {
              "title": "valida login adm sucesso",
              "fullTitle": "Testes de Login valida login adm sucesso",
              "timedOut": null,
              "duration": 2927,
              "state": "passed",
              "speed": "fast",
              "pass": true,
              "fail": false,
              "pending": false,
              "context": null,
              "code": "cy.login(Cypress.env('admUser'), Cypress.env('password'));\ncy.url().should('be.equal', `${baseUrl}admin/home`);",
              "err": {},
              "uuid": "139c4318-51ad-49c7-bb80-ac8a83b80f0f",
              "parentUUID": "1f7fd2b5-16eb-44bf-8d4b-2de62675a710",
              "isHook": false,
              "skipped": false
            },
            {
              "title": "valida login user sucesso",
              "fullTitle": "Testes de Login valida login user sucesso",
              "timedOut": null,
              "duration": 1770,
              "state": "passed",
              "speed": "fast",
              "pass": true,
              "fail": false,
              "pending": false,
              "context": null,
              "code": "cy.login(Cypress.env('user'), Cypress.env('password'));\ncy.url().should('be.equal', `${baseUrl}home`);",
              "err": {},
              "uuid": "ba3b1864-7035-4997-8ab1-dd139421f7ca",
              "parentUUID": "1f7fd2b5-16eb-44bf-8d4b-2de62675a710",
              "isHook": false,
              "skipped": false
            },
            {
              "title": "valida email incorreto",
              "fullTitle": "Testes de Login valida email incorreto",
              "timedOut": null,
              "duration": 0,
              "state": "pending",
              "speed": null,
              "pass": false,
              "fail": false,
              "pending": true,
              "context": null,
              "code": "",
              "err": {},
              "uuid": "e6332015-3d0c-4870-8fbd-3b213936e634",
              "parentUUID": "1f7fd2b5-16eb-44bf-8d4b-2de62675a710",
              "isHook": false,
              "skipped": false
            },
            {
              "title": "valida senha incorreta",
              "fullTitle": "Testes de Login valida senha incorreta",
              "timedOut": null,
              "duration": 0,
              "state": "pending",
              "speed": null,
              "pass": false,
              "fail": false,
              "pending": true,
              "context": null,
              "code": "",
              "err": {},
              "uuid": "82dc638d-c34d-4dc9-89cf-6d38ce86a136",
              "parentUUID": "1f7fd2b5-16eb-44bf-8d4b-2de62675a710",
              "isHook": false,
              "skipped": false
            },
            {
              "title": "valida logout sucesso",
              "fullTitle": "Testes de Login valida logout sucesso",
              "timedOut": null,
              "duration": 2137,
              "state": "passed",
              "speed": "fast",
              "pass": true,
              "fail": false,
              "pending": false,
              "context": null,
              "code": "cy.login(Cypress.env('user'), Cypress.env('password'));\ncy.get('[data-testid=logout]').click();\ncy.url().should('be.equal', `${baseUrl}login`);",
              "err": {},
              "uuid": "b592c46a-b6d5-466b-a8dc-7175f9e1b042",
              "parentUUID": "1f7fd2b5-16eb-44bf-8d4b-2de62675a710",
              "isHook": false,
              "skipped": false
            },
            {
              "title": "valida login sem senha",
              "fullTitle": "Testes de Login valida login sem senha",
              "timedOut": null,
              "duration": 0,
              "state": "pending",
              "speed": null,
              "pass": false,
              "fail": false,
              "pending": true,
              "context": null,
              "code": "",
              "err": {},
              "uuid": "d2579763-4db2-4a71-b074-638a6e09d8df",
              "parentUUID": "1f7fd2b5-16eb-44bf-8d4b-2de62675a710",
              "isHook": false,
              "skipped": false
            },
            {
              "title": "valida email invalido",
              "fullTitle": "Testes de Login valida email invalido",
              "timedOut": null,
              "duration": 0,
              "state": "pending",
              "speed": null,
              "pass": false,
              "fail": false,
              "pending": true,
              "context": null,
              "code": "",
              "err": {},
              "uuid": "73fe4d23-37eb-49da-a1e7-b12cf616b9ce",
              "parentUUID": "1f7fd2b5-16eb-44bf-8d4b-2de62675a710",
              "isHook": false,
              "skipped": false
            },
            {
              "title": "valida login sem email",
              "fullTitle": "Testes de Login valida login sem email",
              "timedOut": null,
              "duration": 0,
              "state": "pending",
              "speed": null,
              "pass": false,
              "fail": false,
              "pending": true,
              "context": null,
              "code": "",
              "err": {},
              "uuid": "55097e47-ec7e-4c45-b011-844db39774af",
              "parentUUID": "1f7fd2b5-16eb-44bf-8d4b-2de62675a710",
              "isHook": false,
              "skipped": false
            },
            {
              "title": "valida login sem email e senha",
              "fullTitle": "Testes de Login valida login sem email e senha",
              "timedOut": null,
              "duration": 0,
              "state": "pending",
              "speed": null,
              "pass": false,
              "fail": false,
              "pending": true,
              "context": null,
              "code": "",
              "err": {},
              "uuid": "85b292f2-c6b9-402e-9246-84fe8bd63a2a",
              "parentUUID": "1f7fd2b5-16eb-44bf-8d4b-2de62675a710",
              "isHook": false,
              "skipped": false
            }
          ],
          "suites": [],
          "passes": [
            "139c4318-51ad-49c7-bb80-ac8a83b80f0f",
            "ba3b1864-7035-4997-8ab1-dd139421f7ca",
            "b592c46a-b6d5-466b-a8dc-7175f9e1b042"
          ],
          "failures": [],
          "pending": [
            "806dbd38-0c5d-45fd-b2c7-3baac2dca60c",
            "e6332015-3d0c-4870-8fbd-3b213936e634",
            "82dc638d-c34d-4dc9-89cf-6d38ce86a136",
            "d2579763-4db2-4a71-b074-638a6e09d8df",
            "73fe4d23-37eb-49da-a1e7-b12cf616b9ce",
            "55097e47-ec7e-4c45-b011-844db39774af",
            "85b292f2-c6b9-402e-9246-84fe8bd63a2a"
          ],
          "skipped": [],
          "duration": 6834,
          "root": false,
          "rootEmpty": false,
          "_timeout": 2000
        }
      ],
      "passes": [],
      "failures": [],
      "pending": [],
      "skipped": [],
      "duration": 0,
      "root": true,
      "rootEmpty": true,
      "_timeout": 2000
    }
  ],
  "meta": {
    "mocha": {
      "version": "7.0.1"
    },
    "mochawesome": {
      "options": {
        "quiet": true,
        "reportFilename": "mochawesome",
        "saveHtml": false,
        "saveJson": true,
        "consoleReporter": "spec",
        "useInlineDiffs": false,
        "code": true
      },
      "version": "7.1.2"
    },
    "marge": {
      "options": {
        "id": "default",
        "reporterDir": "mochawesome-report",
        "quiet": true,
        "overwrite": false,
        "html": false,
        "json": true
      },
      "version": "6.1.1"
    }
  }
}