{
  "stats": {
    "suites": 3,
    "tests": 5,
    "passes": 2,
    "pending": 7,
    "failures": -4,
    "start": "2022-01-11T17:09:27.148Z",
    "end": "2022-01-11T17:09:32.033Z",
    "duration": 4885,
    "testsRegistered": 9,
    "passPercent": 100,
    "pendingPercent": 77.77777777777779,
    "other": 4,
    "hasOther": true,
    "skipped": 0,
    "hasSkipped": false
  },
  "results": [
    {
      "uuid": "e1b92aa5-9b6e-4365-8971-556cb02bfae4",
      "title": "",
      "fullFile": "cypress/integration/userAdm.spec.js",
      "file": "cypress/integration/userAdm.spec.js",
      "beforeHooks": [],
      "afterHooks": [],
      "tests": [],
      "suites": [
        {
          "uuid": "9508900a-a27f-4953-937a-8e140e7f9c78",
          "title": "Testes - Cadastro de usuário Adm",
          "fullFile": "",
          "file": "",
          "beforeHooks": [],
          "afterHooks": [],
          "tests": [
            {
              "title": "valida cadastro usuário adm sucesso",
              "fullTitle": "Testes - Cadastro de usuário Adm valida cadastro usuário adm sucesso",
              "timedOut": null,
              "duration": 2556,
              "state": "passed",
              "speed": "fast",
              "pass": true,
              "fail": false,
              "pending": false,
              "context": null,
              "code": "user.email = faker.internet.email();\ncy.createUserAdminAdm(user.name, user.email, user.password);\ncy.url().should('be.equal', `${baseUrl}admin/listarusuarios`);",
              "err": {},
              "uuid": "00647a95-bd83-427f-9890-7b824204c2a5",
              "parentUUID": "9508900a-a27f-4953-937a-8e140e7f9c78",
              "isHook": false,
              "skipped": false
            },
            {
              "title": "valida cadastro usuário sucesso",
              "fullTitle": "Testes - Cadastro de usuário Adm valida cadastro usuário sucesso",
              "timedOut": null,
              "duration": 2152,
              "state": "passed",
              "speed": "fast",
              "pass": true,
              "fail": false,
              "pending": false,
              "context": null,
              "code": "user.email = faker.internet.email();\ncy.createAdminUser(user.name, user.email, user.password);\ncy.url().should('be.equal', `${baseUrl}admin/listarusuarios`);",
              "err": {},
              "uuid": "7584e1f7-9146-49a0-b54c-7b3067252918",
              "parentUUID": "9508900a-a27f-4953-937a-8e140e7f9c78",
              "isHook": false,
              "skipped": false
            },
            {
              "title": "valida cadastro sem senha",
              "fullTitle": "Testes - Cadastro de usuário Adm valida cadastro sem senha",
              "timedOut": null,
              "duration": 0,
              "state": "pending",
              "speed": null,
              "pass": false,
              "fail": false,
              "pending": true,
              "context": null,
              "code": "",
              "err": {},
              "uuid": "feabf333-3615-429b-af6a-766aa39ee6b8",
              "parentUUID": "9508900a-a27f-4953-937a-8e140e7f9c78",
              "isHook": false,
              "skipped": false
            },
            {
              "title": "valida email invalido",
              "fullTitle": "Testes - Cadastro de usuário Adm valida email invalido",
              "timedOut": null,
              "duration": 0,
              "state": "pending",
              "speed": null,
              "pass": false,
              "fail": false,
              "pending": true,
              "context": null,
              "code": "",
              "err": {},
              "uuid": "7f4b2b3c-0759-4d10-b7d0-4c04624d8b05",
              "parentUUID": "9508900a-a27f-4953-937a-8e140e7f9c78",
              "isHook": false,
              "skipped": false
            },
            {
              "title": "valida cadastro sem email",
              "fullTitle": "Testes - Cadastro de usuário Adm valida cadastro sem email",
              "timedOut": null,
              "duration": 0,
              "state": "pending",
              "speed": null,
              "pass": false,
              "fail": false,
              "pending": true,
              "context": null,
              "code": "",
              "err": {},
              "uuid": "3cb53616-80ea-42bf-83d5-73449194ed19",
              "parentUUID": "9508900a-a27f-4953-937a-8e140e7f9c78",
              "isHook": false,
              "skipped": false
            },
            {
              "title": "valida sem nome",
              "fullTitle": "Testes - Cadastro de usuário Adm valida sem nome",
              "timedOut": null,
              "duration": 0,
              "state": "pending",
              "speed": null,
              "pass": false,
              "fail": false,
              "pending": true,
              "context": null,
              "code": "",
              "err": {},
              "uuid": "5bf90ce6-4e9f-468a-8609-fc0c4bdee638",
              "parentUUID": "9508900a-a27f-4953-937a-8e140e7f9c78",
              "isHook": false,
              "skipped": false
            },
            {
              "title": "valida cadastro sem email, senha e nome",
              "fullTitle": "Testes - Cadastro de usuário Adm valida cadastro sem email, senha e nome",
              "timedOut": null,
              "duration": 0,
              "state": "pending",
              "speed": null,
              "pass": false,
              "fail": false,
              "pending": true,
              "context": null,
              "code": "",
              "err": {},
              "uuid": "7846295c-c261-499f-8802-8a32213ba554",
              "parentUUID": "9508900a-a27f-4953-937a-8e140e7f9c78",
              "isHook": false,
              "skipped": false
            }
          ],
          "suites": [],
          "passes": [
            "00647a95-bd83-427f-9890-7b824204c2a5",
            "7584e1f7-9146-49a0-b54c-7b3067252918"
          ],
          "failures": [],
          "pending": [
            "feabf333-3615-429b-af6a-766aa39ee6b8",
            "7f4b2b3c-0759-4d10-b7d0-4c04624d8b05",
            "3cb53616-80ea-42bf-83d5-73449194ed19",
            "5bf90ce6-4e9f-468a-8609-fc0c4bdee638",
            "7846295c-c261-499f-8802-8a32213ba554"
          ],
          "skipped": [],
          "duration": 4708,
          "root": false,
          "rootEmpty": false,
          "_timeout": 2000
        },
        {
          "uuid": "fc53ccec-e239-4e62-920f-1aff94812ab3",
          "title": "Testes - Listar usuários Adm",
          "fullFile": "",
          "file": "",
          "beforeHooks": [],
          "afterHooks": [],
          "tests": [
            {
              "title": "valida página - listagem de usuários",
              "fullTitle": "Testes - Listar usuários Adm valida página - listagem de usuários",
              "timedOut": null,
              "duration": 0,
              "state": "pending",
              "speed": null,
              "pass": false,
              "fail": false,
              "pending": true,
              "context": null,
              "code": "",
              "err": {},
              "uuid": "6dc94a70-552d-4440-90f7-b46bda8a1b02",
              "parentUUID": "fc53ccec-e239-4e62-920f-1aff94812ab3",
              "isHook": false,
              "skipped": false
            }
          ],
          "suites": [],
          "passes": [],
          "failures": [],
          "pending": [
            "6dc94a70-552d-4440-90f7-b46bda8a1b02"
          ],
          "skipped": [],
          "duration": 0,
          "root": false,
          "rootEmpty": false,
          "_timeout": 2000
        },
        {
          "uuid": "819f2a27-1b1d-49dd-a625-33ac217d47e6",
          "title": "Testes - Listar usuários Adm",
          "fullFile": "",
          "file": "",
          "beforeHooks": [],
          "afterHooks": [],
          "tests": [
            {
              "title": "Teste excluir primeiro usuário",
              "fullTitle": "Testes - Listar usuários Adm Teste excluir primeiro usuário",
              "timedOut": null,
              "duration": 0,
              "state": "pending",
              "speed": null,
              "pass": false,
              "fail": false,
              "pending": true,
              "context": null,
              "code": "",
              "err": {},
              "uuid": "e89d3894-1b60-4e8b-8ef8-424690ce6736",
              "parentUUID": "819f2a27-1b1d-49dd-a625-33ac217d47e6",
              "isHook": false,
              "skipped": false
            }
          ],
          "suites": [],
          "passes": [],
          "failures": [],
          "pending": [
            "e89d3894-1b60-4e8b-8ef8-424690ce6736"
          ],
          "skipped": [],
          "duration": 0,
          "root": false,
          "rootEmpty": false,
          "_timeout": 2000
        }
      ],
      "passes": [],
      "failures": [],
      "pending": [],
      "skipped": [],
      "duration": 0,
      "root": true,
      "rootEmpty": true,
      "_timeout": 2000
    }
  ],
  "meta": {
    "mocha": {
      "version": "7.0.1"
    },
    "mochawesome": {
      "options": {
        "quiet": true,
        "reportFilename": "mochawesome",
        "saveHtml": false,
        "saveJson": true,
        "consoleReporter": "spec",
        "useInlineDiffs": false,
        "code": true
      },
      "version": "7.0.1"
    },
    "marge": {
      "options": {
        "id": "default",
        "reporterDir": "mochawesome-report",
        "quiet": true,
        "overwrite": false,
        "html": false,
        "json": true
      },
      "version": "6.0.1"
    }
  }
}