{
  "stats": {
    "suites": 3,
    "tests": 5,
    "passes": 2,
    "pending": 7,
    "failures": -4,
    "start": "2022-12-06T16:51:20.872Z",
    "end": "2022-12-06T16:51:25.668Z",
    "duration": 4796,
    "testsRegistered": 9,
    "passPercent": 100,
    "pendingPercent": 77.77777777777779,
    "other": 4,
    "hasOther": true,
    "skipped": 7,
    "hasSkipped": true
  },
  "results": [
    {
      "uuid": "b69ce19e-2437-4e3c-8538-86467d26f635",
      "title": "",
      "fullFile": "cypress/e2e/userAdm.cy.js",
      "file": "cypress/e2e/userAdm.cy.js",
      "beforeHooks": [],
      "afterHooks": [],
      "tests": [],
      "suites": [
        {
          "uuid": "8033de6b-ea4b-4860-b8c1-7efce5d2173a",
          "title": "Testes - Cadastro de usuário Adm",
          "fullFile": "",
          "file": "",
          "beforeHooks": [],
          "afterHooks": [],
          "tests": [
            {
              "title": "valida cadastro usuário adm sucesso",
              "fullTitle": "Testes - Cadastro de usuário Adm valida cadastro usuário adm sucesso",
              "timedOut": null,
              "duration": 2606,
              "state": "passed",
              "speed": "fast",
              "pass": true,
              "fail": false,
              "pending": false,
              "context": null,
              "code": "user.email = faker.internet.email();\ncy.createUserAdminAdm(user.name, user.email, user.password);\ncy.url().should('be.equal', `${baseUrl}admin/listarusuarios`);",
              "err": {},
              "uuid": "03c1eac3-056e-42e7-8aac-fd25739c26a7",
              "parentUUID": "8033de6b-ea4b-4860-b8c1-7efce5d2173a",
              "isHook": false,
              "skipped": false
            },
            {
              "title": "valida cadastro usuário sucesso",
              "fullTitle": "Testes - Cadastro de usuário Adm valida cadastro usuário sucesso",
              "timedOut": null,
              "duration": 1928,
              "state": "passed",
              "speed": "fast",
              "pass": true,
              "fail": false,
              "pending": false,
              "context": null,
              "code": "user.email = faker.internet.email();\ncy.createAdminUser(user.name, user.email, user.password);\ncy.url().should('be.equal', `${baseUrl}admin/listarusuarios`);",
              "err": {},
              "uuid": "b359bea0-3500-44a2-9d0d-a78b52a7d889",
              "parentUUID": "8033de6b-ea4b-4860-b8c1-7efce5d2173a",
              "isHook": false,
              "skipped": false
            },
            {
              "title": "valida cadastro sem senha",
              "fullTitle": "Testes - Cadastro de usuário Adm valida cadastro sem senha",
              "timedOut": null,
              "duration": 0,
              "state": "pending",
              "speed": null,
              "pass": false,
              "fail": false,
              "pending": false,
              "context": null,
              "code": "cy.get(nameSelector).type(user.name);\ncy.get(emailSelector).type(user.email);\ncy.get(btnCreateSelector).click();\ncy.contains(alertSelector, 'Password é obrigatório').should('be.visible');",
              "err": {},
              "uuid": "e80c8a17-3a9b-4456-b516-754429593fd4",
              "parentUUID": "8033de6b-ea4b-4860-b8c1-7efce5d2173a",
              "isHook": false,
              "skipped": true
            },
            {
              "title": "valida email invalido",
              "fullTitle": "Testes - Cadastro de usuário Adm valida email invalido",
              "timedOut": null,
              "duration": 0,
              "state": "pending",
              "speed": null,
              "pass": false,
              "fail": false,
              "pending": false,
              "context": null,
              "code": "cy.get(nameSelector).type(user.name);\ncy.get(emailSelector).type('m@m');\ncy.get(passwordSelector).type('teste');\ncy.get(btnCreateSelector).click();\ncy.contains(alertSelector, 'Email deve ser um email válido').should('be.visible');",
              "err": {},
              "uuid": "89db3656-3215-45aa-95d7-9b6f6c0c4406",
              "parentUUID": "8033de6b-ea4b-4860-b8c1-7efce5d2173a",
              "isHook": false,
              "skipped": true
            },
            {
              "title": "valida cadastro sem email",
              "fullTitle": "Testes - Cadastro de usuário Adm valida cadastro sem email",
              "timedOut": null,
              "duration": 0,
              "state": "pending",
              "speed": null,
              "pass": false,
              "fail": false,
              "pending": false,
              "context": null,
              "code": "cy.get(nameSelector).type(user.name);\ncy.get(passwordSelector).type('teste');\ncy.get(btnCreateSelector).click();\ncy.contains(alertSelector, 'Email é obrigatório').should('be.visible');",
              "err": {},
              "uuid": "23638f8f-7b08-4925-9b01-9f568948bd61",
              "parentUUID": "8033de6b-ea4b-4860-b8c1-7efce5d2173a",
              "isHook": false,
              "skipped": true
            },
            {
              "title": "valida sem nome",
              "fullTitle": "Testes - Cadastro de usuário Adm valida sem nome",
              "timedOut": null,
              "duration": 0,
              "state": "pending",
              "speed": null,
              "pass": false,
              "fail": false,
              "pending": false,
              "context": null,
              "code": "cy.get(emailSelector).type('misael@mailer.com');\ncy.get(passwordSelector).type('teste');\ncy.get(btnCreateSelector).click();\ncy.contains(alertSelector, 'Nome é obrigatório').should('be.visible');",
              "err": {},
              "uuid": "cce5a863-5da7-43bd-8ef5-5e2f5ef1b3de",
              "parentUUID": "8033de6b-ea4b-4860-b8c1-7efce5d2173a",
              "isHook": false,
              "skipped": true
            },
            {
              "title": "valida cadastro sem email, senha e nome",
              "fullTitle": "Testes - Cadastro de usuário Adm valida cadastro sem email, senha e nome",
              "timedOut": null,
              "duration": 0,
              "state": "pending",
              "speed": null,
              "pass": false,
              "fail": false,
              "pending": false,
              "context": null,
              "code": "cy.get(btnCreateSelector).click();\ncy.contains(alertSelector, 'Email é obrigatório').should('be.visible');\ncy.contains(alertSelector, 'Nome é obrigatório').should('be.visible');\ncy.contains(alertSelector, 'Password é obrigatório').should('be.visible');",
              "err": {},
              "uuid": "5870dacf-5423-4bea-b29e-8b78f33a40f2",
              "parentUUID": "8033de6b-ea4b-4860-b8c1-7efce5d2173a",
              "isHook": false,
              "skipped": true
            }
          ],
          "suites": [],
          "passes": [
            "03c1eac3-056e-42e7-8aac-fd25739c26a7",
            "b359bea0-3500-44a2-9d0d-a78b52a7d889"
          ],
          "failures": [],
          "pending": [],
          "skipped": [
            "e80c8a17-3a9b-4456-b516-754429593fd4",
            "89db3656-3215-45aa-95d7-9b6f6c0c4406",
            "23638f8f-7b08-4925-9b01-9f568948bd61",
            "cce5a863-5da7-43bd-8ef5-5e2f5ef1b3de",
            "5870dacf-5423-4bea-b29e-8b78f33a40f2"
          ],
          "duration": 4534,
          "root": false,
          "rootEmpty": false,
          "_timeout": 2000
        },
        {
          "uuid": "73545a53-70c1-47a8-a37d-1a9eb513f7c8",
          "title": "Testes - Listar usuários Adm",
          "fullFile": "",
          "file": "",
          "beforeHooks": [],
          "afterHooks": [],
          "tests": [
            {
              "title": "valida página - listagem de usuários",
              "fullTitle": "Testes - Listar usuários Adm valida página - listagem de usuários",
              "timedOut": null,
              "duration": 0,
              "state": "pending",
              "speed": null,
              "pass": false,
              "fail": false,
              "pending": false,
              "context": null,
              "code": "cy.contains('h1', 'Lista dos usuários').should('be.visible');\ncy.contains('thead > tr > :nth-child(1)', 'Nome').should('be.visible');\ncy.contains('thead > tr > :nth-child(2)', 'Email').should('be.visible');\ncy.contains('thead > tr > :nth-child(3)', 'Senha').should('be.visible');\ncy.contains('thead > tr > :nth-child(4)', 'Administrador').should('be.visible');\ncy.contains('thead > tr > :nth-child(5)', 'Ações').should('be.visible');\ncy.get(':nth-child(1) > :nth-child(5) > .row > .btn-info').should('be.visible');\ncy.get(':nth-child(4) > :nth-child(5) > .row > .btn-danger').should('be.visible');",
              "err": {},
              "uuid": "156485a5-5d6f-479d-95ac-b2782c9bb493",
              "parentUUID": "73545a53-70c1-47a8-a37d-1a9eb513f7c8",
              "isHook": false,
              "skipped": true
            }
          ],
          "suites": [],
          "passes": [],
          "failures": [],
          "pending": [],
          "skipped": [
            "156485a5-5d6f-479d-95ac-b2782c9bb493"
          ],
          "duration": 0,
          "root": false,
          "rootEmpty": false,
          "_timeout": 2000
        },
        {
          "uuid": "982a798a-0fce-4310-8092-c3933bee4dea",
          "title": "Testes - Listar usuários Adm",
          "fullFile": "",
          "file": "",
          "beforeHooks": [],
          "afterHooks": [],
          "tests": [
            {
              "title": "Teste excluir primeiro usuário",
              "fullTitle": "Testes - Listar usuários Adm Teste excluir primeiro usuário",
              "timedOut": null,
              "duration": 0,
              "state": "pending",
              "speed": null,
              "pass": false,
              "fail": false,
              "pending": false,
              "context": null,
              "code": "cy.get(':nth-child(4) > :nth-child(5) > .row > .btn-danger').click();\ncy.url().should('be.equal', `${baseUrl}admin/listarusuarios`); // não tem mensagem de exclusão de usuário",
              "err": {},
              "uuid": "80b62b70-8bc6-4f94-a281-440b2250483b",
              "parentUUID": "982a798a-0fce-4310-8092-c3933bee4dea",
              "isHook": false,
              "skipped": true
            }
          ],
          "suites": [],
          "passes": [],
          "failures": [],
          "pending": [],
          "skipped": [
            "80b62b70-8bc6-4f94-a281-440b2250483b"
          ],
          "duration": 0,
          "root": false,
          "rootEmpty": false,
          "_timeout": 2000
        }
      ],
      "passes": [],
      "failures": [],
      "pending": [],
      "skipped": [],
      "duration": 0,
      "root": true,
      "rootEmpty": true,
      "_timeout": 2000
    }
  ],
  "meta": {
    "mocha": {
      "version": "7.0.1"
    },
    "mochawesome": {
      "options": {
        "quiet": true,
        "reportFilename": "mochawesome",
        "saveHtml": false,
        "saveJson": true,
        "consoleReporter": "spec",
        "useInlineDiffs": false,
        "code": true
      },
      "version": "7.1.3"
    },
    "marge": {
      "options": {
        "id": "default",
        "reporterDir": "mochawesome-report",
        "quiet": true,
        "overwrite": false,
        "html": false,
        "json": true
      },
      "version": "6.2.0"
    }
  }
}