{
  "stats": {
    "suites": 2,
    "tests": 10,
    "passes": 10,
    "pending": 0,
    "failures": 0,
    "start": "2022-03-08T17:01:30.055Z",
    "end": "2022-03-08T17:01:49.552Z",
    "duration": 19497,
    "testsRegistered": 10,
    "passPercent": 100,
    "pendingPercent": 0,
    "other": 0,
    "hasOther": false,
    "skipped": 0,
    "hasSkipped": false
  },
  "results": [
    {
      "uuid": "28dabfcf-4387-4fdf-abde-558c75d36caa",
      "title": "",
      "fullFile": "cypress/integration/product.spec.js",
      "file": "cypress/integration/product.spec.js",
      "beforeHooks": [],
      "afterHooks": [],
      "tests": [],
      "suites": [
        {
          "uuid": "d64b1fb4-ea4c-4aa9-a63f-7ec776c79a62",
          "title": "Testes - Cadastro de produtos",
          "fullFile": "",
          "file": "",
          "beforeHooks": [],
          "afterHooks": [],
          "tests": [
            {
              "title": "valida página de cadastro",
              "fullTitle": "Testes - Cadastro de produtos valida página de cadastro",
              "timedOut": null,
              "duration": 1663,
              "state": "passed",
              "speed": "fast",
              "pass": true,
              "fail": false,
              "pending": false,
              "context": null,
              "code": "cy.contains('h1', 'Cadastro de Produtos').should('be.visible');",
              "err": {},
              "uuid": "8d565b25-2293-4b02-907e-145fbc1b05a2",
              "parentUUID": "d64b1fb4-ea4c-4aa9-a63f-7ec776c79a62",
              "isHook": false,
              "skipped": false
            },
            {
              "title": "Cadastrar produto com sucesso",
              "fullTitle": "Testes - Cadastro de produtos Cadastrar produto com sucesso",
              "timedOut": null,
              "duration": 3010,
              "state": "passed",
              "speed": "fast",
              "pass": true,
              "fail": false,
              "pending": false,
              "context": null,
              "code": "cy.get(imageSelector).attachFile('cy.png');\ncy.get(nameSelector).type(prod.nome);\ncy.get(descriptionSelector).type(prod.descricao);\ncy.get(priceSelector).type(prod.preco);\ncy.get(quantitySelector).type(prod.quantidade);\ncy.get(btnCreateSelector).click();\ncy.url().should('be.equal', `${baseUrl}admin/listarprodutos`);",
              "err": {},
              "uuid": "24a2c11b-5c18-4fca-91b0-647b6353f84a",
              "parentUUID": "d64b1fb4-ea4c-4aa9-a63f-7ec776c79a62",
              "isHook": false,
              "skipped": false
            },
            {
              "title": "Cadastrar produto sem nome",
              "fullTitle": "Testes - Cadastro de produtos Cadastrar produto sem nome",
              "timedOut": null,
              "duration": 2547,
              "state": "passed",
              "speed": "fast",
              "pass": true,
              "fail": false,
              "pending": false,
              "context": null,
              "code": "cy.get(descriptionSelector).type(prod.descricao);\ncy.get(priceSelector).type(prod.preco);\ncy.get(quantitySelector).type(prod.quantidade);\ncy.get(btnCreateSelector).click();\ncy.contains(alertSelector, 'Nome é obrigatório').should('be.visible');",
              "err": {},
              "uuid": "86105bea-93a0-4d84-9b3a-02d70ba9c76c",
              "parentUUID": "d64b1fb4-ea4c-4aa9-a63f-7ec776c79a62",
              "isHook": false,
              "skipped": false
            },
            {
              "title": "Cadastrar produto sem descrição",
              "fullTitle": "Testes - Cadastro de produtos Cadastrar produto sem descrição",
              "timedOut": null,
              "duration": 1690,
              "state": "passed",
              "speed": "fast",
              "pass": true,
              "fail": false,
              "pending": false,
              "context": null,
              "code": "cy.get(nameSelector).type(prod.nome);\ncy.get(priceSelector).type(prod.preco);\ncy.get(quantitySelector).type(prod.quantidade);\ncy.get(btnCreateSelector).click();\ncy.contains(alertSelector, 'Descricao é obrigatório').should('be.visible');",
              "err": {},
              "uuid": "4fc65a4f-00c8-47c7-9469-513a82de5be9",
              "parentUUID": "d64b1fb4-ea4c-4aa9-a63f-7ec776c79a62",
              "isHook": false,
              "skipped": false
            },
            {
              "title": "Cadastrar produto sem preço",
              "fullTitle": "Testes - Cadastro de produtos Cadastrar produto sem preço",
              "timedOut": null,
              "duration": 2186,
              "state": "passed",
              "speed": "fast",
              "pass": true,
              "fail": false,
              "pending": false,
              "context": null,
              "code": "cy.get(imageSelector).attachFile('cy.png');\ncy.get(nameSelector).type(prod.nome);\ncy.get(descriptionSelector).type(prod.descricao);\ncy.get(quantitySelector).type(prod.quantidade);\ncy.get(btnCreateSelector).click();\ncy.contains(alertSelector, 'Preco é obrigatório').should('be.visible');",
              "err": {},
              "uuid": "26a1b5e4-a0ea-472f-ad3b-46b816a3c5ee",
              "parentUUID": "d64b1fb4-ea4c-4aa9-a63f-7ec776c79a62",
              "isHook": false,
              "skipped": false
            },
            {
              "title": "Cadastrar produto tipo de preço incorreto",
              "fullTitle": "Testes - Cadastro de produtos Cadastrar produto tipo de preço incorreto",
              "timedOut": null,
              "duration": 2527,
              "state": "passed",
              "speed": "fast",
              "pass": true,
              "fail": false,
              "pending": false,
              "context": null,
              "code": "cy.get(imageSelector).attachFile('cy.png');\ncy.get(nameSelector).type(prod.nome);\ncy.get(descriptionSelector).type(prod.descricao);\ncy.get(priceSelector).type('a');\ncy.get(quantitySelector).type(prod.quantidade);\ncy.get(btnCreateSelector).click();\ncy.contains(alertSelector, 'Preco é obrigatório').should('be.visible');",
              "err": {},
              "uuid": "d3a41a03-eac6-4139-92e0-39c9b86f2261",
              "parentUUID": "d64b1fb4-ea4c-4aa9-a63f-7ec776c79a62",
              "isHook": false,
              "skipped": false
            },
            {
              "title": "Cadastrar produto sem quantidade",
              "fullTitle": "Testes - Cadastro de produtos Cadastrar produto sem quantidade",
              "timedOut": null,
              "duration": 2152,
              "state": "passed",
              "speed": "fast",
              "pass": true,
              "fail": false,
              "pending": false,
              "context": null,
              "code": "cy.get(imageSelector).attachFile('cy.png');\ncy.get(nameSelector).type(prod.nome);\ncy.get(descriptionSelector).type(prod.descricao);\ncy.get(priceSelector).type(prod.preco);\ncy.get(btnCreateSelector).click();\ncy.contains(alertSelector, 'Quantidade é obrigatório').should('be.visible');",
              "err": {},
              "uuid": "543b5f74-6cd0-4da6-be75-924c8b75d156",
              "parentUUID": "d64b1fb4-ea4c-4aa9-a63f-7ec776c79a62",
              "isHook": false,
              "skipped": false
            },
            {
              "title": "Cadastrar produtos - campos obrigatórios",
              "fullTitle": "Testes - Cadastro de produtos Cadastrar produtos - campos obrigatórios",
              "timedOut": null,
              "duration": 1137,
              "state": "passed",
              "speed": "fast",
              "pass": true,
              "fail": false,
              "pending": false,
              "context": null,
              "code": "cy.get(btnCreateSelector).click();\ncy.contains(alertSelector, 'Preco é obrigatório').should('be.visible');\ncy.contains(alertSelector, 'Quantidade é obrigatório').should('be.visible');\ncy.contains(alertSelector, 'Nome é obrigatório').should('be.visible');\ncy.contains(alertSelector, 'Descricao é obrigatório').should('be.visible');",
              "err": {},
              "uuid": "c785de6f-68a7-41f1-9de0-e1f1810bfcd7",
              "parentUUID": "d64b1fb4-ea4c-4aa9-a63f-7ec776c79a62",
              "isHook": false,
              "skipped": false
            }
          ],
          "suites": [],
          "passes": [
            "8d565b25-2293-4b02-907e-145fbc1b05a2",
            "24a2c11b-5c18-4fca-91b0-647b6353f84a",
            "86105bea-93a0-4d84-9b3a-02d70ba9c76c",
            "4fc65a4f-00c8-47c7-9469-513a82de5be9",
            "26a1b5e4-a0ea-472f-ad3b-46b816a3c5ee",
            "d3a41a03-eac6-4139-92e0-39c9b86f2261",
            "543b5f74-6cd0-4da6-be75-924c8b75d156",
            "c785de6f-68a7-41f1-9de0-e1f1810bfcd7"
          ],
          "failures": [],
          "pending": [],
          "skipped": [],
          "duration": 16912,
          "root": false,
          "rootEmpty": false,
          "_timeout": 2000
        },
        {
          "uuid": "69a12c9d-253d-4ce9-b534-1cb6e1f1a210",
          "title": "Testes - Excluir produtos",
          "fullFile": "",
          "file": "",
          "beforeHooks": [],
          "afterHooks": [],
          "tests": [
            {
              "title": "valida página de listagem",
              "fullTitle": "Testes - Excluir produtos valida página de listagem",
              "timedOut": null,
              "duration": 862,
              "state": "passed",
              "speed": "fast",
              "pass": true,
              "fail": false,
              "pending": false,
              "context": null,
              "code": "cy.contains('h1', 'Lista dos Produtos').should('be.visible');",
              "err": {},
              "uuid": "4f9fca55-9d0a-4c30-bae4-2d73a910e80b",
              "parentUUID": "69a12c9d-253d-4ce9-b534-1cb6e1f1a210",
              "isHook": false,
              "skipped": false
            },
            {
              "title": "excluir produto",
              "fullTitle": "Testes - Excluir produtos excluir produto",
              "timedOut": null,
              "duration": 1305,
              "state": "passed",
              "speed": "fast",
              "pass": true,
              "fail": false,
              "pending": false,
              "context": null,
              "code": "cy.get(':nth-child(1) > :nth-child(6) > .row > .btn-danger').click();",
              "err": {},
              "uuid": "83f2b44f-93cb-4da4-88f9-50947f9b29e7",
              "parentUUID": "69a12c9d-253d-4ce9-b534-1cb6e1f1a210",
              "isHook": false,
              "skipped": false
            }
          ],
          "suites": [],
          "passes": [
            "4f9fca55-9d0a-4c30-bae4-2d73a910e80b",
            "83f2b44f-93cb-4da4-88f9-50947f9b29e7"
          ],
          "failures": [],
          "pending": [],
          "skipped": [],
          "duration": 2167,
          "root": false,
          "rootEmpty": false,
          "_timeout": 2000
        }
      ],
      "passes": [],
      "failures": [],
      "pending": [],
      "skipped": [],
      "duration": 0,
      "root": true,
      "rootEmpty": true,
      "_timeout": 2000
    }
  ],
  "meta": {
    "mocha": {
      "version": "7.0.1"
    },
    "mochawesome": {
      "options": {
        "quiet": true,
        "reportFilename": "mochawesome",
        "saveHtml": false,
        "saveJson": true,
        "consoleReporter": "spec",
        "useInlineDiffs": false,
        "code": true
      },
      "version": "7.1.2"
    },
    "marge": {
      "options": {
        "id": "default",
        "reporterDir": "mochawesome-report",
        "quiet": true,
        "overwrite": false,
        "html": false,
        "json": true
      },
      "version": "6.1.1"
    }
  }
}