{
  "stats": {
    "suites": 3,
    "tests": 9,
    "passes": 9,
    "pending": 0,
    "failures": 0,
    "start": "2022-10-18T17:24:16.449Z",
    "end": "2022-10-18T17:24:31.225Z",
    "duration": 14776,
    "testsRegistered": 9,
    "passPercent": 100,
    "pendingPercent": 0,
    "other": 0,
    "hasOther": false,
    "skipped": 0,
    "hasSkipped": false
  },
  "results": [
    {
      "uuid": "714da00a-d104-4dd9-a9fc-8c15164e3979",
      "title": "",
      "fullFile": "cypress/e2e/userAdm.cy.js",
      "file": "cypress/e2e/userAdm.cy.js",
      "beforeHooks": [],
      "afterHooks": [],
      "tests": [],
      "suites": [
        {
          "uuid": "8d2e66ea-2573-4eae-9a15-21717e74a70d",
          "title": "Testes - Cadastro de usuário Adm",
          "fullFile": "",
          "file": "",
          "beforeHooks": [],
          "afterHooks": [],
          "tests": [
            {
              "title": "valida cadastro usuário adm sucesso",
              "fullTitle": "Testes - Cadastro de usuário Adm valida cadastro usuário adm sucesso",
              "timedOut": null,
              "duration": 2896,
              "state": "passed",
              "speed": "fast",
              "pass": true,
              "fail": false,
              "pending": false,
              "context": null,
              "code": "user.email = faker.internet.email();\ncy.createUserAdminAdm(user.name, user.email, user.password);\ncy.url().should('be.equal', `${baseUrl}admin/listarusuarios`);",
              "err": {},
              "uuid": "2ed1c6c1-94c6-487e-ad19-8e765f3668fa",
              "parentUUID": "8d2e66ea-2573-4eae-9a15-21717e74a70d",
              "isHook": false,
              "skipped": false
            },
            {
              "title": "valida cadastro usuário sucesso",
              "fullTitle": "Testes - Cadastro de usuário Adm valida cadastro usuário sucesso",
              "timedOut": null,
              "duration": 2219,
              "state": "passed",
              "speed": "fast",
              "pass": true,
              "fail": false,
              "pending": false,
              "context": null,
              "code": "user.email = faker.internet.email();\ncy.createAdminUser(user.name, user.email, user.password);\ncy.url().should('be.equal', `${baseUrl}admin/listarusuarios`);",
              "err": {},
              "uuid": "17618266-cf1b-4b2b-98c5-e9b62a0b557a",
              "parentUUID": "8d2e66ea-2573-4eae-9a15-21717e74a70d",
              "isHook": false,
              "skipped": false
            },
            {
              "title": "valida cadastro sem senha",
              "fullTitle": "Testes - Cadastro de usuário Adm valida cadastro sem senha",
              "timedOut": null,
              "duration": 1947,
              "state": "passed",
              "speed": "fast",
              "pass": true,
              "fail": false,
              "pending": false,
              "context": null,
              "code": "cy.get(nameSelector).type(user.name);\ncy.get(emailSelector).type(user.email);\ncy.get(btnCreateSelector).click();\ncy.contains(alertSelector, 'Password é obrigatório').should('be.visible');",
              "err": {},
              "uuid": "b37cb84d-e03e-4fa0-b644-33a26d09455d",
              "parentUUID": "8d2e66ea-2573-4eae-9a15-21717e74a70d",
              "isHook": false,
              "skipped": false
            },
            {
              "title": "valida email invalido",
              "fullTitle": "Testes - Cadastro de usuário Adm valida email invalido",
              "timedOut": null,
              "duration": 1577,
              "state": "passed",
              "speed": "fast",
              "pass": true,
              "fail": false,
              "pending": false,
              "context": null,
              "code": "cy.get(nameSelector).type(user.name);\ncy.get(emailSelector).type('m@m');\ncy.get(passwordSelector).type('teste');\ncy.get(btnCreateSelector).click();\ncy.contains(alertSelector, 'Email deve ser um email válido').should('be.visible');",
              "err": {},
              "uuid": "40ffee45-8550-45a5-a9e4-92481adcfc78",
              "parentUUID": "8d2e66ea-2573-4eae-9a15-21717e74a70d",
              "isHook": false,
              "skipped": false
            },
            {
              "title": "valida cadastro sem email",
              "fullTitle": "Testes - Cadastro de usuário Adm valida cadastro sem email",
              "timedOut": null,
              "duration": 1494,
              "state": "passed",
              "speed": "fast",
              "pass": true,
              "fail": false,
              "pending": false,
              "context": null,
              "code": "cy.get(nameSelector).type(user.name);\ncy.get(passwordSelector).type('teste');\ncy.get(btnCreateSelector).click();\ncy.contains(alertSelector, 'Email é obrigatório').should('be.visible');",
              "err": {},
              "uuid": "140db5c3-43eb-468b-8a79-a155506fd8f8",
              "parentUUID": "8d2e66ea-2573-4eae-9a15-21717e74a70d",
              "isHook": false,
              "skipped": false
            },
            {
              "title": "valida sem nome",
              "fullTitle": "Testes - Cadastro de usuário Adm valida sem nome",
              "timedOut": null,
              "duration": 1539,
              "state": "passed",
              "speed": "fast",
              "pass": true,
              "fail": false,
              "pending": false,
              "context": null,
              "code": "cy.get(emailSelector).type('misael@mailer.com');\ncy.get(passwordSelector).type('teste');\ncy.get(btnCreateSelector).click();\ncy.contains(alertSelector, 'Nome é obrigatório').should('be.visible');",
              "err": {},
              "uuid": "75fdea4c-ef39-4eec-a767-ca49838ef72b",
              "parentUUID": "8d2e66ea-2573-4eae-9a15-21717e74a70d",
              "isHook": false,
              "skipped": false
            },
            {
              "title": "valida cadastro sem email, senha e nome",
              "fullTitle": "Testes - Cadastro de usuário Adm valida cadastro sem email, senha e nome",
              "timedOut": null,
              "duration": 1001,
              "state": "passed",
              "speed": "fast",
              "pass": true,
              "fail": false,
              "pending": false,
              "context": null,
              "code": "cy.get(btnCreateSelector).click();\ncy.contains(alertSelector, 'Email é obrigatório').should('be.visible');\ncy.contains(alertSelector, 'Nome é obrigatório').should('be.visible');\ncy.contains(alertSelector, 'Password é obrigatório').should('be.visible');",
              "err": {},
              "uuid": "935f8d82-63f0-4fdf-8cc8-8372ba61aae2",
              "parentUUID": "8d2e66ea-2573-4eae-9a15-21717e74a70d",
              "isHook": false,
              "skipped": false
            }
          ],
          "suites": [],
          "passes": [
            "2ed1c6c1-94c6-487e-ad19-8e765f3668fa",
            "17618266-cf1b-4b2b-98c5-e9b62a0b557a",
            "b37cb84d-e03e-4fa0-b644-33a26d09455d",
            "40ffee45-8550-45a5-a9e4-92481adcfc78",
            "140db5c3-43eb-468b-8a79-a155506fd8f8",
            "75fdea4c-ef39-4eec-a767-ca49838ef72b",
            "935f8d82-63f0-4fdf-8cc8-8372ba61aae2"
          ],
          "failures": [],
          "pending": [],
          "skipped": [],
          "duration": 12673,
          "root": false,
          "rootEmpty": false,
          "_timeout": 2000
        },
        {
          "uuid": "454e5aef-0870-4da7-aba4-605604a7a092",
          "title": "Testes - Listar usuários Adm",
          "fullFile": "",
          "file": "",
          "beforeHooks": [],
          "afterHooks": [],
          "tests": [
            {
              "title": "valida página - listagem de usuários",
              "fullTitle": "Testes - Listar usuários Adm valida página - listagem de usuários",
              "timedOut": null,
              "duration": 1005,
              "state": "passed",
              "speed": "fast",
              "pass": true,
              "fail": false,
              "pending": false,
              "context": null,
              "code": "cy.contains('h1', 'Lista dos usuários').should('be.visible');\ncy.contains('thead > tr > :nth-child(1)', 'Nome').should('be.visible');\ncy.contains('thead > tr > :nth-child(2)', 'Email').should('be.visible');\ncy.contains('thead > tr > :nth-child(3)', 'Senha').should('be.visible');\ncy.contains('thead > tr > :nth-child(4)', 'Administrador').should('be.visible');\ncy.contains('thead > tr > :nth-child(5)', 'Ações').should('be.visible');\ncy.get(':nth-child(1) > :nth-child(5) > .row > .btn-info').should('be.visible');\ncy.get(':nth-child(4) > :nth-child(5) > .row > .btn-danger').should('be.visible');",
              "err": {},
              "uuid": "b0a4fdd3-0215-4f1d-8b32-2f9216be121e",
              "parentUUID": "454e5aef-0870-4da7-aba4-605604a7a092",
              "isHook": false,
              "skipped": false
            }
          ],
          "suites": [],
          "passes": [
            "b0a4fdd3-0215-4f1d-8b32-2f9216be121e"
          ],
          "failures": [],
          "pending": [],
          "skipped": [],
          "duration": 1005,
          "root": false,
          "rootEmpty": false,
          "_timeout": 2000
        },
        {
          "uuid": "3442b344-a0fe-4335-ba5f-c2d9b5367c36",
          "title": "Testes - Listar usuários Adm",
          "fullFile": "",
          "file": "",
          "beforeHooks": [],
          "afterHooks": [],
          "tests": [
            {
              "title": "Teste excluir primeiro usuário",
              "fullTitle": "Testes - Listar usuários Adm Teste excluir primeiro usuário",
              "timedOut": null,
              "duration": 865,
              "state": "passed",
              "speed": "fast",
              "pass": true,
              "fail": false,
              "pending": false,
              "context": null,
              "code": "cy.get(':nth-child(4) > :nth-child(5) > .row > .btn-danger').click();\ncy.url().should('be.equal', `${baseUrl}admin/listarusuarios`); // não tem mensagem de exclusão de usuário",
              "err": {},
              "uuid": "1efe08d1-033a-4a5a-b584-63119f4e35bc",
              "parentUUID": "3442b344-a0fe-4335-ba5f-c2d9b5367c36",
              "isHook": false,
              "skipped": false
            }
          ],
          "suites": [],
          "passes": [
            "1efe08d1-033a-4a5a-b584-63119f4e35bc"
          ],
          "failures": [],
          "pending": [],
          "skipped": [],
          "duration": 865,
          "root": false,
          "rootEmpty": false,
          "_timeout": 2000
        }
      ],
      "passes": [],
      "failures": [],
      "pending": [],
      "skipped": [],
      "duration": 0,
      "root": true,
      "rootEmpty": true,
      "_timeout": 2000
    }
  ],
  "meta": {
    "mocha": {
      "version": "7.0.1"
    },
    "mochawesome": {
      "options": {
        "quiet": true,
        "reportFilename": "mochawesome",
        "saveHtml": false,
        "saveJson": true,
        "consoleReporter": "spec",
        "useInlineDiffs": false,
        "code": true
      },
      "version": "7.1.3"
    },
    "marge": {
      "options": {
        "id": "default",
        "reporterDir": "mochawesome-report",
        "quiet": true,
        "overwrite": false,
        "html": false,
        "json": true
      },
      "version": "6.2.0"
    }
  }
}