{
  "stats": {
    "suites": 1,
    "tests": 3,
    "passes": 2,
    "pending": 5,
    "failures": -4,
    "start": "2022-11-22T16:56:15.078Z",
    "end": "2022-11-22T16:56:25.632Z",
    "duration": 10554,
    "testsRegistered": 7,
    "passPercent": 100,
    "pendingPercent": 71.42857142857143,
    "other": 4,
    "hasOther": true,
    "skipped": 5,
    "hasSkipped": true
  },
  "results": [
    {
      "uuid": "d4d5d807-6f7a-4e19-b36b-90b21cc29a67",
      "title": "",
      "fullFile": "cypress/e2e/user.cy.js",
      "file": "cypress/e2e/user.cy.js",
      "beforeHooks": [],
      "afterHooks": [],
      "tests": [],
      "suites": [
        {
          "uuid": "9a503f53-c51d-420d-bbeb-9524770683bd",
          "title": "Testes - Cadastro de usuário",
          "fullFile": "",
          "file": "",
          "beforeHooks": [],
          "afterHooks": [],
          "tests": [
            {
              "title": "valida cadastro usuário adm sucesso",
              "fullTitle": "Testes - Cadastro de usuário valida cadastro usuário adm sucesso",
              "timedOut": null,
              "duration": 5317,
              "state": "passed",
              "speed": "medium",
              "pass": true,
              "fail": false,
              "pending": false,
              "context": null,
              "code": "user.email = faker.internet.email();\ncy.createUserAdm(user.name, user.email, user.password);\ncy.contains(alertSelector, 'Cadastro realizado com sucesso').should('be.visible');\ncy.url().should('be.equal', `${baseUrl}admin/home`);",
              "err": {},
              "uuid": "5ee08def-2782-4dff-a73d-34270c3c308f",
              "parentUUID": "9a503f53-c51d-420d-bbeb-9524770683bd",
              "isHook": false,
              "skipped": false
            },
            {
              "title": "valida cadastro usuário sucesso",
              "fullTitle": "Testes - Cadastro de usuário valida cadastro usuário sucesso",
              "timedOut": null,
              "duration": 4955,
              "state": "passed",
              "speed": "fast",
              "pass": true,
              "fail": false,
              "pending": false,
              "context": null,
              "code": "user.email = faker.internet.email();\ncy.createUser(user.name, user.email, user.password);\ncy.contains(alertSelector, 'Cadastro realizado com sucesso').should('be.visible');\ncy.url().should('be.equal', `${baseUrl}home`);",
              "err": {},
              "uuid": "f1d6b371-9879-42cb-ace7-dd41c3484fc1",
              "parentUUID": "9a503f53-c51d-420d-bbeb-9524770683bd",
              "isHook": false,
              "skipped": false
            },
            {
              "title": "valida cadastro sem senha",
              "fullTitle": "Testes - Cadastro de usuário valida cadastro sem senha",
              "timedOut": null,
              "duration": 0,
              "state": "pending",
              "speed": null,
              "pass": false,
              "fail": false,
              "pending": false,
              "context": null,
              "code": "cy.get(nameSelector).type(user.name);\ncy.get(emailSelector).type(user.email);\ncy.get(btnCreateSelector).click();\ncy.contains(alertSelector, 'Password é obrigatório').should('be.visible');",
              "err": {},
              "uuid": "616bab6a-d838-4a6c-9ba3-9e45ca48d8da",
              "parentUUID": "9a503f53-c51d-420d-bbeb-9524770683bd",
              "isHook": false,
              "skipped": true
            },
            {
              "title": "valida email invalido",
              "fullTitle": "Testes - Cadastro de usuário valida email invalido",
              "timedOut": null,
              "duration": 0,
              "state": "pending",
              "speed": null,
              "pass": false,
              "fail": false,
              "pending": false,
              "context": null,
              "code": "cy.get(nameSelector).type('Maria');\ncy.get(emailSelector).type('m@m');\ncy.get(passwordSelector).type('teste');\ncy.get(btnCreateSelector).click();\ncy.contains(alertSelector, 'Email deve ser um email válido').should('be.visible');",
              "err": {},
              "uuid": "66aae46a-b47a-4b88-9643-09a5fa8d95d9",
              "parentUUID": "9a503f53-c51d-420d-bbeb-9524770683bd",
              "isHook": false,
              "skipped": true
            },
            {
              "title": "valida cadastro sem email",
              "fullTitle": "Testes - Cadastro de usuário valida cadastro sem email",
              "timedOut": null,
              "duration": 0,
              "state": "pending",
              "speed": null,
              "pass": false,
              "fail": false,
              "pending": false,
              "context": null,
              "code": "cy.get(nameSelector).type('Maria');\ncy.get(passwordSelector).type('teste');\ncy.get(btnCreateSelector).click();\ncy.contains(alertSelector, 'Email é obrigatório').should('be.visible');",
              "err": {},
              "uuid": "48a974bd-a9c6-4078-ad2a-937c922bd45f",
              "parentUUID": "9a503f53-c51d-420d-bbeb-9524770683bd",
              "isHook": false,
              "skipped": true
            },
            {
              "title": "valida sem nome",
              "fullTitle": "Testes - Cadastro de usuário valida sem nome",
              "timedOut": null,
              "duration": 0,
              "state": "pending",
              "speed": null,
              "pass": false,
              "fail": false,
              "pending": false,
              "context": null,
              "code": "cy.get(emailSelector).type('misael@email.com');\ncy.get(passwordSelector).type('teste');\ncy.get(btnCreateSelector).click();\ncy.contains(alertSelector, 'Nome é obrigatório').should('be.visible');",
              "err": {},
              "uuid": "4d101997-f640-4e38-bdb5-16ecfb65077c",
              "parentUUID": "9a503f53-c51d-420d-bbeb-9524770683bd",
              "isHook": false,
              "skipped": true
            },
            {
              "title": "valida cadastro sem email, senha e nome",
              "fullTitle": "Testes - Cadastro de usuário valida cadastro sem email, senha e nome",
              "timedOut": null,
              "duration": 0,
              "state": "pending",
              "speed": null,
              "pass": false,
              "fail": false,
              "pending": false,
              "context": null,
              "code": "cy.get(btnCreateSelector).click();\ncy.contains(alertSelector, 'Email é obrigatório').should('be.visible');\ncy.contains(alertSelector, 'Password é obrigatório').should('be.visible');\ncy.contains(alertSelector, 'Nome é obrigatório').should('be.visible');",
              "err": {},
              "uuid": "ddfe4f30-7aae-431b-aa50-beb0f6269930",
              "parentUUID": "9a503f53-c51d-420d-bbeb-9524770683bd",
              "isHook": false,
              "skipped": true
            }
          ],
          "suites": [],
          "passes": [
            "5ee08def-2782-4dff-a73d-34270c3c308f",
            "f1d6b371-9879-42cb-ace7-dd41c3484fc1"
          ],
          "failures": [],
          "pending": [],
          "skipped": [
            "616bab6a-d838-4a6c-9ba3-9e45ca48d8da",
            "66aae46a-b47a-4b88-9643-09a5fa8d95d9",
            "48a974bd-a9c6-4078-ad2a-937c922bd45f",
            "4d101997-f640-4e38-bdb5-16ecfb65077c",
            "ddfe4f30-7aae-431b-aa50-beb0f6269930"
          ],
          "duration": 10272,
          "root": false,
          "rootEmpty": false,
          "_timeout": 2000
        }
      ],
      "passes": [],
      "failures": [],
      "pending": [],
      "skipped": [],
      "duration": 0,
      "root": true,
      "rootEmpty": true,
      "_timeout": 2000
    }
  ],
  "meta": {
    "mocha": {
      "version": "7.0.1"
    },
    "mochawesome": {
      "options": {
        "quiet": true,
        "reportFilename": "mochawesome",
        "saveHtml": false,
        "saveJson": true,
        "consoleReporter": "spec",
        "useInlineDiffs": false,
        "code": true
      },
      "version": "7.1.3"
    },
    "marge": {
      "options": {
        "id": "default",
        "reporterDir": "mochawesome-report",
        "quiet": true,
        "overwrite": false,
        "html": false,
        "json": true
      },
      "version": "6.2.0"
    }
  }
}