{
  "stats": {
    "suites": 1,
    "tests": 7,
    "passes": 7,
    "pending": 0,
    "failures": 0,
    "start": "2022-01-11T17:11:44.823Z",
    "end": "2022-01-11T17:12:02.538Z",
    "duration": 17715,
    "testsRegistered": 7,
    "passPercent": 100,
    "pendingPercent": 0,
    "other": 0,
    "hasOther": false,
    "skipped": 0,
    "hasSkipped": false
  },
  "results": [
    {
      "uuid": "46aaddd3-b808-44cf-8704-61c2d3f7a182",
      "title": "",
      "fullFile": "cypress/integration/user.spec.js",
      "file": "cypress/integration/user.spec.js",
      "beforeHooks": [],
      "afterHooks": [],
      "tests": [],
      "suites": [
        {
          "uuid": "5ad9b61d-8a0e-42dd-82f9-38b504e50cdd",
          "title": "Testes - Cadastro de usuário",
          "fullFile": "",
          "file": "",
          "beforeHooks": [],
          "afterHooks": [],
          "tests": [
            {
              "title": "valida cadastro usuário adm sucesso",
              "fullTitle": "Testes - Cadastro de usuário valida cadastro usuário adm sucesso",
              "timedOut": null,
              "duration": 6387,
              "state": "passed",
              "speed": "medium",
              "pass": true,
              "fail": false,
              "pending": false,
              "context": null,
              "code": "user.email = faker.internet.email();\ncy.createUserAdm(user.name, user.email, user.password);\ncy.contains(alertSelector, 'Cadastro realizado com sucesso').should('be.visible');\ncy.url().should('be.equal', `${baseUrl}admin/home`);",
              "err": {},
              "uuid": "557c4d65-135b-4fca-a980-df693d35c038",
              "parentUUID": "5ad9b61d-8a0e-42dd-82f9-38b504e50cdd",
              "isHook": false,
              "skipped": false
            },
            {
              "title": "valida cadastro usuário sucesso",
              "fullTitle": "Testes - Cadastro de usuário valida cadastro usuário sucesso",
              "timedOut": null,
              "duration": 5017,
              "state": "passed",
              "speed": "medium",
              "pass": true,
              "fail": false,
              "pending": false,
              "context": null,
              "code": "user.email = faker.internet.email();\ncy.createUser(user.name, user.email, user.password);\ncy.contains(alertSelector, 'Cadastro realizado com sucesso').should('be.visible');\ncy.url().should('be.equal', `${baseUrl}home`);",
              "err": {},
              "uuid": "6b4c343a-bbe7-4fc5-888e-68bae953030a",
              "parentUUID": "5ad9b61d-8a0e-42dd-82f9-38b504e50cdd",
              "isHook": false,
              "skipped": false
            },
            {
              "title": "valida cadastro sem senha",
              "fullTitle": "Testes - Cadastro de usuário valida cadastro sem senha",
              "timedOut": null,
              "duration": 1494,
              "state": "passed",
              "speed": "fast",
              "pass": true,
              "fail": false,
              "pending": false,
              "context": null,
              "code": "cy.get(nameSelector).type(user.name);\ncy.get(emailSelector).type(user.email);\ncy.get(btnCreateSelector).click();\ncy.contains(alertSelector, 'Password é obrigatório').should('be.visible');",
              "err": {},
              "uuid": "08625597-aaa3-47bf-9f5d-03297cf21df6",
              "parentUUID": "5ad9b61d-8a0e-42dd-82f9-38b504e50cdd",
              "isHook": false,
              "skipped": false
            },
            {
              "title": "valida email invalido",
              "fullTitle": "Testes - Cadastro de usuário valida email invalido",
              "timedOut": null,
              "duration": 1593,
              "state": "passed",
              "speed": "fast",
              "pass": true,
              "fail": false,
              "pending": false,
              "context": null,
              "code": "cy.get(nameSelector).type('Maria');\ncy.get(emailSelector).type('m@m');\ncy.get(passwordSelector).type('teste');\ncy.get(btnCreateSelector).click();\ncy.contains(alertSelector, 'Email deve ser um email válido').should('be.visible');",
              "err": {},
              "uuid": "b8074f4e-d974-44fa-8817-16fa529c3de5",
              "parentUUID": "5ad9b61d-8a0e-42dd-82f9-38b504e50cdd",
              "isHook": false,
              "skipped": false
            },
            {
              "title": "valida cadastro sem email",
              "fullTitle": "Testes - Cadastro de usuário valida cadastro sem email",
              "timedOut": null,
              "duration": 1080,
              "state": "passed",
              "speed": "fast",
              "pass": true,
              "fail": false,
              "pending": false,
              "context": null,
              "code": "cy.get(nameSelector).type('Maria');\ncy.get(passwordSelector).type('teste');\ncy.get(btnCreateSelector).click();\ncy.contains(alertSelector, 'Email é obrigatório').should('be.visible');",
              "err": {},
              "uuid": "07945488-a618-4e0c-8881-df7af36284aa",
              "parentUUID": "5ad9b61d-8a0e-42dd-82f9-38b504e50cdd",
              "isHook": false,
              "skipped": false
            },
            {
              "title": "valida sem nome",
              "fullTitle": "Testes - Cadastro de usuário valida sem nome",
              "timedOut": null,
              "duration": 1224,
              "state": "passed",
              "speed": "fast",
              "pass": true,
              "fail": false,
              "pending": false,
              "context": null,
              "code": "cy.get(emailSelector).type('misael@email.com');\ncy.get(passwordSelector).type('teste');\ncy.get(btnCreateSelector).click();\ncy.contains(alertSelector, 'Nome é obrigatório').should('be.visible');",
              "err": {},
              "uuid": "d06e6d53-bef7-4d47-a2ab-3b40ca123405",
              "parentUUID": "5ad9b61d-8a0e-42dd-82f9-38b504e50cdd",
              "isHook": false,
              "skipped": false
            },
            {
              "title": "valida cadastro sem email, senha e nome",
              "fullTitle": "Testes - Cadastro de usuário valida cadastro sem email, senha e nome",
              "timedOut": null,
              "duration": 670,
              "state": "passed",
              "speed": "fast",
              "pass": true,
              "fail": false,
              "pending": false,
              "context": null,
              "code": "cy.get(btnCreateSelector).click();\ncy.contains(alertSelector, 'Email é obrigatório').should('be.visible');\ncy.contains(alertSelector, 'Password é obrigatório').should('be.visible');\ncy.contains(alertSelector, 'Nome é obrigatório').should('be.visible');",
              "err": {},
              "uuid": "383fedf3-585c-4d8e-8c85-8ffd5025349b",
              "parentUUID": "5ad9b61d-8a0e-42dd-82f9-38b504e50cdd",
              "isHook": false,
              "skipped": false
            }
          ],
          "suites": [],
          "passes": [
            "557c4d65-135b-4fca-a980-df693d35c038",
            "6b4c343a-bbe7-4fc5-888e-68bae953030a",
            "08625597-aaa3-47bf-9f5d-03297cf21df6",
            "b8074f4e-d974-44fa-8817-16fa529c3de5",
            "07945488-a618-4e0c-8881-df7af36284aa",
            "d06e6d53-bef7-4d47-a2ab-3b40ca123405",
            "383fedf3-585c-4d8e-8c85-8ffd5025349b"
          ],
          "failures": [],
          "pending": [],
          "skipped": [],
          "duration": 17465,
          "root": false,
          "rootEmpty": false,
          "_timeout": 2000
        }
      ],
      "passes": [],
      "failures": [],
      "pending": [],
      "skipped": [],
      "duration": 0,
      "root": true,
      "rootEmpty": true,
      "_timeout": 2000
    }
  ],
  "meta": {
    "mocha": {
      "version": "7.0.1"
    },
    "mochawesome": {
      "options": {
        "quiet": true,
        "reportFilename": "mochawesome",
        "saveHtml": false,
        "saveJson": true,
        "consoleReporter": "spec",
        "useInlineDiffs": false,
        "code": true
      },
      "version": "7.0.1"
    },
    "marge": {
      "options": {
        "id": "default",
        "reporterDir": "mochawesome-report",
        "quiet": true,
        "overwrite": false,
        "html": false,
        "json": true
      },
      "version": "6.0.1"
    }
  }
}