{
  "stats": {
    "suites": 2,
    "tests": 21,
    "passes": 21,
    "pending": 0,
    "failures": 0,
    "start": "2022-01-18T17:07:35.824Z",
    "end": "2022-01-18T17:07:58.413Z",
    "duration": 22589,
    "testsRegistered": 21,
    "passPercent": 100,
    "pendingPercent": 0,
    "other": 0,
    "hasOther": false,
    "skipped": 0,
    "hasSkipped": false
  },
  "results": [
    {
      "uuid": "62c0041e-9b3c-4f05-82c0-ec2661ea26c1",
      "title": "",
      "fullFile": "cypress/integration/home.spec.js",
      "file": "cypress/integration/home.spec.js",
      "beforeHooks": [],
      "afterHooks": [],
      "tests": [],
      "suites": [
        {
          "uuid": "aa99f9cd-fd84-49c8-81f9-b2396d2560ce",
          "title": "Testes Home - Adm",
          "fullFile": "",
          "file": "",
          "beforeHooks": [],
          "afterHooks": [],
          "tests": [
            {
              "title": "valida home - Adm",
              "fullTitle": "Testes Home - Adm valida home - Adm",
              "timedOut": null,
              "duration": 1933,
              "state": "passed",
              "speed": "fast",
              "pass": true,
              "fail": false,
              "pending": false,
              "context": null,
              "code": "cy.get('.imagem').should('be.visible');",
              "err": {},
              "uuid": "c9dd7d1c-3ef2-449e-9a26-0945dfe1ba55",
              "parentUUID": "aa99f9cd-fd84-49c8-81f9-b2396d2560ce",
              "isHook": false,
              "skipped": false
            },
            {
              "title": "Cadastrar usuário - btn",
              "fullTitle": "Testes Home - Adm Cadastrar usuário - btn",
              "timedOut": null,
              "duration": 839,
              "state": "passed",
              "speed": "fast",
              "pass": true,
              "fail": false,
              "pending": false,
              "context": null,
              "code": "cy.get('[data-testid=cadastrarUsuarios]').click();\ncy.url().should('be.equal', `${baseUrl}admin/cadastrarusuarios`);",
              "err": {},
              "uuid": "350be618-9784-4d60-b556-727a31ba39de",
              "parentUUID": "aa99f9cd-fd84-49c8-81f9-b2396d2560ce",
              "isHook": false,
              "skipped": false
            },
            {
              "title": "Cadastrar usuário - btn menu",
              "fullTitle": "Testes Home - Adm Cadastrar usuário - btn menu",
              "timedOut": null,
              "duration": 850,
              "state": "passed",
              "speed": "fast",
              "pass": true,
              "fail": false,
              "pending": false,
              "context": null,
              "code": "cy.get('[data-testid=cadastrar-usuarios]').click();\ncy.url().should('be.equal', `${baseUrl}admin/cadastrarusuarios`);",
              "err": {},
              "uuid": "e86809db-cd4c-4dff-96b3-568139c2317e",
              "parentUUID": "aa99f9cd-fd84-49c8-81f9-b2396d2560ce",
              "isHook": false,
              "skipped": false
            },
            {
              "title": "Listar usuário - btn",
              "fullTitle": "Testes Home - Adm Listar usuário - btn",
              "timedOut": null,
              "duration": 1732,
              "state": "passed",
              "speed": "fast",
              "pass": true,
              "fail": false,
              "pending": false,
              "context": null,
              "code": "cy.get('[data-testid=listarUsuarios]').click();\ncy.url().should('be.equal', `${baseUrl}admin/listarusuarios`);",
              "err": {},
              "uuid": "8b21a6de-e731-4c71-a722-c9ccaeece3f8",
              "parentUUID": "aa99f9cd-fd84-49c8-81f9-b2396d2560ce",
              "isHook": false,
              "skipped": false
            },
            {
              "title": "Listar usuário - btn menu",
              "fullTitle": "Testes Home - Adm Listar usuário - btn menu",
              "timedOut": null,
              "duration": 899,
              "state": "passed",
              "speed": "fast",
              "pass": true,
              "fail": false,
              "pending": false,
              "context": null,
              "code": "cy.get('[data-testid=listar-usuarios]').click();\ncy.url().should('be.equal', `${baseUrl}admin/listarusuarios`);",
              "err": {},
              "uuid": "07a8d935-b2e7-4272-ab47-d4ec34159ac2",
              "parentUUID": "aa99f9cd-fd84-49c8-81f9-b2396d2560ce",
              "isHook": false,
              "skipped": false
            },
            {
              "title": "Cadastrar produto - btn",
              "fullTitle": "Testes Home - Adm Cadastrar produto - btn",
              "timedOut": null,
              "duration": 889,
              "state": "passed",
              "speed": "fast",
              "pass": true,
              "fail": false,
              "pending": false,
              "context": null,
              "code": "cy.get('[data-testid=cadastrarProdutos]').click();\ncy.url().should('be.equal', `${baseUrl}admin/cadastrarprodutos`);",
              "err": {},
              "uuid": "19444c8a-cca9-4fb0-992f-2d17e39c3a8a",
              "parentUUID": "aa99f9cd-fd84-49c8-81f9-b2396d2560ce",
              "isHook": false,
              "skipped": false
            },
            {
              "title": "Cadastrar produto - btn menu",
              "fullTitle": "Testes Home - Adm Cadastrar produto - btn menu",
              "timedOut": null,
              "duration": 890,
              "state": "passed",
              "speed": "fast",
              "pass": true,
              "fail": false,
              "pending": false,
              "context": null,
              "code": "cy.get('[data-testid=cadastrar-produtos]').click();\ncy.url().should('be.equal', `${baseUrl}admin/cadastrarprodutos`);",
              "err": {},
              "uuid": "916f1ba4-54b2-4e54-bac4-c22135fa1bd7",
              "parentUUID": "aa99f9cd-fd84-49c8-81f9-b2396d2560ce",
              "isHook": false,
              "skipped": false
            },
            {
              "title": "Listar produto - btn",
              "fullTitle": "Testes Home - Adm Listar produto - btn",
              "timedOut": null,
              "duration": 764,
              "state": "passed",
              "speed": "fast",
              "pass": true,
              "fail": false,
              "pending": false,
              "context": null,
              "code": "cy.get('[data-testid=listarProdutos]').click();\ncy.url().should('be.equal', `${baseUrl}admin/listarprodutos`);",
              "err": {},
              "uuid": "8118c5f9-71e0-4a36-a430-31d4f8369f66",
              "parentUUID": "aa99f9cd-fd84-49c8-81f9-b2396d2560ce",
              "isHook": false,
              "skipped": false
            },
            {
              "title": "Listar produto - btn menu",
              "fullTitle": "Testes Home - Adm Listar produto - btn menu",
              "timedOut": null,
              "duration": 924,
              "state": "passed",
              "speed": "fast",
              "pass": true,
              "fail": false,
              "pending": false,
              "context": null,
              "code": "cy.get('[data-testid=listar-produtos]').click();\ncy.url().should('be.equal', `${baseUrl}admin/listarprodutos`);",
              "err": {},
              "uuid": "0cb1be9d-ca2e-4637-b99c-bc220e58fc9a",
              "parentUUID": "aa99f9cd-fd84-49c8-81f9-b2396d2560ce",
              "isHook": false,
              "skipped": false
            },
            {
              "title": "Listar relatório - btn",
              "fullTitle": "Testes Home - Adm Listar relatório - btn",
              "timedOut": null,
              "duration": 814,
              "state": "passed",
              "speed": "fast",
              "pass": true,
              "fail": false,
              "pending": false,
              "context": null,
              "code": "cy.get('[data-testid=relatorios]').click();\ncy.url().should('be.equal', `${baseUrl}admin/relatorios`);",
              "err": {},
              "uuid": "0abae4e2-7dfb-46c1-b06e-197553598641",
              "parentUUID": "aa99f9cd-fd84-49c8-81f9-b2396d2560ce",
              "isHook": false,
              "skipped": false
            },
            {
              "title": "Listar produto - btn menu",
              "fullTitle": "Testes Home - Adm Listar produto - btn menu",
              "timedOut": null,
              "duration": 1130,
              "state": "passed",
              "speed": "fast",
              "pass": true,
              "fail": false,
              "pending": false,
              "context": null,
              "code": "cy.get('[data-testid=link-relatorios]').click();\ncy.url().should('be.equal', `${baseUrl}admin/relatorios`);",
              "err": {},
              "uuid": "b4b67dc8-2290-48f1-888b-0e61beda3e1c",
              "parentUUID": "aa99f9cd-fd84-49c8-81f9-b2396d2560ce",
              "isHook": false,
              "skipped": false
            },
            {
              "title": "Valida texto",
              "fullTitle": "Testes Home - Adm Valida texto",
              "timedOut": null,
              "duration": 732,
              "state": "passed",
              "speed": "fast",
              "pass": true,
              "fail": false,
              "pending": false,
              "context": null,
              "code": "cy.get('.lead').should('have.text', 'Este é seu sistema para administrar seu ecommerce.');",
              "err": {},
              "uuid": "9e2963ad-f31a-4c1b-8d95-a7843312d5f6",
              "parentUUID": "aa99f9cd-fd84-49c8-81f9-b2396d2560ce",
              "isHook": false,
              "skipped": false
            },
            {
              "title": "Home",
              "fullTitle": "Testes Home - Adm Home",
              "timedOut": null,
              "duration": 926,
              "state": "passed",
              "speed": "fast",
              "pass": true,
              "fail": false,
              "pending": false,
              "context": null,
              "code": "cy.get('[data-testid=link-relatorios]').click();\ncy.get('[data-testid=home]').click();\ncy.url().should('be.equal', `${baseUrl}admin/home`);",
              "err": {},
              "uuid": "e1d68b94-06c8-48b2-9891-e3c4f6bf25bf",
              "parentUUID": "aa99f9cd-fd84-49c8-81f9-b2396d2560ce",
              "isHook": false,
              "skipped": false
            },
            {
              "title": "Logout",
              "fullTitle": "Testes Home - Adm Logout",
              "timedOut": null,
              "duration": 874,
              "state": "passed",
              "speed": "fast",
              "pass": true,
              "fail": false,
              "pending": false,
              "context": null,
              "code": "cy.get('[data-testid=logout]').click();\ncy.url().should('be.equal', `${baseUrl}login`);",
              "err": {},
              "uuid": "eb138b50-b8d8-4f1a-b508-88576cd41cef",
              "parentUUID": "aa99f9cd-fd84-49c8-81f9-b2396d2560ce",
              "isHook": false,
              "skipped": false
            }
          ],
          "suites": [],
          "passes": [
            "c9dd7d1c-3ef2-449e-9a26-0945dfe1ba55",
            "350be618-9784-4d60-b556-727a31ba39de",
            "e86809db-cd4c-4dff-96b3-568139c2317e",
            "8b21a6de-e731-4c71-a722-c9ccaeece3f8",
            "07a8d935-b2e7-4272-ab47-d4ec34159ac2",
            "19444c8a-cca9-4fb0-992f-2d17e39c3a8a",
            "916f1ba4-54b2-4e54-bac4-c22135fa1bd7",
            "8118c5f9-71e0-4a36-a430-31d4f8369f66",
            "0cb1be9d-ca2e-4637-b99c-bc220e58fc9a",
            "0abae4e2-7dfb-46c1-b06e-197553598641",
            "b4b67dc8-2290-48f1-888b-0e61beda3e1c",
            "9e2963ad-f31a-4c1b-8d95-a7843312d5f6",
            "e1d68b94-06c8-48b2-9891-e3c4f6bf25bf",
            "eb138b50-b8d8-4f1a-b508-88576cd41cef"
          ],
          "failures": [],
          "pending": [],
          "skipped": [],
          "duration": 14196,
          "root": false,
          "rootEmpty": false,
          "_timeout": 2000
        },
        {
          "uuid": "39de31fc-9afd-4f55-9467-a23f196e2b2e",
          "title": "Testes Home - User",
          "fullFile": "",
          "file": "",
          "beforeHooks": [],
          "afterHooks": [],
          "tests": [
            {
              "title": "valida home user",
              "fullTitle": "Testes Home - User valida home user",
              "timedOut": null,
              "duration": 760,
              "state": "passed",
              "speed": "fast",
              "pass": true,
              "fail": false,
              "pending": false,
              "context": null,
              "code": "cy.url().should('be.equal', `${baseUrl}home`);\ncy.get('#navbarTogglerDemo01 > .imagem').should('be.visible');",
              "err": {},
              "uuid": "7d5b076b-7e25-4a03-b6dc-1548ec9bf9dd",
              "parentUUID": "39de31fc-9afd-4f55-9467-a23f196e2b2e",
              "isHook": false,
              "skipped": false
            },
            {
              "title": "Listar carrinho",
              "fullTitle": "Testes Home - User Listar carrinho",
              "timedOut": null,
              "duration": 1121,
              "state": "passed",
              "speed": "fast",
              "pass": true,
              "fail": false,
              "pending": false,
              "context": null,
              "code": "cy.get('[data-testid=carrinho]').click();\ncy.url().should('be.equal', `${baseUrl}carrinho`);",
              "err": {},
              "uuid": "c48ddd6a-f294-4700-8aa3-4e1f23372f30",
              "parentUUID": "39de31fc-9afd-4f55-9467-a23f196e2b2e",
              "isHook": false,
              "skipped": false
            },
            {
              "title": "Home",
              "fullTitle": "Testes Home - User Home",
              "timedOut": null,
              "duration": 969,
              "state": "passed",
              "speed": "fast",
              "pass": true,
              "fail": false,
              "pending": false,
              "context": null,
              "code": "cy.get('[data-testid=carrinho]').should('be.visible');\ncy.get('[data-testid=home]').click();\ncy.url().should('be.equal', `${baseUrl}home`);",
              "err": {},
              "uuid": "96fdaf31-7585-403c-ba48-042cc249b672",
              "parentUUID": "39de31fc-9afd-4f55-9467-a23f196e2b2e",
              "isHook": false,
              "skipped": false
            },
            {
              "title": "Lista de compra",
              "fullTitle": "Testes Home - User Lista de compra",
              "timedOut": null,
              "duration": 1016,
              "state": "passed",
              "speed": "fast",
              "pass": true,
              "fail": false,
              "pending": false,
              "context": null,
              "code": "cy.get('[data-testid=lista-de-compras]').click();\ncy.url().should('be.equal', `${baseUrl}minhaListaDeProdutos`);",
              "err": {},
              "uuid": "c8e5d88f-3308-4cf3-95fd-fb1ecefefbab",
              "parentUUID": "39de31fc-9afd-4f55-9467-a23f196e2b2e",
              "isHook": false,
              "skipped": false
            },
            {
              "title": "Logout",
              "fullTitle": "Testes Home - User Logout",
              "timedOut": null,
              "duration": 953,
              "state": "passed",
              "speed": "fast",
              "pass": true,
              "fail": false,
              "pending": false,
              "context": null,
              "code": "cy.get('[data-testid=logout]').click();\ncy.url().should('be.equal', `${baseUrl}login`);",
              "err": {},
              "uuid": "bda6b7ce-4fd5-44c8-b471-ed63ae39dfd6",
              "parentUUID": "39de31fc-9afd-4f55-9467-a23f196e2b2e",
              "isHook": false,
              "skipped": false
            },
            {
              "title": "Pesquisando produtos",
              "fullTitle": "Testes Home - User Pesquisando produtos",
              "timedOut": null,
              "duration": 1810,
              "state": "passed",
              "speed": "fast",
              "pass": true,
              "fail": false,
              "pending": false,
              "context": null,
              "code": "cy.createProduct();\ncy.get('[data-testid=pesquisar]').type('Teste Zael Uai');\ncy.get('[data-testid=botaoPesquisar]').click();\ncy.get('.card').should('be.visible');",
              "err": {},
              "uuid": "45659f88-8da5-4d63-970d-5fc8fe9204c9",
              "parentUUID": "39de31fc-9afd-4f55-9467-a23f196e2b2e",
              "isHook": false,
              "skipped": false
            },
            {
              "title": "Pesquisando produto inexistente",
              "fullTitle": "Testes Home - User Pesquisando produto inexistente",
              "timedOut": null,
              "duration": 1361,
              "state": "passed",
              "speed": "fast",
              "pass": true,
              "fail": false,
              "pending": false,
              "context": null,
              "code": "cy.get('[data-testid=pesquisar]').type('ok obrigado');\ncy.get('[data-testid=botaoPesquisar]').click();\ncy.contains('.espacamento > .col-12 > .row', 'Nenhum produto foi encontrado').should('be.visible');",
              "err": {},
              "uuid": "4de83bf3-fe3f-4f15-8de5-62b886fece82",
              "parentUUID": "39de31fc-9afd-4f55-9467-a23f196e2b2e",
              "isHook": false,
              "skipped": false
            }
          ],
          "suites": [],
          "passes": [
            "7d5b076b-7e25-4a03-b6dc-1548ec9bf9dd",
            "c48ddd6a-f294-4700-8aa3-4e1f23372f30",
            "96fdaf31-7585-403c-ba48-042cc249b672",
            "c8e5d88f-3308-4cf3-95fd-fb1ecefefbab",
            "bda6b7ce-4fd5-44c8-b471-ed63ae39dfd6",
            "45659f88-8da5-4d63-970d-5fc8fe9204c9",
            "4de83bf3-fe3f-4f15-8de5-62b886fece82"
          ],
          "failures": [],
          "pending": [],
          "skipped": [],
          "duration": 7990,
          "root": false,
          "rootEmpty": false,
          "_timeout": 2000
        }
      ],
      "passes": [],
      "failures": [],
      "pending": [],
      "skipped": [],
      "duration": 0,
      "root": true,
      "rootEmpty": true,
      "_timeout": 2000
    }
  ],
  "meta": {
    "mocha": {
      "version": "7.0.1"
    },
    "mochawesome": {
      "options": {
        "quiet": true,
        "reportFilename": "mochawesome",
        "saveHtml": false,
        "saveJson": true,
        "consoleReporter": "spec",
        "useInlineDiffs": false,
        "code": true
      },
      "version": "7.0.1"
    },
    "marge": {
      "options": {
        "id": "default",
        "reporterDir": "mochawesome-report",
        "quiet": true,
        "overwrite": false,
        "html": false,
        "json": true
      },
      "version": "6.0.1"
    }
  }
}