{
  "stats": {
    "suites": 2,
    "tests": 4,
    "passes": 2,
    "pending": 19,
    "failures": -17,
    "start": "2023-02-21T16:47:27.092Z",
    "end": "2023-02-21T16:47:36.204Z",
    "duration": 9112,
    "testsRegistered": 21,
    "passPercent": 100,
    "pendingPercent": 90.47619047619048,
    "other": 17,
    "hasOther": true,
    "skipped": 19,
    "hasSkipped": true
  },
  "results": [
    {
      "uuid": "a3fa522a-50b2-4b18-a836-ed2e975dc83e",
      "title": "",
      "fullFile": "cypress/e2e/home.cy.js",
      "file": "cypress/e2e/home.cy.js",
      "beforeHooks": [],
      "afterHooks": [],
      "tests": [],
      "suites": [
        {
          "uuid": "77ccb550-7cda-499d-8008-2f1a1d5afa93",
          "title": "Testes Home - Adm",
          "fullFile": "",
          "file": "",
          "beforeHooks": [],
          "afterHooks": [],
          "tests": [
            {
              "title": "valida home - Adm",
              "fullTitle": "Testes Home - Adm valida home - Adm",
              "timedOut": null,
              "duration": 7790,
              "state": "passed",
              "speed": "medium",
              "pass": true,
              "fail": false,
              "pending": false,
              "context": null,
              "code": "cy.get('.imagem').should('be.visible');",
              "err": {},
              "uuid": "a032158c-8622-4403-808c-c981ca714329",
              "parentUUID": "77ccb550-7cda-499d-8008-2f1a1d5afa93",
              "isHook": false,
              "skipped": false
            },
            {
              "title": "Cadastrar usuário - btn",
              "fullTitle": "Testes Home - Adm Cadastrar usuário - btn",
              "timedOut": null,
              "duration": 0,
              "state": "pending",
              "speed": null,
              "pass": false,
              "fail": false,
              "pending": false,
              "context": null,
              "code": "cy.get('[data-testid=cadastrarUsuarios]').click();\ncy.url().should('be.equal', `${baseUrl}admin/cadastrarusuarios`);",
              "err": {},
              "uuid": "35f5b842-284d-4983-9e33-5fe8416f859d",
              "parentUUID": "77ccb550-7cda-499d-8008-2f1a1d5afa93",
              "isHook": false,
              "skipped": true
            },
            {
              "title": "Cadastrar usuário - btn menu",
              "fullTitle": "Testes Home - Adm Cadastrar usuário - btn menu",
              "timedOut": null,
              "duration": 0,
              "state": "pending",
              "speed": null,
              "pass": false,
              "fail": false,
              "pending": false,
              "context": null,
              "code": "cy.get('[data-testid=cadastrar-usuarios]').click();\ncy.url().should('be.equal', `${baseUrl}admin/cadastrarusuarios`);",
              "err": {},
              "uuid": "cd0f4768-c738-4b4a-958f-564a3d292c62",
              "parentUUID": "77ccb550-7cda-499d-8008-2f1a1d5afa93",
              "isHook": false,
              "skipped": true
            },
            {
              "title": "Listar usuário - btn",
              "fullTitle": "Testes Home - Adm Listar usuário - btn",
              "timedOut": null,
              "duration": 0,
              "state": "pending",
              "speed": null,
              "pass": false,
              "fail": false,
              "pending": false,
              "context": null,
              "code": "cy.get('[data-testid=listarUsuarios]').click();\ncy.url().should('be.equal', `${baseUrl}admin/listarusuarios`);",
              "err": {},
              "uuid": "7c055fab-38bf-4a44-9bf9-02b3e243a5ae",
              "parentUUID": "77ccb550-7cda-499d-8008-2f1a1d5afa93",
              "isHook": false,
              "skipped": true
            },
            {
              "title": "Listar usuário - btn menu",
              "fullTitle": "Testes Home - Adm Listar usuário - btn menu",
              "timedOut": null,
              "duration": 0,
              "state": "pending",
              "speed": null,
              "pass": false,
              "fail": false,
              "pending": false,
              "context": null,
              "code": "cy.get('[data-testid=listar-usuarios]').click();\ncy.url().should('be.equal', `${baseUrl}admin/listarusuarios`);",
              "err": {},
              "uuid": "50457ec2-d72d-4050-b2bc-4811fba43589",
              "parentUUID": "77ccb550-7cda-499d-8008-2f1a1d5afa93",
              "isHook": false,
              "skipped": true
            },
            {
              "title": "Cadastrar produto - btn",
              "fullTitle": "Testes Home - Adm Cadastrar produto - btn",
              "timedOut": null,
              "duration": 0,
              "state": "pending",
              "speed": null,
              "pass": false,
              "fail": false,
              "pending": false,
              "context": null,
              "code": "cy.get('[data-testid=cadastrarProdutos]').click();\ncy.url().should('be.equal', `${baseUrl}admin/cadastrarprodutos`);",
              "err": {},
              "uuid": "fed19949-1fd1-4331-877a-35bc1ddba7a0",
              "parentUUID": "77ccb550-7cda-499d-8008-2f1a1d5afa93",
              "isHook": false,
              "skipped": true
            },
            {
              "title": "Cadastrar produto - btn menu",
              "fullTitle": "Testes Home - Adm Cadastrar produto - btn menu",
              "timedOut": null,
              "duration": 0,
              "state": "pending",
              "speed": null,
              "pass": false,
              "fail": false,
              "pending": false,
              "context": null,
              "code": "cy.get('[data-testid=cadastrar-produtos]').click();\ncy.url().should('be.equal', `${baseUrl}admin/cadastrarprodutos`);",
              "err": {},
              "uuid": "640cf2ba-1558-45f5-b292-b6287638251f",
              "parentUUID": "77ccb550-7cda-499d-8008-2f1a1d5afa93",
              "isHook": false,
              "skipped": true
            },
            {
              "title": "Listar produto - btn",
              "fullTitle": "Testes Home - Adm Listar produto - btn",
              "timedOut": null,
              "duration": 0,
              "state": "pending",
              "speed": null,
              "pass": false,
              "fail": false,
              "pending": false,
              "context": null,
              "code": "cy.get('[data-testid=listarProdutos]').click();\ncy.url().should('be.equal', `${baseUrl}admin/listarprodutos`);",
              "err": {},
              "uuid": "9f13b75b-6aec-40f4-b31b-99b58327aac1",
              "parentUUID": "77ccb550-7cda-499d-8008-2f1a1d5afa93",
              "isHook": false,
              "skipped": true
            },
            {
              "title": "Listar produto - btn menu",
              "fullTitle": "Testes Home - Adm Listar produto - btn menu",
              "timedOut": null,
              "duration": 0,
              "state": "pending",
              "speed": null,
              "pass": false,
              "fail": false,
              "pending": false,
              "context": null,
              "code": "cy.get('[data-testid=listar-produtos]').click();\ncy.url().should('be.equal', `${baseUrl}admin/listarprodutos`);",
              "err": {},
              "uuid": "7677b4c1-a4ad-4628-80d3-18a245b7f86b",
              "parentUUID": "77ccb550-7cda-499d-8008-2f1a1d5afa93",
              "isHook": false,
              "skipped": true
            },
            {
              "title": "Listar relatório - btn",
              "fullTitle": "Testes Home - Adm Listar relatório - btn",
              "timedOut": null,
              "duration": 0,
              "state": "pending",
              "speed": null,
              "pass": false,
              "fail": false,
              "pending": false,
              "context": null,
              "code": "cy.get('[data-testid=relatorios]').click();\ncy.url().should('be.equal', `${baseUrl}admin/relatorios`);",
              "err": {},
              "uuid": "96b7a1d4-7ff2-4fca-9567-dbb0e701ccfb",
              "parentUUID": "77ccb550-7cda-499d-8008-2f1a1d5afa93",
              "isHook": false,
              "skipped": true
            },
            {
              "title": "Listar produto - btn menu",
              "fullTitle": "Testes Home - Adm Listar produto - btn menu",
              "timedOut": null,
              "duration": 0,
              "state": "pending",
              "speed": null,
              "pass": false,
              "fail": false,
              "pending": false,
              "context": null,
              "code": "cy.get('[data-testid=link-relatorios]').click();\ncy.url().should('be.equal', `${baseUrl}admin/relatorios`);",
              "err": {},
              "uuid": "6ea82ba4-6dab-4107-9ee8-f8d0810f5a22",
              "parentUUID": "77ccb550-7cda-499d-8008-2f1a1d5afa93",
              "isHook": false,
              "skipped": true
            },
            {
              "title": "Valida texto",
              "fullTitle": "Testes Home - Adm Valida texto",
              "timedOut": null,
              "duration": 0,
              "state": "pending",
              "speed": null,
              "pass": false,
              "fail": false,
              "pending": false,
              "context": null,
              "code": "cy.get('.lead').should('have.text', 'Este é seu sistema para administrar seu ecommerce.');",
              "err": {},
              "uuid": "2892f9fe-9462-4178-837d-0a50eea51ab6",
              "parentUUID": "77ccb550-7cda-499d-8008-2f1a1d5afa93",
              "isHook": false,
              "skipped": true
            },
            {
              "title": "Home",
              "fullTitle": "Testes Home - Adm Home",
              "timedOut": null,
              "duration": 0,
              "state": "pending",
              "speed": null,
              "pass": false,
              "fail": false,
              "pending": false,
              "context": null,
              "code": "cy.get('[data-testid=link-relatorios]').click();\ncy.get('[data-testid=home]').click();\ncy.url().should('be.equal', `${baseUrl}admin/home`);",
              "err": {},
              "uuid": "b10bc81d-1822-4942-bb3d-9b31e68e5d4f",
              "parentUUID": "77ccb550-7cda-499d-8008-2f1a1d5afa93",
              "isHook": false,
              "skipped": true
            },
            {
              "title": "Logout",
              "fullTitle": "Testes Home - Adm Logout",
              "timedOut": null,
              "duration": 0,
              "state": "pending",
              "speed": null,
              "pass": false,
              "fail": false,
              "pending": false,
              "context": null,
              "code": "cy.get('[data-testid=logout]').click();\ncy.url().should('be.equal', `${baseUrl}login`);",
              "err": {},
              "uuid": "4046c83b-5953-4abb-948b-8751e19b1e89",
              "parentUUID": "77ccb550-7cda-499d-8008-2f1a1d5afa93",
              "isHook": false,
              "skipped": true
            }
          ],
          "suites": [],
          "passes": [
            "a032158c-8622-4403-808c-c981ca714329"
          ],
          "failures": [],
          "pending": [],
          "skipped": [
            "35f5b842-284d-4983-9e33-5fe8416f859d",
            "cd0f4768-c738-4b4a-958f-564a3d292c62",
            "7c055fab-38bf-4a44-9bf9-02b3e243a5ae",
            "50457ec2-d72d-4050-b2bc-4811fba43589",
            "fed19949-1fd1-4331-877a-35bc1ddba7a0",
            "640cf2ba-1558-45f5-b292-b6287638251f",
            "9f13b75b-6aec-40f4-b31b-99b58327aac1",
            "7677b4c1-a4ad-4628-80d3-18a245b7f86b",
            "96b7a1d4-7ff2-4fca-9567-dbb0e701ccfb",
            "6ea82ba4-6dab-4107-9ee8-f8d0810f5a22",
            "2892f9fe-9462-4178-837d-0a50eea51ab6",
            "b10bc81d-1822-4942-bb3d-9b31e68e5d4f",
            "4046c83b-5953-4abb-948b-8751e19b1e89"
          ],
          "duration": 7790,
          "root": false,
          "rootEmpty": false,
          "_timeout": 2000
        },
        {
          "uuid": "776f3891-d061-4f83-a1a6-7b7675804208",
          "title": "Testes Home - User",
          "fullFile": "",
          "file": "",
          "beforeHooks": [],
          "afterHooks": [],
          "tests": [
            {
              "title": "valida home user",
              "fullTitle": "Testes Home - User valida home user",
              "timedOut": null,
              "duration": 985,
              "state": "passed",
              "speed": "fast",
              "pass": true,
              "fail": false,
              "pending": false,
              "context": null,
              "code": "cy.url().should('be.equal', `${baseUrl}home`);\ncy.get('#navbarTogglerDemo01 > .imagem').should('be.visible');",
              "err": {},
              "uuid": "ee96a0c7-d520-4b73-a4c8-7d21d1ff29c6",
              "parentUUID": "776f3891-d061-4f83-a1a6-7b7675804208",
              "isHook": false,
              "skipped": false
            },
            {
              "title": "Listar carrinho",
              "fullTitle": "Testes Home - User Listar carrinho",
              "timedOut": null,
              "duration": 0,
              "state": "pending",
              "speed": null,
              "pass": false,
              "fail": false,
              "pending": false,
              "context": null,
              "code": "cy.get('[data-testid=carrinho]').click();\ncy.url().should('be.equal', `${baseUrl}carrinho`);",
              "err": {},
              "uuid": "13a84dd0-3995-4b47-81f4-506e359cf8af",
              "parentUUID": "776f3891-d061-4f83-a1a6-7b7675804208",
              "isHook": false,
              "skipped": true
            },
            {
              "title": "Home",
              "fullTitle": "Testes Home - User Home",
              "timedOut": null,
              "duration": 0,
              "state": "pending",
              "speed": null,
              "pass": false,
              "fail": false,
              "pending": false,
              "context": null,
              "code": "cy.get('[data-testid=carrinho]').should('be.visible');\ncy.get('[data-testid=home]').click();\ncy.url().should('be.equal', `${baseUrl}home`);",
              "err": {},
              "uuid": "db36b8e5-25be-4e49-905d-45c3d5727b6c",
              "parentUUID": "776f3891-d061-4f83-a1a6-7b7675804208",
              "isHook": false,
              "skipped": true
            },
            {
              "title": "Lista de compra",
              "fullTitle": "Testes Home - User Lista de compra",
              "timedOut": null,
              "duration": 0,
              "state": "pending",
              "speed": null,
              "pass": false,
              "fail": false,
              "pending": false,
              "context": null,
              "code": "cy.get('[data-testid=lista-de-compras]').click();\ncy.url().should('be.equal', `${baseUrl}minhaListaDeProdutos`);",
              "err": {},
              "uuid": "f122e252-a327-40b6-ba81-004fd75f12d8",
              "parentUUID": "776f3891-d061-4f83-a1a6-7b7675804208",
              "isHook": false,
              "skipped": true
            },
            {
              "title": "Logout",
              "fullTitle": "Testes Home - User Logout",
              "timedOut": null,
              "duration": 0,
              "state": "pending",
              "speed": null,
              "pass": false,
              "fail": false,
              "pending": false,
              "context": null,
              "code": "cy.get('[data-testid=logout]').click();\ncy.url().should('be.equal', `${baseUrl}login`);",
              "err": {},
              "uuid": "36300bf4-19f1-4ec9-969f-12ce4a62a06f",
              "parentUUID": "776f3891-d061-4f83-a1a6-7b7675804208",
              "isHook": false,
              "skipped": true
            },
            {
              "title": "Pesquisando produtos",
              "fullTitle": "Testes Home - User Pesquisando produtos",
              "timedOut": null,
              "duration": 0,
              "state": "pending",
              "speed": null,
              "pass": false,
              "fail": false,
              "pending": false,
              "context": null,
              "code": "cy.createProduct();\ncy.get('[data-testid=pesquisar]').type('Teste Zael Uai');\ncy.get('[data-testid=botaoPesquisar]').click();\ncy.get('.card').should('be.visible');",
              "err": {},
              "uuid": "18f3f118-5e0d-4b01-ac40-8f52666f7099",
              "parentUUID": "776f3891-d061-4f83-a1a6-7b7675804208",
              "isHook": false,
              "skipped": true
            },
            {
              "title": "Pesquisando produto inexistente",
              "fullTitle": "Testes Home - User Pesquisando produto inexistente",
              "timedOut": null,
              "duration": 0,
              "state": "pending",
              "speed": null,
              "pass": false,
              "fail": false,
              "pending": false,
              "context": null,
              "code": "cy.get('[data-testid=pesquisar]').type('ok obrigado');\ncy.get('[data-testid=botaoPesquisar]').click();\ncy.contains('.espacamento > .col-12 > .row', 'Nenhum produto foi encontrado').should('be.visible');",
              "err": {},
              "uuid": "b7f90e6d-0635-4fa1-8757-e0c9e354ab07",
              "parentUUID": "776f3891-d061-4f83-a1a6-7b7675804208",
              "isHook": false,
              "skipped": true
            }
          ],
          "suites": [],
          "passes": [
            "ee96a0c7-d520-4b73-a4c8-7d21d1ff29c6"
          ],
          "failures": [],
          "pending": [],
          "skipped": [
            "13a84dd0-3995-4b47-81f4-506e359cf8af",
            "db36b8e5-25be-4e49-905d-45c3d5727b6c",
            "f122e252-a327-40b6-ba81-004fd75f12d8",
            "36300bf4-19f1-4ec9-969f-12ce4a62a06f",
            "18f3f118-5e0d-4b01-ac40-8f52666f7099",
            "b7f90e6d-0635-4fa1-8757-e0c9e354ab07"
          ],
          "duration": 985,
          "root": false,
          "rootEmpty": false,
          "_timeout": 2000
        }
      ],
      "passes": [],
      "failures": [],
      "pending": [],
      "skipped": [],
      "duration": 0,
      "root": true,
      "rootEmpty": true,
      "_timeout": 2000
    }
  ],
  "meta": {
    "mocha": {
      "version": "7.0.1"
    },
    "mochawesome": {
      "options": {
        "quiet": true,
        "reportFilename": "mochawesome",
        "saveHtml": false,
        "saveJson": true,
        "consoleReporter": "spec",
        "useInlineDiffs": false,
        "code": true
      },
      "version": "7.1.3"
    },
    "marge": {
      "options": {
        "id": "default",
        "reporterDir": "mochawesome-report",
        "quiet": true,
        "overwrite": false,
        "html": false,
        "json": true
      },
      "version": "6.2.0"
    }
  }
}