{
  "stats": {
    "suites": 2,
    "tests": 8,
    "passes": 8,
    "pending": 0,
    "failures": 0,
    "start": "2023-08-15T16:41:08.365Z",
    "end": "2023-08-15T16:41:20.461Z",
    "duration": 12096,
    "testsRegistered": 8,
    "passPercent": 100,
    "pendingPercent": 0,
    "other": 0,
    "hasOther": false,
    "skipped": 0,
    "hasSkipped": false
  },
  "results": [
    {
      "uuid": "182ac6a2-2d01-4937-a909-2cbd5291393a",
      "title": "",
      "fullFile": "cypress/e2e/listShopping.cy.js",
      "file": "cypress/e2e/listShopping.cy.js",
      "beforeHooks": [],
      "afterHooks": [],
      "tests": [],
      "suites": [
        {
          "uuid": "914c8e82-55df-4ef3-8020-e4940f567412",
          "title": "Testes - Acessar lista de compra",
          "fullFile": "",
          "file": "",
          "beforeHooks": [],
          "afterHooks": [],
          "tests": [
            {
              "title": "Valida lista de compra",
              "fullTitle": "Testes - Acessar lista de compra Valida lista de compra",
              "timedOut": null,
              "duration": 1063,
              "state": "passed",
              "speed": "fast",
              "pass": true,
              "fail": false,
              "pending": false,
              "context": null,
              "code": "cy.contains('h1', 'Lista de Compras').should('be.visible');\ncy.get('[data-testid=shopping-cart-empty-message]').should('have.text', 'Seu carrinho está vazio');",
              "err": {},
              "uuid": "a2670c5e-79d2-4af6-b656-215faf2c9dcb",
              "parentUUID": "914c8e82-55df-4ef3-8020-e4940f567412",
              "isHook": false,
              "skipped": false
            },
            {
              "title": "Voltar para a home",
              "fullTitle": "Testes - Acessar lista de compra Voltar para a home",
              "timedOut": null,
              "duration": 623,
              "state": "passed",
              "speed": "fast",
              "pass": true,
              "fail": false,
              "pending": false,
              "context": null,
              "code": "cy.get('[data-testid=paginaInicial]').click();\ncy.url().should('be.equal', `${baseUrl}home`);",
              "err": {},
              "uuid": "75da9776-323c-4cfb-ab52-55fd0ba68084",
              "parentUUID": "914c8e82-55df-4ef3-8020-e4940f567412",
              "isHook": false,
              "skipped": false
            }
          ],
          "suites": [],
          "passes": [
            "a2670c5e-79d2-4af6-b656-215faf2c9dcb",
            "75da9776-323c-4cfb-ab52-55fd0ba68084"
          ],
          "failures": [],
          "pending": [],
          "skipped": [],
          "duration": 1686,
          "root": false,
          "rootEmpty": false,
          "_timeout": 2000
        },
        {
          "uuid": "cddc19e4-a9f2-4933-86d5-6501092d3e4a",
          "title": "Testes - Acessar lista de compra com produto",
          "fullFile": "",
          "file": "",
          "beforeHooks": [],
          "afterHooks": [],
          "tests": [
            {
              "title": "Valida detalhes produto - voltar",
              "fullTitle": "Testes - Acessar lista de compra com produto Valida detalhes produto - voltar",
              "timedOut": null,
              "duration": 1777,
              "state": "passed",
              "speed": "fast",
              "pass": true,
              "fail": false,
              "pending": false,
              "context": null,
              "code": "cy.get(btnCarSelecto).click();\ncy.contains('h1', 'Detalhes do produto').should('be.visible');\ncy.get('[data-testid=product-detail-name]').should('have.text', 'Teste Zael Uai');\ncy.get('[data-testid=voltarHome]').click();\ncy.url().should('be.equal', `${baseUrl}home`);",
              "err": {},
              "uuid": "bfeb8c6b-6381-42f7-9764-3b195490a90f",
              "parentUUID": "cddc19e4-a9f2-4933-86d5-6501092d3e4a",
              "isHook": false,
              "skipped": false
            },
            {
              "title": "Valida detalhes produto - adicionar lista",
              "fullTitle": "Testes - Acessar lista de compra com produto Valida detalhes produto - adicionar lista",
              "timedOut": null,
              "duration": 1825,
              "state": "passed",
              "speed": "fast",
              "pass": true,
              "fail": false,
              "pending": false,
              "context": null,
              "code": "cy.get(btnCarSelecto).click();\ncy.contains('h1', 'Detalhes do produto').should('be.visible');\ncy.get('[data-testid=product-detail-name]').should('have.text', 'Teste Zael Uai');\ncy.get('[data-testid=adicionarNaLista]').click();\ncy.url().should('be.equal', `${baseUrl}minhaListaDeProdutos`);\ncy.get('[data-testid=limparLista]').click();\ncy.contains('[data-testid=shopping-cart-empty-message]', 'Seu carrinho está vazio').should('be.visible');",
              "err": {},
              "uuid": "3fb0b970-a7b5-47bc-baf0-388c1310eaa7",
              "parentUUID": "cddc19e4-a9f2-4933-86d5-6501092d3e4a",
              "isHook": false,
              "skipped": false
            },
            {
              "title": "Valida detalhes produto - adicionar lista e carrinho",
              "fullTitle": "Testes - Acessar lista de compra com produto Valida detalhes produto - adicionar lista e carrinho",
              "timedOut": null,
              "duration": 1721,
              "state": "passed",
              "speed": "fast",
              "pass": true,
              "fail": false,
              "pending": false,
              "context": null,
              "code": "cy.get(btnCarSelecto).click();\ncy.contains('h1', 'Detalhes do produto').should('be.visible');\ncy.get('[data-testid=product-detail-name]').should('have.text', 'Teste Zael Uai');\ncy.get('[data-testid=adicionarNaLista]').click();\ncy.get('[data-testid=\"adicionar carrinho\"]').click();\ncy.contains('h1', 'Em construção aguarde').should('be.visible');",
              "err": {},
              "uuid": "e57189a0-d2b8-489c-855c-b3bd8fa40517",
              "parentUUID": "cddc19e4-a9f2-4933-86d5-6501092d3e4a",
              "isHook": false,
              "skipped": false
            },
            {
              "title": "Valida detalhes produto - Adicionar produtos",
              "fullTitle": "Testes - Acessar lista de compra com produto Valida detalhes produto - Adicionar produtos",
              "timedOut": null,
              "duration": 1690,
              "state": "passed",
              "speed": "fast",
              "pass": true,
              "fail": false,
              "pending": false,
              "context": null,
              "code": "cy.get(btnCarSelecto).click();\ncy.contains('h1', 'Detalhes do produto').should('be.visible');\ncy.get('[data-testid=product-detail-name]').should('have.text', 'Teste Zael Uai');\ncy.get('[data-testid=adicionarNaLista]').click();\ncy.get('[data-testid=product-increase-quantity]').click();\ncy.get('.row > :nth-child(3)').should('have.text', 2);",
              "err": {},
              "uuid": "d12e7b4f-303f-47ed-99ea-e75bc1ffa333",
              "parentUUID": "cddc19e4-a9f2-4933-86d5-6501092d3e4a",
              "isHook": false,
              "skipped": false
            },
            {
              "title": "Valida detalhes produto - Remover produtos",
              "fullTitle": "Testes - Acessar lista de compra com produto Valida detalhes produto - Remover produtos",
              "timedOut": null,
              "duration": 1834,
              "state": "passed",
              "speed": "fast",
              "pass": true,
              "fail": false,
              "pending": false,
              "context": null,
              "code": "cy.get(btnCarSelecto).click();\ncy.contains('h1', 'Detalhes do produto').should('be.visible');\ncy.get('[data-testid=product-detail-name]').should('have.text', 'Teste Zael Uai');\ncy.get('[data-testid=adicionarNaLista]').click();\ncy.get('[data-testid=product-increase-quantity]').click();\ncy.get('.row > :nth-child(3)').should('have.text', 2);\ncy.get('[data-testid=product-decrease-quantity]').click();\ncy.get('.row > :nth-child(3)').should('have.text', 1);",
              "err": {},
              "uuid": "201a3fc5-6fbc-46fc-9ba8-72f0418b1e3b",
              "parentUUID": "cddc19e4-a9f2-4933-86d5-6501092d3e4a",
              "isHook": false,
              "skipped": false
            },
            {
              "title": "Valida detalhes produto - Adicionar Lista",
              "fullTitle": "Testes - Acessar lista de compra com produto Valida detalhes produto - Adicionar Lista",
              "timedOut": null,
              "duration": 1362,
              "state": "passed",
              "speed": "fast",
              "pass": true,
              "fail": false,
              "pending": false,
              "context": null,
              "code": "cy.get('[data-testid=adicionarNaLista]').click();\ncy.url().should('be.equal', `${baseUrl}minhaListaDeProdutos`);",
              "err": {},
              "uuid": "c4aa6977-24c9-48cc-85a9-a6d0a8daca4e",
              "parentUUID": "cddc19e4-a9f2-4933-86d5-6501092d3e4a",
              "isHook": false,
              "skipped": false
            }
          ],
          "suites": [],
          "passes": [
            "bfeb8c6b-6381-42f7-9764-3b195490a90f",
            "3fb0b970-a7b5-47bc-baf0-388c1310eaa7",
            "e57189a0-d2b8-489c-855c-b3bd8fa40517",
            "d12e7b4f-303f-47ed-99ea-e75bc1ffa333",
            "201a3fc5-6fbc-46fc-9ba8-72f0418b1e3b",
            "c4aa6977-24c9-48cc-85a9-a6d0a8daca4e"
          ],
          "failures": [],
          "pending": [],
          "skipped": [],
          "duration": 10209,
          "root": false,
          "rootEmpty": false,
          "_timeout": 2000
        }
      ],
      "passes": [],
      "failures": [],
      "pending": [],
      "skipped": [],
      "duration": 0,
      "root": true,
      "rootEmpty": true,
      "_timeout": 2000
    }
  ],
  "meta": {
    "mocha": {
      "version": "7.0.1"
    },
    "mochawesome": {
      "options": {
        "quiet": true,
        "reportFilename": "mochawesome",
        "saveHtml": false,
        "saveJson": true,
        "consoleReporter": "spec",
        "useInlineDiffs": false,
        "code": true
      },
      "version": "7.1.3"
    },
    "marge": {
      "options": {
        "id": "default",
        "reporterDir": "mochawesome-report",
        "quiet": true,
        "overwrite": false,
        "html": false,
        "json": true
      },
      "version": "6.2.0"
    }
  }
}