{
  "stats": {
    "suites": 1,
    "tests": 3,
    "passes": 2,
    "pending": 5,
    "failures": -4,
    "start": "2022-08-02T17:04:45.188Z",
    "end": "2022-08-02T17:04:55.590Z",
    "duration": 10402,
    "testsRegistered": 7,
    "passPercent": 100,
    "pendingPercent": 71.42857142857143,
    "other": 4,
    "hasOther": true,
    "skipped": 0,
    "hasSkipped": false
  },
  "results": [
    {
      "uuid": "d1f66c8a-f897-4359-8f73-cdf264d015b9",
      "title": "",
      "fullFile": "cypress/e2e/user.cy.js",
      "file": "cypress/e2e/user.cy.js",
      "beforeHooks": [],
      "afterHooks": [],
      "tests": [],
      "suites": [
        {
          "uuid": "eba094db-d4c0-4961-b2d0-f3efcf026811",
          "title": "Testes - Cadastro de usuário",
          "fullFile": "",
          "file": "",
          "beforeHooks": [],
          "afterHooks": [],
          "tests": [
            {
              "title": "valida cadastro usuário adm sucesso",
              "fullTitle": "Testes - Cadastro de usuário valida cadastro usuário adm sucesso",
              "timedOut": null,
              "duration": 5155,
              "state": "passed",
              "speed": "medium",
              "pass": true,
              "fail": false,
              "pending": false,
              "context": null,
              "code": "user.email = faker.internet.email();\ncy.createUserAdm(user.name, user.email, user.password);\ncy.contains(alertSelector, 'Cadastro realizado com sucesso').should('be.visible');\ncy.url().should('be.equal', `${baseUrl}admin/home`);",
              "err": {},
              "uuid": "46e464b1-7010-424e-a54b-447fd34a277e",
              "parentUUID": "eba094db-d4c0-4961-b2d0-f3efcf026811",
              "isHook": false,
              "skipped": false
            },
            {
              "title": "valida cadastro usuário sucesso",
              "fullTitle": "Testes - Cadastro de usuário valida cadastro usuário sucesso",
              "timedOut": null,
              "duration": 4882,
              "state": "passed",
              "speed": "fast",
              "pass": true,
              "fail": false,
              "pending": false,
              "context": null,
              "code": "user.email = faker.internet.email();\ncy.createUser(user.name, user.email, user.password);\ncy.contains(alertSelector, 'Cadastro realizado com sucesso').should('be.visible');\ncy.url().should('be.equal', `${baseUrl}home`);",
              "err": {},
              "uuid": "3d369f5e-65a1-4608-a6d6-282acd732a9b",
              "parentUUID": "eba094db-d4c0-4961-b2d0-f3efcf026811",
              "isHook": false,
              "skipped": false
            },
            {
              "title": "valida cadastro sem senha",
              "fullTitle": "Testes - Cadastro de usuário valida cadastro sem senha",
              "timedOut": null,
              "duration": 0,
              "state": "pending",
              "speed": null,
              "pass": false,
              "fail": false,
              "pending": true,
              "context": null,
              "code": "",
              "err": {},
              "uuid": "727159ce-e95f-47e1-b612-2cebf7c7de5e",
              "parentUUID": "eba094db-d4c0-4961-b2d0-f3efcf026811",
              "isHook": false,
              "skipped": false
            },
            {
              "title": "valida email invalido",
              "fullTitle": "Testes - Cadastro de usuário valida email invalido",
              "timedOut": null,
              "duration": 0,
              "state": "pending",
              "speed": null,
              "pass": false,
              "fail": false,
              "pending": true,
              "context": null,
              "code": "",
              "err": {},
              "uuid": "94652656-672a-4a95-87d5-73591c5d3863",
              "parentUUID": "eba094db-d4c0-4961-b2d0-f3efcf026811",
              "isHook": false,
              "skipped": false
            },
            {
              "title": "valida cadastro sem email",
              "fullTitle": "Testes - Cadastro de usuário valida cadastro sem email",
              "timedOut": null,
              "duration": 0,
              "state": "pending",
              "speed": null,
              "pass": false,
              "fail": false,
              "pending": true,
              "context": null,
              "code": "",
              "err": {},
              "uuid": "b3386813-237a-4782-b8c1-40cc3b5242f8",
              "parentUUID": "eba094db-d4c0-4961-b2d0-f3efcf026811",
              "isHook": false,
              "skipped": false
            },
            {
              "title": "valida sem nome",
              "fullTitle": "Testes - Cadastro de usuário valida sem nome",
              "timedOut": null,
              "duration": 0,
              "state": "pending",
              "speed": null,
              "pass": false,
              "fail": false,
              "pending": true,
              "context": null,
              "code": "",
              "err": {},
              "uuid": "c53461e7-6d29-46dc-80bc-871305a7ba90",
              "parentUUID": "eba094db-d4c0-4961-b2d0-f3efcf026811",
              "isHook": false,
              "skipped": false
            },
            {
              "title": "valida cadastro sem email, senha e nome",
              "fullTitle": "Testes - Cadastro de usuário valida cadastro sem email, senha e nome",
              "timedOut": null,
              "duration": 0,
              "state": "pending",
              "speed": null,
              "pass": false,
              "fail": false,
              "pending": true,
              "context": null,
              "code": "",
              "err": {},
              "uuid": "931f3892-144c-45eb-869b-c47374edf82a",
              "parentUUID": "eba094db-d4c0-4961-b2d0-f3efcf026811",
              "isHook": false,
              "skipped": false
            }
          ],
          "suites": [],
          "passes": [
            "46e464b1-7010-424e-a54b-447fd34a277e",
            "3d369f5e-65a1-4608-a6d6-282acd732a9b"
          ],
          "failures": [],
          "pending": [
            "727159ce-e95f-47e1-b612-2cebf7c7de5e",
            "94652656-672a-4a95-87d5-73591c5d3863",
            "b3386813-237a-4782-b8c1-40cc3b5242f8",
            "c53461e7-6d29-46dc-80bc-871305a7ba90",
            "931f3892-144c-45eb-869b-c47374edf82a"
          ],
          "skipped": [],
          "duration": 10037,
          "root": false,
          "rootEmpty": false,
          "_timeout": 2000
        }
      ],
      "passes": [],
      "failures": [],
      "pending": [],
      "skipped": [],
      "duration": 0,
      "root": true,
      "rootEmpty": true,
      "_timeout": 2000
    }
  ],
  "meta": {
    "mocha": {
      "version": "7.0.1"
    },
    "mochawesome": {
      "options": {
        "quiet": true,
        "reportFilename": "mochawesome",
        "saveHtml": false,
        "saveJson": true,
        "consoleReporter": "spec",
        "useInlineDiffs": false,
        "code": true
      },
      "version": "7.1.3"
    },
    "marge": {
      "options": {
        "id": "default",
        "reporterDir": "mochawesome-report",
        "quiet": true,
        "overwrite": false,
        "html": false,
        "json": true
      },
      "version": "6.2.0"
    }
  }
}