{
  "stats": {
    "suites": 2,
    "tests": 8,
    "passes": 8,
    "pending": 0,
    "failures": 0,
    "start": "2021-12-08T23:53:55.112Z",
    "end": "2021-12-08T23:54:14.917Z",
    "duration": 19805,
    "testsRegistered": 8,
    "passPercent": 100,
    "pendingPercent": 0,
    "other": 0,
    "hasOther": false,
    "skipped": 0,
    "hasSkipped": false
  },
  "results": [
    {
      "uuid": "3aff2dd8-5d5e-4a1b-8d6f-eccd60ff6b2a",
      "title": "",
      "fullFile": "cypress/integration/listShopping.spec.js",
      "file": "cypress/integration/listShopping.spec.js",
      "beforeHooks": [],
      "afterHooks": [],
      "tests": [],
      "suites": [
        {
          "uuid": "a700dc40-8444-474d-80f5-1d1b40dbfdb1",
          "title": "Testes - Acessar lista de compra",
          "fullFile": "",
          "file": "",
          "beforeHooks": [],
          "afterHooks": [],
          "tests": [
            {
              "title": "Valida lista de compra",
              "fullTitle": "Testes - Acessar lista de compra Valida lista de compra",
              "timedOut": null,
              "duration": 1570,
              "state": "passed",
              "speed": "fast",
              "pass": true,
              "fail": false,
              "pending": false,
              "context": null,
              "code": "cy.contains('h1', 'Lista de Compras').should('be.visible');\ncy.get('[data-testid=shopping-cart-empty-message]').should('have.text', 'Seu carrinho está vazio');",
              "err": {},
              "uuid": "69e103e2-51ad-4a79-825c-fb5a537cd186",
              "parentUUID": "a700dc40-8444-474d-80f5-1d1b40dbfdb1",
              "isHook": false,
              "skipped": false
            },
            {
              "title": "Voltar para a home",
              "fullTitle": "Testes - Acessar lista de compra Voltar para a home",
              "timedOut": null,
              "duration": 1107,
              "state": "passed",
              "speed": "fast",
              "pass": true,
              "fail": false,
              "pending": false,
              "context": null,
              "code": "cy.get('[data-testid=paginaInicial]').click();\ncy.url().should('be.equal', `${baseUrl}home`);",
              "err": {},
              "uuid": "b291a6b0-8b2a-473d-9d9c-913488f3a49a",
              "parentUUID": "a700dc40-8444-474d-80f5-1d1b40dbfdb1",
              "isHook": false,
              "skipped": false
            }
          ],
          "suites": [],
          "passes": [
            "69e103e2-51ad-4a79-825c-fb5a537cd186",
            "b291a6b0-8b2a-473d-9d9c-913488f3a49a"
          ],
          "failures": [],
          "pending": [],
          "skipped": [],
          "duration": 2677,
          "root": false,
          "rootEmpty": false,
          "_timeout": 2000
        },
        {
          "uuid": "d15efc53-3afd-4426-b5c3-cf7995885a32",
          "title": "Testes - Acessar lista de compra com produto",
          "fullFile": "",
          "file": "",
          "beforeHooks": [],
          "afterHooks": [],
          "tests": [
            {
              "title": "Valida detalhes produto - voltar",
              "fullTitle": "Testes - Acessar lista de compra com produto Valida detalhes produto - voltar",
              "timedOut": null,
              "duration": 3066,
              "state": "passed",
              "speed": "fast",
              "pass": true,
              "fail": false,
              "pending": false,
              "context": null,
              "code": "cy.get(btnCarSelecto).click();\ncy.contains('h1', 'Detalhes do produto').should('be.visible');\ncy.get('[data-testid=product-detail-name]').should('have.text', 'Teste Zael Uai');\ncy.get('[data-testid=voltarHome]').click();\ncy.url().should('be.equal', `${baseUrl}home`);",
              "err": {},
              "uuid": "ba5e945f-b3b4-4eaa-a6b9-4e11aae0d5d9",
              "parentUUID": "d15efc53-3afd-4426-b5c3-cf7995885a32",
              "isHook": false,
              "skipped": false
            },
            {
              "title": "Valida detalhes produto - adicionar lista",
              "fullTitle": "Testes - Acessar lista de compra com produto Valida detalhes produto - adicionar lista",
              "timedOut": null,
              "duration": 2984,
              "state": "passed",
              "speed": "fast",
              "pass": true,
              "fail": false,
              "pending": false,
              "context": null,
              "code": "cy.get(btnCarSelecto).click();\ncy.contains('h1', 'Detalhes do produto').should('be.visible');\ncy.get('[data-testid=product-detail-name]').should('have.text', 'Teste Zael Uai');\ncy.get('[data-testid=adicionarNaLista]').click();\ncy.url().should('be.equal', `${baseUrl}minhaListaDeProdutos`);\ncy.get('[data-testid=limparLista]').click();\ncy.contains('[data-testid=shopping-cart-empty-message]', 'Seu carrinho está vazio').should('be.visible');",
              "err": {},
              "uuid": "9c1188c4-dad7-4745-a554-b17017af02e3",
              "parentUUID": "d15efc53-3afd-4426-b5c3-cf7995885a32",
              "isHook": false,
              "skipped": false
            },
            {
              "title": "Valida detalhes produto - adicionar lista e carrinho",
              "fullTitle": "Testes - Acessar lista de compra com produto Valida detalhes produto - adicionar lista e carrinho",
              "timedOut": null,
              "duration": 2745,
              "state": "passed",
              "speed": "fast",
              "pass": true,
              "fail": false,
              "pending": false,
              "context": null,
              "code": "cy.get(btnCarSelecto).click();\ncy.contains('h1', 'Detalhes do produto').should('be.visible');\ncy.get('[data-testid=product-detail-name]').should('have.text', 'Teste Zael Uai');\ncy.get('[data-testid=adicionarNaLista]').click();\ncy.get('[data-testid=\"adicionar carrinho\"]').click();\ncy.contains('h1', 'Em construção aguarde').should('be.visible');",
              "err": {},
              "uuid": "8361daa2-9802-4ebc-8700-f94430db2ec4",
              "parentUUID": "d15efc53-3afd-4426-b5c3-cf7995885a32",
              "isHook": false,
              "skipped": false
            },
            {
              "title": "Valida detalhes produto - Adicionar produtos",
              "fullTitle": "Testes - Acessar lista de compra com produto Valida detalhes produto - Adicionar produtos",
              "timedOut": null,
              "duration": 2719,
              "state": "passed",
              "speed": "fast",
              "pass": true,
              "fail": false,
              "pending": false,
              "context": null,
              "code": "cy.get(btnCarSelecto).click();\ncy.contains('h1', 'Detalhes do produto').should('be.visible');\ncy.get('[data-testid=product-detail-name]').should('have.text', 'Teste Zael Uai');\ncy.get('[data-testid=adicionarNaLista]').click();\ncy.get('[data-testid=product-increase-quantity]').click();\ncy.get('.row > :nth-child(3)').should('have.text', 2);",
              "err": {},
              "uuid": "2d08e364-bd83-4330-b856-4362a6d9cc65",
              "parentUUID": "d15efc53-3afd-4426-b5c3-cf7995885a32",
              "isHook": false,
              "skipped": false
            },
            {
              "title": "Valida detalhes produto - Remover produtos",
              "fullTitle": "Testes - Acessar lista de compra com produto Valida detalhes produto - Remover produtos",
              "timedOut": null,
              "duration": 2810,
              "state": "passed",
              "speed": "fast",
              "pass": true,
              "fail": false,
              "pending": false,
              "context": null,
              "code": "cy.get(btnCarSelecto).click();\ncy.contains('h1', 'Detalhes do produto').should('be.visible');\ncy.get('[data-testid=product-detail-name]').should('have.text', 'Teste Zael Uai');\ncy.get('[data-testid=adicionarNaLista]').click();\ncy.get('[data-testid=product-increase-quantity]').click();\ncy.get('.row > :nth-child(3)').should('have.text', 2);\ncy.get('[data-testid=product-decrease-quantity]').click();\ncy.get('.row > :nth-child(3)').should('have.text', 1);",
              "err": {},
              "uuid": "361dc815-8548-49ac-b529-e44c610e1f5b",
              "parentUUID": "d15efc53-3afd-4426-b5c3-cf7995885a32",
              "isHook": false,
              "skipped": false
            },
            {
              "title": "Valida detalhes produto - Adicionar Lista",
              "fullTitle": "Testes - Acessar lista de compra com produto Valida detalhes produto - Adicionar Lista",
              "timedOut": null,
              "duration": 2665,
              "state": "passed",
              "speed": "fast",
              "pass": true,
              "fail": false,
              "pending": false,
              "context": null,
              "code": "cy.get('[data-testid=adicionarNaLista]').click();\ncy.url().should('be.equal', `${baseUrl}minhaListaDeProdutos`);",
              "err": {},
              "uuid": "4bc25ca2-a926-4942-abdd-d384b8be2388",
              "parentUUID": "d15efc53-3afd-4426-b5c3-cf7995885a32",
              "isHook": false,
              "skipped": false
            }
          ],
          "suites": [],
          "passes": [
            "ba5e945f-b3b4-4eaa-a6b9-4e11aae0d5d9",
            "9c1188c4-dad7-4745-a554-b17017af02e3",
            "8361daa2-9802-4ebc-8700-f94430db2ec4",
            "2d08e364-bd83-4330-b856-4362a6d9cc65",
            "361dc815-8548-49ac-b529-e44c610e1f5b",
            "4bc25ca2-a926-4942-abdd-d384b8be2388"
          ],
          "failures": [],
          "pending": [],
          "skipped": [],
          "duration": 16989,
          "root": false,
          "rootEmpty": false,
          "_timeout": 2000
        }
      ],
      "passes": [],
      "failures": [],
      "pending": [],
      "skipped": [],
      "duration": 0,
      "root": true,
      "rootEmpty": true,
      "_timeout": 2000
    }
  ],
  "meta": {
    "mocha": {
      "version": "7.0.1"
    },
    "mochawesome": {
      "options": {
        "quiet": true,
        "reportFilename": "mochawesome",
        "saveHtml": false,
        "saveJson": true,
        "consoleReporter": "spec",
        "useInlineDiffs": false,
        "code": true
      },
      "version": "7.0.1"
    },
    "marge": {
      "options": {
        "id": "default",
        "reporterDir": "mochawesome-report",
        "quiet": true,
        "overwrite": false,
        "html": false,
        "json": true
      },
      "version": "6.0.1"
    }
  }
}