{
  "stats": {
    "suites": 1,
    "tests": 10,
    "passes": 10,
    "pending": 0,
    "failures": 0,
    "start": "2023-05-02T16:43:11.698Z",
    "end": "2023-05-02T16:43:23.449Z",
    "duration": 11751,
    "testsRegistered": 10,
    "passPercent": 100,
    "pendingPercent": 0,
    "other": 0,
    "hasOther": false,
    "skipped": 0,
    "hasSkipped": false
  },
  "results": [
    {
      "uuid": "280cf930-eca8-4b65-8035-6fc0d2426512",
      "title": "",
      "fullFile": "cypress/e2e/login.cy.js",
      "file": "cypress/e2e/login.cy.js",
      "beforeHooks": [],
      "afterHooks": [],
      "tests": [],
      "suites": [
        {
          "uuid": "f728078e-c478-45fe-b2e7-10856523fde7",
          "title": "Testes de Login",
          "fullFile": "",
          "file": "",
          "beforeHooks": [],
          "afterHooks": [],
          "tests": [
            {
              "title": "valida página de login",
              "fullTitle": "Testes de Login valida página de login",
              "timedOut": null,
              "duration": 817,
              "state": "passed",
              "speed": "fast",
              "pass": true,
              "fail": false,
              "pending": false,
              "context": null,
              "code": "cy.url().should('be.equal', `${baseUrl}login`);",
              "err": {},
              "uuid": "b4685b25-86e4-4e46-ab97-ae33e5e49c4f",
              "parentUUID": "f728078e-c478-45fe-b2e7-10856523fde7",
              "isHook": false,
              "skipped": false
            },
            {
              "title": "valida login adm sucesso",
              "fullTitle": "Testes de Login valida login adm sucesso",
              "timedOut": null,
              "duration": 1588,
              "state": "passed",
              "speed": "fast",
              "pass": true,
              "fail": false,
              "pending": false,
              "context": null,
              "code": "cy.login(Cypress.env('admUser'), Cypress.env('password'));\ncy.url().should('be.equal', `${baseUrl}admin/home`);",
              "err": {},
              "uuid": "73c20c50-caf0-432c-bc89-0c59f946c98e",
              "parentUUID": "f728078e-c478-45fe-b2e7-10856523fde7",
              "isHook": false,
              "skipped": false
            },
            {
              "title": "valida login user sucesso",
              "fullTitle": "Testes de Login valida login user sucesso",
              "timedOut": null,
              "duration": 1514,
              "state": "passed",
              "speed": "fast",
              "pass": true,
              "fail": false,
              "pending": false,
              "context": null,
              "code": "cy.login(Cypress.env('user'), Cypress.env('password'));\ncy.url().should('be.equal', `${baseUrl}home`);",
              "err": {},
              "uuid": "46b691ba-d154-441d-8453-8d319dca3012",
              "parentUUID": "f728078e-c478-45fe-b2e7-10856523fde7",
              "isHook": false,
              "skipped": false
            },
            {
              "title": "valida email incorreto",
              "fullTitle": "Testes de Login valida email incorreto",
              "timedOut": null,
              "duration": 1419,
              "state": "passed",
              "speed": "fast",
              "pass": true,
              "fail": false,
              "pending": false,
              "context": null,
              "code": "cy.login('misael@qc.com.br', Cypress.env('password'));\ncy.contains(alertSelector, 'Email e/ou senha inválidos').should('be.visible');",
              "err": {},
              "uuid": "8b426475-401a-4d8b-bdfc-52eebfbd01b0",
              "parentUUID": "f728078e-c478-45fe-b2e7-10856523fde7",
              "isHook": false,
              "skipped": false
            },
            {
              "title": "valida senha incorreta",
              "fullTitle": "Testes de Login valida senha incorreta",
              "timedOut": null,
              "duration": 1282,
              "state": "passed",
              "speed": "fast",
              "pass": true,
              "fail": false,
              "pending": false,
              "context": null,
              "code": "cy.login(Cypress.env('user'), 'testing');\ncy.contains(alertSelector, 'Email e/ou senha inválidos').should('be.visible');",
              "err": {},
              "uuid": "5b0f20c4-3dad-4f5b-a7d7-ac84b138dff2",
              "parentUUID": "f728078e-c478-45fe-b2e7-10856523fde7",
              "isHook": false,
              "skipped": false
            },
            {
              "title": "valida logout sucesso",
              "fullTitle": "Testes de Login valida logout sucesso",
              "timedOut": null,
              "duration": 1458,
              "state": "passed",
              "speed": "fast",
              "pass": true,
              "fail": false,
              "pending": false,
              "context": null,
              "code": "cy.login(Cypress.env('user'), Cypress.env('password'));\ncy.get('[data-testid=logout]').click();\ncy.url().should('be.equal', `${baseUrl}login`);",
              "err": {},
              "uuid": "f9f07ca4-ea2a-4e46-b15d-5aecc4ea61a7",
              "parentUUID": "f728078e-c478-45fe-b2e7-10856523fde7",
              "isHook": false,
              "skipped": false
            },
            {
              "title": "valida login sem senha",
              "fullTitle": "Testes de Login valida login sem senha",
              "timedOut": null,
              "duration": 992,
              "state": "passed",
              "speed": "fast",
              "pass": true,
              "fail": false,
              "pending": false,
              "context": null,
              "code": "cy.get(emailSelector).type(Cypress.env('user'));\ncy.get(btnLoginSelector).click();\ncy.contains(alertSelector, 'Password é obrigatório').should('be.visible');",
              "err": {},
              "uuid": "9df2ded9-4916-49c4-ae4e-260ea4d4611a",
              "parentUUID": "f728078e-c478-45fe-b2e7-10856523fde7",
              "isHook": false,
              "skipped": false
            },
            {
              "title": "valida email invalido",
              "fullTitle": "Testes de Login valida email invalido",
              "timedOut": null,
              "duration": 1016,
              "state": "passed",
              "speed": "fast",
              "pass": true,
              "fail": false,
              "pending": false,
              "context": null,
              "code": "cy.login('m@m', Cypress.env('password'));\ncy.contains(alertSelector, 'Email deve ser um email válido').should('be.visible');",
              "err": {},
              "uuid": "003198f9-a41f-4fa2-8dea-9c3fd6c8c4e8",
              "parentUUID": "f728078e-c478-45fe-b2e7-10856523fde7",
              "isHook": false,
              "skipped": false
            },
            {
              "title": "valida login sem email",
              "fullTitle": "Testes de Login valida login sem email",
              "timedOut": null,
              "duration": 765,
              "state": "passed",
              "speed": "fast",
              "pass": true,
              "fail": false,
              "pending": false,
              "context": null,
              "code": "cy.get(passwordSelector).type(Cypress.env('password'));\ncy.get(btnLoginSelector).click();\ncy.contains(alertSelector, 'Email é obrigatório').should('be.visible');",
              "err": {},
              "uuid": "9530bb20-62e1-4867-9c3c-b16b7bd4c38f",
              "parentUUID": "f728078e-c478-45fe-b2e7-10856523fde7",
              "isHook": false,
              "skipped": false
            },
            {
              "title": "valida login sem email e senha",
              "fullTitle": "Testes de Login valida login sem email e senha",
              "timedOut": null,
              "duration": 602,
              "state": "passed",
              "speed": "fast",
              "pass": true,
              "fail": false,
              "pending": false,
              "context": null,
              "code": "cy.get(btnLoginSelector).click();\ncy.contains(alertSelector, 'Email é obrigatório').should('be.visible');\ncy.contains(alertSelector, 'Password é obrigatório').should('be.visible');",
              "err": {},
              "uuid": "3592dd31-b50a-439b-883e-ec4a7475bd70",
              "parentUUID": "f728078e-c478-45fe-b2e7-10856523fde7",
              "isHook": false,
              "skipped": false
            }
          ],
          "suites": [],
          "passes": [
            "b4685b25-86e4-4e46-ab97-ae33e5e49c4f",
            "73c20c50-caf0-432c-bc89-0c59f946c98e",
            "46b691ba-d154-441d-8453-8d319dca3012",
            "8b426475-401a-4d8b-bdfc-52eebfbd01b0",
            "5b0f20c4-3dad-4f5b-a7d7-ac84b138dff2",
            "f9f07ca4-ea2a-4e46-b15d-5aecc4ea61a7",
            "9df2ded9-4916-49c4-ae4e-260ea4d4611a",
            "003198f9-a41f-4fa2-8dea-9c3fd6c8c4e8",
            "9530bb20-62e1-4867-9c3c-b16b7bd4c38f",
            "3592dd31-b50a-439b-883e-ec4a7475bd70"
          ],
          "failures": [],
          "pending": [],
          "skipped": [],
          "duration": 11453,
          "root": false,
          "rootEmpty": false,
          "_timeout": 2000
        }
      ],
      "passes": [],
      "failures": [],
      "pending": [],
      "skipped": [],
      "duration": 0,
      "root": true,
      "rootEmpty": true,
      "_timeout": 2000
    }
  ],
  "meta": {
    "mocha": {
      "version": "7.0.1"
    },
    "mochawesome": {
      "options": {
        "quiet": true,
        "reportFilename": "mochawesome",
        "saveHtml": false,
        "saveJson": true,
        "consoleReporter": "spec",
        "useInlineDiffs": false,
        "code": true
      },
      "version": "7.1.3"
    },
    "marge": {
      "options": {
        "id": "default",
        "reporterDir": "mochawesome-report",
        "quiet": true,
        "overwrite": false,
        "html": false,
        "json": true
      },
      "version": "6.2.0"
    }
  }
}