{
  "stats": {
    "suites": 1,
    "tests": 7,
    "passes": 7,
    "pending": 0,
    "failures": 0,
    "start": "2023-09-12T16:43:51.799Z",
    "end": "2023-09-12T16:44:08.736Z",
    "duration": 16937,
    "testsRegistered": 7,
    "passPercent": 100,
    "pendingPercent": 0,
    "other": 0,
    "hasOther": false,
    "skipped": 0,
    "hasSkipped": false
  },
  "results": [
    {
      "uuid": "ca5cfa59-5ea6-478e-98b3-baa82a8198f3",
      "title": "",
      "fullFile": "cypress/e2e/user.cy.js",
      "file": "cypress/e2e/user.cy.js",
      "beforeHooks": [],
      "afterHooks": [],
      "tests": [],
      "suites": [
        {
          "uuid": "8bafd8ab-5cd6-4171-b093-02d1580f460f",
          "title": "Testes - Cadastro de usuário",
          "fullFile": "",
          "file": "",
          "beforeHooks": [],
          "afterHooks": [],
          "tests": [
            {
              "title": "valida cadastro usuário adm sucesso",
              "fullTitle": "Testes - Cadastro de usuário valida cadastro usuário adm sucesso",
              "timedOut": null,
              "duration": 5392,
              "state": "passed",
              "speed": "medium",
              "pass": true,
              "fail": false,
              "pending": false,
              "context": null,
              "code": "user.email = faker.internet.email();\ncy.createUserAdm(user.name, user.email, user.password);\ncy.contains(alertSelector, 'Cadastro realizado com sucesso').should('be.visible');\ncy.url().should('be.equal', `${baseUrl}admin/home`);",
              "err": {},
              "uuid": "9417b7a9-9c8e-48ea-90ef-7e80c214ebab",
              "parentUUID": "8bafd8ab-5cd6-4171-b093-02d1580f460f",
              "isHook": false,
              "skipped": false
            },
            {
              "title": "valida cadastro usuário sucesso",
              "fullTitle": "Testes - Cadastro de usuário valida cadastro usuário sucesso",
              "timedOut": null,
              "duration": 5208,
              "state": "passed",
              "speed": "medium",
              "pass": true,
              "fail": false,
              "pending": false,
              "context": null,
              "code": "user.email = faker.internet.email();\ncy.createUser(user.name, user.email, user.password);\ncy.contains(alertSelector, 'Cadastro realizado com sucesso').should('be.visible');\ncy.url().should('be.equal', `${baseUrl}home`);",
              "err": {},
              "uuid": "af0e58a8-6488-4811-8184-bdb7f9d02f97",
              "parentUUID": "8bafd8ab-5cd6-4171-b093-02d1580f460f",
              "isHook": false,
              "skipped": false
            },
            {
              "title": "valida cadastro sem senha",
              "fullTitle": "Testes - Cadastro de usuário valida cadastro sem senha",
              "timedOut": null,
              "duration": 1524,
              "state": "passed",
              "speed": "fast",
              "pass": true,
              "fail": false,
              "pending": false,
              "context": null,
              "code": "cy.get(nameSelector).type(user.name);\ncy.get(emailSelector).type(user.email);\ncy.get(btnCreateSelector).click();\ncy.contains(alertSelector, 'Password é obrigatório').should('be.visible');",
              "err": {},
              "uuid": "756743ba-c91b-410f-b79d-1282e524a396",
              "parentUUID": "8bafd8ab-5cd6-4171-b093-02d1580f460f",
              "isHook": false,
              "skipped": false
            },
            {
              "title": "valida email invalido",
              "fullTitle": "Testes - Cadastro de usuário valida email invalido",
              "timedOut": null,
              "duration": 1367,
              "state": "passed",
              "speed": "fast",
              "pass": true,
              "fail": false,
              "pending": false,
              "context": null,
              "code": "cy.get(nameSelector).type('Maria');\ncy.get(emailSelector).type('m@m');\ncy.get(passwordSelector).type('teste');\ncy.get(btnCreateSelector).click();\ncy.contains(alertSelector, 'Email deve ser um email válido').should('be.visible');",
              "err": {},
              "uuid": "ef29c6eb-fb12-4167-a3f5-4ae4e90121ab",
              "parentUUID": "8bafd8ab-5cd6-4171-b093-02d1580f460f",
              "isHook": false,
              "skipped": false
            },
            {
              "title": "valida cadastro sem email",
              "fullTitle": "Testes - Cadastro de usuário valida cadastro sem email",
              "timedOut": null,
              "duration": 1136,
              "state": "passed",
              "speed": "fast",
              "pass": true,
              "fail": false,
              "pending": false,
              "context": null,
              "code": "cy.get(nameSelector).type('Maria');\ncy.get(passwordSelector).type('teste');\ncy.get(btnCreateSelector).click();\ncy.contains(alertSelector, 'Email é obrigatório').should('be.visible');",
              "err": {},
              "uuid": "6e8d70e9-4aaa-4367-a2a8-2fde67d85831",
              "parentUUID": "8bafd8ab-5cd6-4171-b093-02d1580f460f",
              "isHook": false,
              "skipped": false
            },
            {
              "title": "valida sem nome",
              "fullTitle": "Testes - Cadastro de usuário valida sem nome",
              "timedOut": null,
              "duration": 1188,
              "state": "passed",
              "speed": "fast",
              "pass": true,
              "fail": false,
              "pending": false,
              "context": null,
              "code": "cy.get(emailSelector).type('misael@email.com');\ncy.get(passwordSelector).type('teste');\ncy.get(btnCreateSelector).click();\ncy.contains(alertSelector, 'Nome é obrigatório').should('be.visible');",
              "err": {},
              "uuid": "56280024-a8d7-4274-a69a-ece9fd828d59",
              "parentUUID": "8bafd8ab-5cd6-4171-b093-02d1580f460f",
              "isHook": false,
              "skipped": false
            },
            {
              "title": "valida cadastro sem email, senha e nome",
              "fullTitle": "Testes - Cadastro de usuário valida cadastro sem email, senha e nome",
              "timedOut": null,
              "duration": 757,
              "state": "passed",
              "speed": "fast",
              "pass": true,
              "fail": false,
              "pending": false,
              "context": null,
              "code": "cy.get(btnCreateSelector).click();\ncy.contains(alertSelector, 'Email é obrigatório').should('be.visible');\ncy.contains(alertSelector, 'Password é obrigatório').should('be.visible');\ncy.contains(alertSelector, 'Nome é obrigatório').should('be.visible');",
              "err": {},
              "uuid": "e292327f-7fd2-42bf-94cb-6424885e94cf",
              "parentUUID": "8bafd8ab-5cd6-4171-b093-02d1580f460f",
              "isHook": false,
              "skipped": false
            }
          ],
          "suites": [],
          "passes": [
            "9417b7a9-9c8e-48ea-90ef-7e80c214ebab",
            "af0e58a8-6488-4811-8184-bdb7f9d02f97",
            "756743ba-c91b-410f-b79d-1282e524a396",
            "ef29c6eb-fb12-4167-a3f5-4ae4e90121ab",
            "6e8d70e9-4aaa-4367-a2a8-2fde67d85831",
            "56280024-a8d7-4274-a69a-ece9fd828d59",
            "e292327f-7fd2-42bf-94cb-6424885e94cf"
          ],
          "failures": [],
          "pending": [],
          "skipped": [],
          "duration": 16572,
          "root": false,
          "rootEmpty": false,
          "_timeout": 2000
        }
      ],
      "passes": [],
      "failures": [],
      "pending": [],
      "skipped": [],
      "duration": 0,
      "root": true,
      "rootEmpty": true,
      "_timeout": 2000
    }
  ],
  "meta": {
    "mocha": {
      "version": "7.0.1"
    },
    "mochawesome": {
      "options": {
        "quiet": true,
        "reportFilename": "mochawesome",
        "saveHtml": false,
        "saveJson": true,
        "consoleReporter": "spec",
        "useInlineDiffs": false,
        "code": true
      },
      "version": "7.1.3"
    },
    "marge": {
      "options": {
        "id": "default",
        "reporterDir": "mochawesome-report",
        "quiet": true,
        "overwrite": false,
        "html": false,
        "json": true
      },
      "version": "6.2.0"
    }
  }
}