{
  "stats": {
    "suites": 2,
    "tests": 5,
    "passes": 3,
    "pending": 5,
    "failures": -3,
    "start": "2022-10-25T17:32:04.019Z",
    "end": "2022-10-25T17:32:12.515Z",
    "duration": 8496,
    "testsRegistered": 8,
    "passPercent": 100,
    "pendingPercent": 62.5,
    "other": 3,
    "hasOther": true,
    "skipped": 0,
    "hasSkipped": false
  },
  "results": [
    {
      "uuid": "c2bb7197-4094-4ea2-99be-a4bc25d2086b",
      "title": "",
      "fullFile": "cypress/e2e/listShopping.cy.js",
      "file": "cypress/e2e/listShopping.cy.js",
      "beforeHooks": [],
      "afterHooks": [],
      "tests": [],
      "suites": [
        {
          "uuid": "31bd3e3d-0d00-4424-b5bc-ddd087d76243",
          "title": "Testes - Acessar lista de compra",
          "fullFile": "",
          "file": "",
          "beforeHooks": [],
          "afterHooks": [],
          "tests": [
            {
              "title": "Valida lista de compra",
              "fullTitle": "Testes - Acessar lista de compra Valida lista de compra",
              "timedOut": null,
              "duration": 0,
              "state": "pending",
              "speed": null,
              "pass": false,
              "fail": false,
              "pending": true,
              "context": null,
              "code": "",
              "err": {},
              "uuid": "479533d3-b3c0-4b33-af6b-67ebc4631201",
              "parentUUID": "31bd3e3d-0d00-4424-b5bc-ddd087d76243",
              "isHook": false,
              "skipped": false
            },
            {
              "title": "Voltar para a home",
              "fullTitle": "Testes - Acessar lista de compra Voltar para a home",
              "timedOut": null,
              "duration": 0,
              "state": "pending",
              "speed": null,
              "pass": false,
              "fail": false,
              "pending": true,
              "context": null,
              "code": "",
              "err": {},
              "uuid": "76777d7d-339a-465a-92c8-4dc5e9344fb9",
              "parentUUID": "31bd3e3d-0d00-4424-b5bc-ddd087d76243",
              "isHook": false,
              "skipped": false
            }
          ],
          "suites": [],
          "passes": [],
          "failures": [],
          "pending": [
            "479533d3-b3c0-4b33-af6b-67ebc4631201",
            "76777d7d-339a-465a-92c8-4dc5e9344fb9"
          ],
          "skipped": [],
          "duration": 0,
          "root": false,
          "rootEmpty": false,
          "_timeout": 2000
        },
        {
          "uuid": "c001769d-da58-415a-b5fb-5156128c1a8d",
          "title": "Testes - Acessar lista de compra com produto",
          "fullFile": "",
          "file": "",
          "beforeHooks": [],
          "afterHooks": [],
          "tests": [
            {
              "title": "Valida detalhes produto - voltar",
              "fullTitle": "Testes - Acessar lista de compra com produto Valida detalhes produto - voltar",
              "timedOut": null,
              "duration": 3070,
              "state": "passed",
              "speed": "fast",
              "pass": true,
              "fail": false,
              "pending": false,
              "context": null,
              "code": "cy.get(btnCarSelecto).click();\ncy.contains('h1', 'Detalhes do produto').should('be.visible');\ncy.get('[data-testid=product-detail-name]').should('have.text', 'Teste Zael Uai');\ncy.get('[data-testid=voltarHome]').click();\ncy.url().should('be.equal', `${baseUrl}home`);",
              "err": {},
              "uuid": "7f6c965e-71b3-4228-9195-d7b3cf5028f4",
              "parentUUID": "c001769d-da58-415a-b5fb-5156128c1a8d",
              "isHook": false,
              "skipped": false
            },
            {
              "title": "Valida detalhes produto - adicionar lista",
              "fullTitle": "Testes - Acessar lista de compra com produto Valida detalhes produto - adicionar lista",
              "timedOut": null,
              "duration": 2720,
              "state": "passed",
              "speed": "fast",
              "pass": true,
              "fail": false,
              "pending": false,
              "context": null,
              "code": "cy.get(btnCarSelecto).click();\ncy.contains('h1', 'Detalhes do produto').should('be.visible');\ncy.get('[data-testid=product-detail-name]').should('have.text', 'Teste Zael Uai');\ncy.get('[data-testid=adicionarNaLista]').click();\ncy.url().should('be.equal', `${baseUrl}minhaListaDeProdutos`);\ncy.get('[data-testid=limparLista]').click();\ncy.contains('[data-testid=shopping-cart-empty-message]', 'Seu carrinho está vazio').should('be.visible');",
              "err": {},
              "uuid": "9712df1a-aaed-40a0-b818-0d163272ad3f",
              "parentUUID": "c001769d-da58-415a-b5fb-5156128c1a8d",
              "isHook": false,
              "skipped": false
            },
            {
              "title": "Valida detalhes produto - adicionar lista e carrinho",
              "fullTitle": "Testes - Acessar lista de compra com produto Valida detalhes produto - adicionar lista e carrinho",
              "timedOut": null,
              "duration": 0,
              "state": "pending",
              "speed": null,
              "pass": false,
              "fail": false,
              "pending": true,
              "context": null,
              "code": "",
              "err": {},
              "uuid": "9a69ba16-c2c7-43d9-b2e4-a098068dd824",
              "parentUUID": "c001769d-da58-415a-b5fb-5156128c1a8d",
              "isHook": false,
              "skipped": false
            },
            {
              "title": "Valida detalhes produto - Adicionar produtos",
              "fullTitle": "Testes - Acessar lista de compra com produto Valida detalhes produto - Adicionar produtos",
              "timedOut": null,
              "duration": 0,
              "state": "pending",
              "speed": null,
              "pass": false,
              "fail": false,
              "pending": true,
              "context": null,
              "code": "",
              "err": {},
              "uuid": "cc80da17-3aff-4eab-8946-0753758989df",
              "parentUUID": "c001769d-da58-415a-b5fb-5156128c1a8d",
              "isHook": false,
              "skipped": false
            },
            {
              "title": "Valida detalhes produto - Remover produtos",
              "fullTitle": "Testes - Acessar lista de compra com produto Valida detalhes produto - Remover produtos",
              "timedOut": null,
              "duration": 2555,
              "state": "passed",
              "speed": "fast",
              "pass": true,
              "fail": false,
              "pending": false,
              "context": null,
              "code": "cy.get(btnCarSelecto).click();\ncy.contains('h1', 'Detalhes do produto').should('be.visible');\ncy.get('[data-testid=product-detail-name]').should('have.text', 'Teste Zael Uai');\ncy.get('[data-testid=adicionarNaLista]').click();\ncy.get('[data-testid=product-increase-quantity]').click();\ncy.get('.row > :nth-child(3)').should('have.text', 2);\ncy.get('[data-testid=product-decrease-quantity]').click();\ncy.get('.row > :nth-child(3)').should('have.text', 1);",
              "err": {},
              "uuid": "37924d25-e175-4702-91a3-0949605c1002",
              "parentUUID": "c001769d-da58-415a-b5fb-5156128c1a8d",
              "isHook": false,
              "skipped": false
            },
            {
              "title": "Valida detalhes produto - Adicionar Lista",
              "fullTitle": "Testes - Acessar lista de compra com produto Valida detalhes produto - Adicionar Lista",
              "timedOut": null,
              "duration": 0,
              "state": "pending",
              "speed": null,
              "pass": false,
              "fail": false,
              "pending": true,
              "context": null,
              "code": "",
              "err": {},
              "uuid": "395d4622-223f-4708-8335-6998709db07f",
              "parentUUID": "c001769d-da58-415a-b5fb-5156128c1a8d",
              "isHook": false,
              "skipped": false
            }
          ],
          "suites": [],
          "passes": [
            "7f6c965e-71b3-4228-9195-d7b3cf5028f4",
            "9712df1a-aaed-40a0-b818-0d163272ad3f",
            "37924d25-e175-4702-91a3-0949605c1002"
          ],
          "failures": [],
          "pending": [
            "9a69ba16-c2c7-43d9-b2e4-a098068dd824",
            "cc80da17-3aff-4eab-8946-0753758989df",
            "395d4622-223f-4708-8335-6998709db07f"
          ],
          "skipped": [],
          "duration": 8345,
          "root": false,
          "rootEmpty": false,
          "_timeout": 2000
        }
      ],
      "passes": [],
      "failures": [],
      "pending": [],
      "skipped": [],
      "duration": 0,
      "root": true,
      "rootEmpty": true,
      "_timeout": 2000
    }
  ],
  "meta": {
    "mocha": {
      "version": "7.0.1"
    },
    "mochawesome": {
      "options": {
        "quiet": true,
        "reportFilename": "mochawesome",
        "saveHtml": false,
        "saveJson": true,
        "consoleReporter": "spec",
        "useInlineDiffs": false,
        "code": true
      },
      "version": "7.1.3"
    },
    "marge": {
      "options": {
        "id": "default",
        "reporterDir": "mochawesome-report",
        "quiet": true,
        "overwrite": false,
        "html": false,
        "json": true
      },
      "version": "6.2.0"
    }
  }
}