{
  "stats": {
    "suites": 3,
    "tests": 9,
    "passes": 9,
    "pending": 0,
    "failures": 0,
    "start": "2023-05-30T16:42:42.843Z",
    "end": "2023-05-30T16:42:56.850Z",
    "duration": 14007,
    "testsRegistered": 9,
    "passPercent": 100,
    "pendingPercent": 0,
    "other": 0,
    "hasOther": false,
    "skipped": 0,
    "hasSkipped": false
  },
  "results": [
    {
      "uuid": "d1e36b21-0ace-47b3-bcfc-f21c85c00797",
      "title": "",
      "fullFile": "cypress/e2e/userAdm.cy.js",
      "file": "cypress/e2e/userAdm.cy.js",
      "beforeHooks": [],
      "afterHooks": [],
      "tests": [],
      "suites": [
        {
          "uuid": "936acf53-b801-42c2-a038-4233a1b2b392",
          "title": "Testes - Cadastro de usuário Adm",
          "fullFile": "",
          "file": "",
          "beforeHooks": [],
          "afterHooks": [],
          "tests": [
            {
              "title": "valida cadastro usuário adm sucesso",
              "fullTitle": "Testes - Cadastro de usuário Adm valida cadastro usuário adm sucesso",
              "timedOut": null,
              "duration": 2607,
              "state": "passed",
              "speed": "fast",
              "pass": true,
              "fail": false,
              "pending": false,
              "context": null,
              "code": "user.email = faker.internet.email();\ncy.createUserAdminAdm(user.name, user.email, user.password);\ncy.url().should('be.equal', `${baseUrl}admin/listarusuarios`);",
              "err": {},
              "uuid": "d82415fc-d3e2-4c78-acc1-024beaed98e0",
              "parentUUID": "936acf53-b801-42c2-a038-4233a1b2b392",
              "isHook": false,
              "skipped": false
            },
            {
              "title": "valida cadastro usuário sucesso",
              "fullTitle": "Testes - Cadastro de usuário Adm valida cadastro usuário sucesso",
              "timedOut": null,
              "duration": 2086,
              "state": "passed",
              "speed": "fast",
              "pass": true,
              "fail": false,
              "pending": false,
              "context": null,
              "code": "user.email = faker.internet.email();\ncy.createAdminUser(user.name, user.email, user.password);\ncy.url().should('be.equal', `${baseUrl}admin/listarusuarios`);",
              "err": {},
              "uuid": "5039904e-48a8-41c0-8d1c-caced9477935",
              "parentUUID": "936acf53-b801-42c2-a038-4233a1b2b392",
              "isHook": false,
              "skipped": false
            },
            {
              "title": "valida cadastro sem senha",
              "fullTitle": "Testes - Cadastro de usuário Adm valida cadastro sem senha",
              "timedOut": null,
              "duration": 1976,
              "state": "passed",
              "speed": "fast",
              "pass": true,
              "fail": false,
              "pending": false,
              "context": null,
              "code": "cy.get(nameSelector).type(user.name);\ncy.get(emailSelector).type(user.email);\ncy.get(btnCreateSelector).click();\ncy.contains(alertSelector, 'Password é obrigatório').should('be.visible');",
              "err": {},
              "uuid": "86a21269-117b-458d-b97d-2a24e1adbd1a",
              "parentUUID": "936acf53-b801-42c2-a038-4233a1b2b392",
              "isHook": false,
              "skipped": false
            },
            {
              "title": "valida email invalido",
              "fullTitle": "Testes - Cadastro de usuário Adm valida email invalido",
              "timedOut": null,
              "duration": 1520,
              "state": "passed",
              "speed": "fast",
              "pass": true,
              "fail": false,
              "pending": false,
              "context": null,
              "code": "cy.get(nameSelector).type(user.name);\ncy.get(emailSelector).type('m@m');\ncy.get(passwordSelector).type('teste');\ncy.get(btnCreateSelector).click();\ncy.contains(alertSelector, 'Email deve ser um email válido').should('be.visible');",
              "err": {},
              "uuid": "bb5bd74c-9513-4520-b0ff-b6fd408ff7e8",
              "parentUUID": "936acf53-b801-42c2-a038-4233a1b2b392",
              "isHook": false,
              "skipped": false
            },
            {
              "title": "valida cadastro sem email",
              "fullTitle": "Testes - Cadastro de usuário Adm valida cadastro sem email",
              "timedOut": null,
              "duration": 1241,
              "state": "passed",
              "speed": "fast",
              "pass": true,
              "fail": false,
              "pending": false,
              "context": null,
              "code": "cy.get(nameSelector).type(user.name);\ncy.get(passwordSelector).type('teste');\ncy.get(btnCreateSelector).click();\ncy.contains(alertSelector, 'Email é obrigatório').should('be.visible');",
              "err": {},
              "uuid": "0d845e86-336c-4379-b622-dcb4f290f648",
              "parentUUID": "936acf53-b801-42c2-a038-4233a1b2b392",
              "isHook": false,
              "skipped": false
            },
            {
              "title": "valida sem nome",
              "fullTitle": "Testes - Cadastro de usuário Adm valida sem nome",
              "timedOut": null,
              "duration": 1429,
              "state": "passed",
              "speed": "fast",
              "pass": true,
              "fail": false,
              "pending": false,
              "context": null,
              "code": "cy.get(emailSelector).type('misael@mailer.com');\ncy.get(passwordSelector).type('teste');\ncy.get(btnCreateSelector).click();\ncy.contains(alertSelector, 'Nome é obrigatório').should('be.visible');",
              "err": {},
              "uuid": "1c141d21-709c-4908-a42f-1bc116407272",
              "parentUUID": "936acf53-b801-42c2-a038-4233a1b2b392",
              "isHook": false,
              "skipped": false
            },
            {
              "title": "valida cadastro sem email, senha e nome",
              "fullTitle": "Testes - Cadastro de usuário Adm valida cadastro sem email, senha e nome",
              "timedOut": null,
              "duration": 827,
              "state": "passed",
              "speed": "fast",
              "pass": true,
              "fail": false,
              "pending": false,
              "context": null,
              "code": "cy.get(btnCreateSelector).click();\ncy.contains(alertSelector, 'Email é obrigatório').should('be.visible');\ncy.contains(alertSelector, 'Nome é obrigatório').should('be.visible');\ncy.contains(alertSelector, 'Password é obrigatório').should('be.visible');",
              "err": {},
              "uuid": "49dfca8b-21f9-41a3-bb93-3040f322376f",
              "parentUUID": "936acf53-b801-42c2-a038-4233a1b2b392",
              "isHook": false,
              "skipped": false
            }
          ],
          "suites": [],
          "passes": [
            "d82415fc-d3e2-4c78-acc1-024beaed98e0",
            "5039904e-48a8-41c0-8d1c-caced9477935",
            "86a21269-117b-458d-b97d-2a24e1adbd1a",
            "bb5bd74c-9513-4520-b0ff-b6fd408ff7e8",
            "0d845e86-336c-4379-b622-dcb4f290f648",
            "1c141d21-709c-4908-a42f-1bc116407272",
            "49dfca8b-21f9-41a3-bb93-3040f322376f"
          ],
          "failures": [],
          "pending": [],
          "skipped": [],
          "duration": 11686,
          "root": false,
          "rootEmpty": false,
          "_timeout": 2000
        },
        {
          "uuid": "3147cfa3-c0ca-487b-a322-d8956b543538",
          "title": "Testes - Listar usuários Adm",
          "fullFile": "",
          "file": "",
          "beforeHooks": [],
          "afterHooks": [],
          "tests": [
            {
              "title": "valida página - listagem de usuários",
              "fullTitle": "Testes - Listar usuários Adm valida página - listagem de usuários",
              "timedOut": null,
              "duration": 984,
              "state": "passed",
              "speed": "fast",
              "pass": true,
              "fail": false,
              "pending": false,
              "context": null,
              "code": "cy.contains('h1', 'Lista dos usuários').should('be.visible');\ncy.contains('thead > tr > :nth-child(1)', 'Nome').should('be.visible');\ncy.contains('thead > tr > :nth-child(2)', 'Email').should('be.visible');\ncy.contains('thead > tr > :nth-child(3)', 'Senha').should('be.visible');\ncy.contains('thead > tr > :nth-child(4)', 'Administrador').should('be.visible');\ncy.contains('thead > tr > :nth-child(5)', 'Ações').should('be.visible');\ncy.get(':nth-child(1) > :nth-child(5) > .row > .btn-info').should('be.visible');\ncy.get(':nth-child(4) > :nth-child(5) > .row > .btn-danger').should('be.visible');",
              "err": {},
              "uuid": "2ab15723-7de9-4d31-bfe6-9586436a33d6",
              "parentUUID": "3147cfa3-c0ca-487b-a322-d8956b543538",
              "isHook": false,
              "skipped": false
            }
          ],
          "suites": [],
          "passes": [
            "2ab15723-7de9-4d31-bfe6-9586436a33d6"
          ],
          "failures": [],
          "pending": [],
          "skipped": [],
          "duration": 984,
          "root": false,
          "rootEmpty": false,
          "_timeout": 2000
        },
        {
          "uuid": "ee758a90-3dde-49a4-b407-de0635f7411a",
          "title": "Testes - Listar usuários Adm",
          "fullFile": "",
          "file": "",
          "beforeHooks": [],
          "afterHooks": [],
          "tests": [
            {
              "title": "Teste excluir primeiro usuário",
              "fullTitle": "Testes - Listar usuários Adm Teste excluir primeiro usuário",
              "timedOut": null,
              "duration": 990,
              "state": "passed",
              "speed": "fast",
              "pass": true,
              "fail": false,
              "pending": false,
              "context": null,
              "code": "cy.get(':nth-child(4) > :nth-child(5) > .row > .btn-danger').click();\ncy.url().should('be.equal', `${baseUrl}admin/listarusuarios`); // não tem mensagem de exclusão de usuário",
              "err": {},
              "uuid": "c28714e1-44ab-4b5a-911a-ca74edb45e44",
              "parentUUID": "ee758a90-3dde-49a4-b407-de0635f7411a",
              "isHook": false,
              "skipped": false
            }
          ],
          "suites": [],
          "passes": [
            "c28714e1-44ab-4b5a-911a-ca74edb45e44"
          ],
          "failures": [],
          "pending": [],
          "skipped": [],
          "duration": 990,
          "root": false,
          "rootEmpty": false,
          "_timeout": 2000
        }
      ],
      "passes": [],
      "failures": [],
      "pending": [],
      "skipped": [],
      "duration": 0,
      "root": true,
      "rootEmpty": true,
      "_timeout": 2000
    }
  ],
  "meta": {
    "mocha": {
      "version": "7.0.1"
    },
    "mochawesome": {
      "options": {
        "quiet": true,
        "reportFilename": "mochawesome",
        "saveHtml": false,
        "saveJson": true,
        "consoleReporter": "spec",
        "useInlineDiffs": false,
        "code": true
      },
      "version": "7.1.3"
    },
    "marge": {
      "options": {
        "id": "default",
        "reporterDir": "mochawesome-report",
        "quiet": true,
        "overwrite": false,
        "html": false,
        "json": true
      },
      "version": "6.2.0"
    }
  }
}