{
  "stats": {
    "suites": 2,
    "tests": 10,
    "passes": 10,
    "pending": 0,
    "failures": 0,
    "start": "2022-05-24T17:09:26.229Z",
    "end": "2022-05-24T17:09:39.650Z",
    "duration": 13421,
    "testsRegistered": 10,
    "passPercent": 100,
    "pendingPercent": 0,
    "other": 0,
    "hasOther": false,
    "skipped": 0,
    "hasSkipped": false
  },
  "results": [
    {
      "uuid": "2843d96e-b0c8-42cd-b7a7-33b9a9a5cb8d",
      "title": "",
      "fullFile": "cypress/integration/product.spec.js",
      "file": "cypress/integration/product.spec.js",
      "beforeHooks": [],
      "afterHooks": [],
      "tests": [],
      "suites": [
        {
          "uuid": "eabbfe5f-83b3-4333-993b-265975ed114f",
          "title": "Testes - Cadastro de produtos",
          "fullFile": "",
          "file": "",
          "beforeHooks": [],
          "afterHooks": [],
          "tests": [
            {
              "title": "valida página de cadastro",
              "fullTitle": "Testes - Cadastro de produtos valida página de cadastro",
              "timedOut": null,
              "duration": 944,
              "state": "passed",
              "speed": "fast",
              "pass": true,
              "fail": false,
              "pending": false,
              "context": null,
              "code": "cy.contains('h1', 'Cadastro de Produtos').should('be.visible');",
              "err": {},
              "uuid": "2219f78b-d092-4a62-a559-4fa88d7ba89a",
              "parentUUID": "eabbfe5f-83b3-4333-993b-265975ed114f",
              "isHook": false,
              "skipped": false
            },
            {
              "title": "Cadastrar produto com sucesso",
              "fullTitle": "Testes - Cadastro de produtos Cadastrar produto com sucesso",
              "timedOut": null,
              "duration": 2095,
              "state": "passed",
              "speed": "fast",
              "pass": true,
              "fail": false,
              "pending": false,
              "context": null,
              "code": "cy.get(imageSelector).attachFile('cy.png');\ncy.get(nameSelector).type(prod.nome);\ncy.get(descriptionSelector).type(prod.descricao);\ncy.get(priceSelector).type(prod.preco);\ncy.get(quantitySelector).type(prod.quantidade);\ncy.get(btnCreateSelector).click();\ncy.url().should('be.equal', `${baseUrl}admin/listarprodutos`);",
              "err": {},
              "uuid": "fa615f89-5467-44bc-a348-f43c1cc3ad99",
              "parentUUID": "eabbfe5f-83b3-4333-993b-265975ed114f",
              "isHook": false,
              "skipped": false
            },
            {
              "title": "Cadastrar produto sem nome",
              "fullTitle": "Testes - Cadastro de produtos Cadastrar produto sem nome",
              "timedOut": null,
              "duration": 1734,
              "state": "passed",
              "speed": "fast",
              "pass": true,
              "fail": false,
              "pending": false,
              "context": null,
              "code": "cy.get(descriptionSelector).type(prod.descricao);\ncy.get(priceSelector).type(prod.preco);\ncy.get(quantitySelector).type(prod.quantidade);\ncy.get(btnCreateSelector).click();\ncy.contains(alertSelector, 'Nome é obrigatório').should('be.visible');",
              "err": {},
              "uuid": "1e6277df-5843-49b2-930a-970490d568ba",
              "parentUUID": "eabbfe5f-83b3-4333-993b-265975ed114f",
              "isHook": false,
              "skipped": false
            },
            {
              "title": "Cadastrar produto sem descrição",
              "fullTitle": "Testes - Cadastro de produtos Cadastrar produto sem descrição",
              "timedOut": null,
              "duration": 1227,
              "state": "passed",
              "speed": "fast",
              "pass": true,
              "fail": false,
              "pending": false,
              "context": null,
              "code": "cy.get(nameSelector).type(prod.nome);\ncy.get(priceSelector).type(prod.preco);\ncy.get(quantitySelector).type(prod.quantidade);\ncy.get(btnCreateSelector).click();\ncy.contains(alertSelector, 'Descricao é obrigatório').should('be.visible');",
              "err": {},
              "uuid": "a8e1989d-c57a-4673-bee2-f5beec3398d4",
              "parentUUID": "eabbfe5f-83b3-4333-993b-265975ed114f",
              "isHook": false,
              "skipped": false
            },
            {
              "title": "Cadastrar produto sem preço",
              "fullTitle": "Testes - Cadastro de produtos Cadastrar produto sem preço",
              "timedOut": null,
              "duration": 1681,
              "state": "passed",
              "speed": "fast",
              "pass": true,
              "fail": false,
              "pending": false,
              "context": null,
              "code": "cy.get(imageSelector).attachFile('cy.png');\ncy.get(nameSelector).type(prod.nome);\ncy.get(descriptionSelector).type(prod.descricao);\ncy.get(quantitySelector).type(prod.quantidade);\ncy.get(btnCreateSelector).click();\ncy.contains(alertSelector, 'Preco é obrigatório').should('be.visible');",
              "err": {},
              "uuid": "db72a32f-216d-4d9f-a05b-c1b92e973732",
              "parentUUID": "eabbfe5f-83b3-4333-993b-265975ed114f",
              "isHook": false,
              "skipped": false
            },
            {
              "title": "Cadastrar produto tipo de preço incorreto",
              "fullTitle": "Testes - Cadastro de produtos Cadastrar produto tipo de preço incorreto",
              "timedOut": null,
              "duration": 1824,
              "state": "passed",
              "speed": "fast",
              "pass": true,
              "fail": false,
              "pending": false,
              "context": null,
              "code": "cy.get(imageSelector).attachFile('cy.png');\ncy.get(nameSelector).type(prod.nome);\ncy.get(descriptionSelector).type(prod.descricao);\ncy.get(priceSelector).type('a');\ncy.get(quantitySelector).type(prod.quantidade);\ncy.get(btnCreateSelector).click();\ncy.contains(alertSelector, 'Preco é obrigatório').should('be.visible');",
              "err": {},
              "uuid": "168823ee-c34e-49e4-895a-c8b19d61fedd",
              "parentUUID": "eabbfe5f-83b3-4333-993b-265975ed114f",
              "isHook": false,
              "skipped": false
            },
            {
              "title": "Cadastrar produto sem quantidade",
              "fullTitle": "Testes - Cadastro de produtos Cadastrar produto sem quantidade",
              "timedOut": null,
              "duration": 1643,
              "state": "passed",
              "speed": "fast",
              "pass": true,
              "fail": false,
              "pending": false,
              "context": null,
              "code": "cy.get(imageSelector).attachFile('cy.png');\ncy.get(nameSelector).type(prod.nome);\ncy.get(descriptionSelector).type(prod.descricao);\ncy.get(priceSelector).type(prod.preco);\ncy.get(btnCreateSelector).click();\ncy.contains(alertSelector, 'Quantidade é obrigatório').should('be.visible');",
              "err": {},
              "uuid": "ec717dd0-7442-445c-a21a-88700d8039ff",
              "parentUUID": "eabbfe5f-83b3-4333-993b-265975ed114f",
              "isHook": false,
              "skipped": false
            },
            {
              "title": "Cadastrar produtos - campos obrigatórios",
              "fullTitle": "Testes - Cadastro de produtos Cadastrar produtos - campos obrigatórios",
              "timedOut": null,
              "duration": 703,
              "state": "passed",
              "speed": "fast",
              "pass": true,
              "fail": false,
              "pending": false,
              "context": null,
              "code": "cy.get(btnCreateSelector).click();\ncy.contains(alertSelector, 'Preco é obrigatório').should('be.visible');\ncy.contains(alertSelector, 'Quantidade é obrigatório').should('be.visible');\ncy.contains(alertSelector, 'Nome é obrigatório').should('be.visible');\ncy.contains(alertSelector, 'Descricao é obrigatório').should('be.visible');",
              "err": {},
              "uuid": "10edeec3-94ae-4517-88dc-dd4741915742",
              "parentUUID": "eabbfe5f-83b3-4333-993b-265975ed114f",
              "isHook": false,
              "skipped": false
            }
          ],
          "suites": [],
          "passes": [
            "2219f78b-d092-4a62-a559-4fa88d7ba89a",
            "fa615f89-5467-44bc-a348-f43c1cc3ad99",
            "1e6277df-5843-49b2-930a-970490d568ba",
            "a8e1989d-c57a-4673-bee2-f5beec3398d4",
            "db72a32f-216d-4d9f-a05b-c1b92e973732",
            "168823ee-c34e-49e4-895a-c8b19d61fedd",
            "ec717dd0-7442-445c-a21a-88700d8039ff",
            "10edeec3-94ae-4517-88dc-dd4741915742"
          ],
          "failures": [],
          "pending": [],
          "skipped": [],
          "duration": 11851,
          "root": false,
          "rootEmpty": false,
          "_timeout": 2000
        },
        {
          "uuid": "f698107e-6dc6-4b39-9f53-8e46126a80e0",
          "title": "Testes - Excluir produtos",
          "fullFile": "",
          "file": "",
          "beforeHooks": [],
          "afterHooks": [],
          "tests": [
            {
              "title": "valida página de listagem",
              "fullTitle": "Testes - Excluir produtos valida página de listagem",
              "timedOut": null,
              "duration": 564,
              "state": "passed",
              "speed": "fast",
              "pass": true,
              "fail": false,
              "pending": false,
              "context": null,
              "code": "cy.contains('h1', 'Lista dos Produtos').should('be.visible');",
              "err": {},
              "uuid": "daa01c0e-e7a0-449e-bd8c-5501fa162ac6",
              "parentUUID": "f698107e-6dc6-4b39-9f53-8e46126a80e0",
              "isHook": false,
              "skipped": false
            },
            {
              "title": "excluir produto",
              "fullTitle": "Testes - Excluir produtos excluir produto",
              "timedOut": null,
              "duration": 817,
              "state": "passed",
              "speed": "fast",
              "pass": true,
              "fail": false,
              "pending": false,
              "context": null,
              "code": "cy.get(':nth-child(1) > :nth-child(6) > .row > .btn-danger').click();",
              "err": {},
              "uuid": "d7275436-d327-4d3e-8d08-cec4dfab235d",
              "parentUUID": "f698107e-6dc6-4b39-9f53-8e46126a80e0",
              "isHook": false,
              "skipped": false
            }
          ],
          "suites": [],
          "passes": [
            "daa01c0e-e7a0-449e-bd8c-5501fa162ac6",
            "d7275436-d327-4d3e-8d08-cec4dfab235d"
          ],
          "failures": [],
          "pending": [],
          "skipped": [],
          "duration": 1381,
          "root": false,
          "rootEmpty": false,
          "_timeout": 2000
        }
      ],
      "passes": [],
      "failures": [],
      "pending": [],
      "skipped": [],
      "duration": 0,
      "root": true,
      "rootEmpty": true,
      "_timeout": 2000
    }
  ],
  "meta": {
    "mocha": {
      "version": "7.0.1"
    },
    "mochawesome": {
      "options": {
        "quiet": true,
        "reportFilename": "mochawesome",
        "saveHtml": false,
        "saveJson": true,
        "consoleReporter": "spec",
        "useInlineDiffs": false,
        "code": true
      },
      "version": "7.1.3"
    },
    "marge": {
      "options": {
        "id": "default",
        "reporterDir": "mochawesome-report",
        "quiet": true,
        "overwrite": false,
        "html": false,
        "json": true
      },
      "version": "6.2.0"
    }
  }
}