{
  "stats": {
    "suites": 1,
    "tests": 4,
    "passes": 3,
    "pending": 7,
    "failures": -6,
    "start": "2022-11-29T16:52:14.275Z",
    "end": "2022-11-29T16:52:20.355Z",
    "duration": 6080,
    "testsRegistered": 10,
    "passPercent": 100,
    "pendingPercent": 70,
    "other": 6,
    "hasOther": true,
    "skipped": 7,
    "hasSkipped": true
  },
  "results": [
    {
      "uuid": "d91f0ebf-b6b5-423a-add8-13303aea82dc",
      "title": "",
      "fullFile": "cypress/e2e/login.cy.js",
      "file": "cypress/e2e/login.cy.js",
      "beforeHooks": [],
      "afterHooks": [],
      "tests": [],
      "suites": [
        {
          "uuid": "8368b518-402e-4fbe-a069-6a557dc833f2",
          "title": "Testes de Login",
          "fullFile": "",
          "file": "",
          "beforeHooks": [],
          "afterHooks": [],
          "tests": [
            {
              "title": "valida página de login",
              "fullTitle": "Testes de Login valida página de login",
              "timedOut": null,
              "duration": 0,
              "state": "pending",
              "speed": null,
              "pass": false,
              "fail": false,
              "pending": false,
              "context": null,
              "code": "cy.url().should('be.equal', `${baseUrl}login`);",
              "err": {},
              "uuid": "80c7b860-dd49-45ba-be77-9f186a830f48",
              "parentUUID": "8368b518-402e-4fbe-a069-6a557dc833f2",
              "isHook": false,
              "skipped": true
            },
            {
              "title": "valida login adm sucesso",
              "fullTitle": "Testes de Login valida login adm sucesso",
              "timedOut": null,
              "duration": 2422,
              "state": "passed",
              "speed": "fast",
              "pass": true,
              "fail": false,
              "pending": false,
              "context": null,
              "code": "cy.login(Cypress.env('admUser'), Cypress.env('password'));\ncy.url().should('be.equal', `${baseUrl}admin/home`);",
              "err": {},
              "uuid": "59bb4b47-a63b-41c6-8621-70d935464f54",
              "parentUUID": "8368b518-402e-4fbe-a069-6a557dc833f2",
              "isHook": false,
              "skipped": false
            },
            {
              "title": "valida login user sucesso",
              "fullTitle": "Testes de Login valida login user sucesso",
              "timedOut": null,
              "duration": 1582,
              "state": "passed",
              "speed": "fast",
              "pass": true,
              "fail": false,
              "pending": false,
              "context": null,
              "code": "cy.login(Cypress.env('user'), Cypress.env('password'));\ncy.url().should('be.equal', `${baseUrl}home`);",
              "err": {},
              "uuid": "fc1dc498-8c64-4967-992c-dd23a5057e37",
              "parentUUID": "8368b518-402e-4fbe-a069-6a557dc833f2",
              "isHook": false,
              "skipped": false
            },
            {
              "title": "valida email incorreto",
              "fullTitle": "Testes de Login valida email incorreto",
              "timedOut": null,
              "duration": 0,
              "state": "pending",
              "speed": null,
              "pass": false,
              "fail": false,
              "pending": false,
              "context": null,
              "code": "cy.login('misael@qc.com.br', Cypress.env('password'));\ncy.contains(alertSelector, 'Email e/ou senha inválidos').should('be.visible');",
              "err": {},
              "uuid": "0bbbfb96-bcf3-4d91-af56-a65e07641f31",
              "parentUUID": "8368b518-402e-4fbe-a069-6a557dc833f2",
              "isHook": false,
              "skipped": true
            },
            {
              "title": "valida senha incorreta",
              "fullTitle": "Testes de Login valida senha incorreta",
              "timedOut": null,
              "duration": 0,
              "state": "pending",
              "speed": null,
              "pass": false,
              "fail": false,
              "pending": false,
              "context": null,
              "code": "cy.login(Cypress.env('user'), 'testing');\ncy.contains(alertSelector, 'Email e/ou senha inválidos').should('be.visible');",
              "err": {},
              "uuid": "27473b70-77a2-42af-9226-52a76e7a023d",
              "parentUUID": "8368b518-402e-4fbe-a069-6a557dc833f2",
              "isHook": false,
              "skipped": true
            },
            {
              "title": "valida logout sucesso",
              "fullTitle": "Testes de Login valida logout sucesso",
              "timedOut": null,
              "duration": 1732,
              "state": "passed",
              "speed": "fast",
              "pass": true,
              "fail": false,
              "pending": false,
              "context": null,
              "code": "cy.login(Cypress.env('user'), Cypress.env('password'));\ncy.get('[data-testid=logout]').click();\ncy.url().should('be.equal', `${baseUrl}login`);",
              "err": {},
              "uuid": "22952a90-aa5c-4aca-9509-2633a3c9f7e2",
              "parentUUID": "8368b518-402e-4fbe-a069-6a557dc833f2",
              "isHook": false,
              "skipped": false
            },
            {
              "title": "valida login sem senha",
              "fullTitle": "Testes de Login valida login sem senha",
              "timedOut": null,
              "duration": 0,
              "state": "pending",
              "speed": null,
              "pass": false,
              "fail": false,
              "pending": false,
              "context": null,
              "code": "cy.get(emailSelector).type(Cypress.env('user'));\ncy.get(btnLoginSelector).click();\ncy.contains(alertSelector, 'Password é obrigatório').should('be.visible');",
              "err": {},
              "uuid": "7b2270a8-26cd-4c9b-848a-ae7467e7d7e8",
              "parentUUID": "8368b518-402e-4fbe-a069-6a557dc833f2",
              "isHook": false,
              "skipped": true
            },
            {
              "title": "valida email invalido",
              "fullTitle": "Testes de Login valida email invalido",
              "timedOut": null,
              "duration": 0,
              "state": "pending",
              "speed": null,
              "pass": false,
              "fail": false,
              "pending": false,
              "context": null,
              "code": "cy.login('m@m', Cypress.env('password'));\ncy.contains(alertSelector, 'Email deve ser um email válido').should('be.visible');",
              "err": {},
              "uuid": "31414a6f-c2ab-4492-a216-eea37489dd80",
              "parentUUID": "8368b518-402e-4fbe-a069-6a557dc833f2",
              "isHook": false,
              "skipped": true
            },
            {
              "title": "valida login sem email",
              "fullTitle": "Testes de Login valida login sem email",
              "timedOut": null,
              "duration": 0,
              "state": "pending",
              "speed": null,
              "pass": false,
              "fail": false,
              "pending": false,
              "context": null,
              "code": "cy.get(passwordSelector).type(Cypress.env('password'));\ncy.get(btnLoginSelector).click();\ncy.contains(alertSelector, 'Email é obrigatório').should('be.visible');",
              "err": {},
              "uuid": "6ec8d663-7301-408f-8704-31d777a769d8",
              "parentUUID": "8368b518-402e-4fbe-a069-6a557dc833f2",
              "isHook": false,
              "skipped": true
            },
            {
              "title": "valida login sem email e senha",
              "fullTitle": "Testes de Login valida login sem email e senha",
              "timedOut": null,
              "duration": 0,
              "state": "pending",
              "speed": null,
              "pass": false,
              "fail": false,
              "pending": false,
              "context": null,
              "code": "cy.get(btnLoginSelector).click();\ncy.contains(alertSelector, 'Email é obrigatório').should('be.visible');\ncy.contains(alertSelector, 'Password é obrigatório').should('be.visible');",
              "err": {},
              "uuid": "fd3f7c6c-b8bd-4d43-b507-7f72f55e9561",
              "parentUUID": "8368b518-402e-4fbe-a069-6a557dc833f2",
              "isHook": false,
              "skipped": true
            }
          ],
          "suites": [],
          "passes": [
            "59bb4b47-a63b-41c6-8621-70d935464f54",
            "fc1dc498-8c64-4967-992c-dd23a5057e37",
            "22952a90-aa5c-4aca-9509-2633a3c9f7e2"
          ],
          "failures": [],
          "pending": [],
          "skipped": [
            "80c7b860-dd49-45ba-be77-9f186a830f48",
            "0bbbfb96-bcf3-4d91-af56-a65e07641f31",
            "27473b70-77a2-42af-9226-52a76e7a023d",
            "7b2270a8-26cd-4c9b-848a-ae7467e7d7e8",
            "31414a6f-c2ab-4492-a216-eea37489dd80",
            "6ec8d663-7301-408f-8704-31d777a769d8",
            "fd3f7c6c-b8bd-4d43-b507-7f72f55e9561"
          ],
          "duration": 5736,
          "root": false,
          "rootEmpty": false,
          "_timeout": 2000
        }
      ],
      "passes": [],
      "failures": [],
      "pending": [],
      "skipped": [],
      "duration": 0,
      "root": true,
      "rootEmpty": true,
      "_timeout": 2000
    }
  ],
  "meta": {
    "mocha": {
      "version": "7.0.1"
    },
    "mochawesome": {
      "options": {
        "quiet": true,
        "reportFilename": "mochawesome",
        "saveHtml": false,
        "saveJson": true,
        "consoleReporter": "spec",
        "useInlineDiffs": false,
        "code": true
      },
      "version": "7.1.3"
    },
    "marge": {
      "options": {
        "id": "default",
        "reporterDir": "mochawesome-report",
        "quiet": true,
        "overwrite": false,
        "html": false,
        "json": true
      },
      "version": "6.2.0"
    }
  }
}