{
  "stats": {
    "suites": 1,
    "tests": 10,
    "passes": 10,
    "pending": 0,
    "failures": 0,
    "start": "2022-06-07T17:01:50.114Z",
    "end": "2022-06-07T17:02:01.335Z",
    "duration": 11221,
    "testsRegistered": 10,
    "passPercent": 100,
    "pendingPercent": 0,
    "other": 0,
    "hasOther": false,
    "skipped": 0,
    "hasSkipped": false
  },
  "results": [
    {
      "uuid": "edf144c4-911b-4bc6-ab60-84769471fe39",
      "title": "",
      "fullFile": "cypress/integration/login.spec.js",
      "file": "cypress/integration/login.spec.js",
      "beforeHooks": [],
      "afterHooks": [],
      "tests": [],
      "suites": [
        {
          "uuid": "ac0c9aaf-9150-41c5-97ca-eb6dc5244ff3",
          "title": "Testes de Login",
          "fullFile": "",
          "file": "",
          "beforeHooks": [],
          "afterHooks": [],
          "tests": [
            {
              "title": "valida página de login",
              "fullTitle": "Testes de Login valida página de login",
              "timedOut": null,
              "duration": 705,
              "state": "passed",
              "speed": "fast",
              "pass": true,
              "fail": false,
              "pending": false,
              "context": null,
              "code": "cy.url().should('be.equal', `${baseUrl}login`);",
              "err": {},
              "uuid": "9745f14f-e7da-450c-908d-eb4bf6ce075c",
              "parentUUID": "ac0c9aaf-9150-41c5-97ca-eb6dc5244ff3",
              "isHook": false,
              "skipped": false
            },
            {
              "title": "valida login adm sucesso",
              "fullTitle": "Testes de Login valida login adm sucesso",
              "timedOut": null,
              "duration": 1556,
              "state": "passed",
              "speed": "fast",
              "pass": true,
              "fail": false,
              "pending": false,
              "context": null,
              "code": "cy.login(Cypress.env('admUser'), Cypress.env('password'));\ncy.url().should('be.equal', `${baseUrl}admin/home`);",
              "err": {},
              "uuid": "a95352f0-507d-45e7-a600-be301823914d",
              "parentUUID": "ac0c9aaf-9150-41c5-97ca-eb6dc5244ff3",
              "isHook": false,
              "skipped": false
            },
            {
              "title": "valida login user sucesso",
              "fullTitle": "Testes de Login valida login user sucesso",
              "timedOut": null,
              "duration": 1493,
              "state": "passed",
              "speed": "fast",
              "pass": true,
              "fail": false,
              "pending": false,
              "context": null,
              "code": "cy.login(Cypress.env('user'), Cypress.env('password'));\ncy.url().should('be.equal', `${baseUrl}home`);",
              "err": {},
              "uuid": "925749dc-e645-4157-90a1-b59af6a7a006",
              "parentUUID": "ac0c9aaf-9150-41c5-97ca-eb6dc5244ff3",
              "isHook": false,
              "skipped": false
            },
            {
              "title": "valida email incorreto",
              "fullTitle": "Testes de Login valida email incorreto",
              "timedOut": null,
              "duration": 1424,
              "state": "passed",
              "speed": "fast",
              "pass": true,
              "fail": false,
              "pending": false,
              "context": null,
              "code": "cy.login('misael@qc.com.br', Cypress.env('password'));\ncy.contains(alertSelector, 'Email e/ou senha inválidos').should('be.visible');",
              "err": {},
              "uuid": "3f43a939-7fa1-4c73-b705-87c9b0f63fac",
              "parentUUID": "ac0c9aaf-9150-41c5-97ca-eb6dc5244ff3",
              "isHook": false,
              "skipped": false
            },
            {
              "title": "valida senha incorreta",
              "fullTitle": "Testes de Login valida senha incorreta",
              "timedOut": null,
              "duration": 1238,
              "state": "passed",
              "speed": "fast",
              "pass": true,
              "fail": false,
              "pending": false,
              "context": null,
              "code": "cy.login(Cypress.env('user'), 'testing');\ncy.contains(alertSelector, 'Email e/ou senha inválidos').should('be.visible');",
              "err": {},
              "uuid": "01e12d07-01d4-4604-8a33-4a5cc1ca601e",
              "parentUUID": "ac0c9aaf-9150-41c5-97ca-eb6dc5244ff3",
              "isHook": false,
              "skipped": false
            },
            {
              "title": "valida logout sucesso",
              "fullTitle": "Testes de Login valida logout sucesso",
              "timedOut": null,
              "duration": 1482,
              "state": "passed",
              "speed": "fast",
              "pass": true,
              "fail": false,
              "pending": false,
              "context": null,
              "code": "cy.login(Cypress.env('user'), Cypress.env('password'));\ncy.get('[data-testid=logout]').click();\ncy.url().should('be.equal', `${baseUrl}login`);",
              "err": {},
              "uuid": "108ae24d-e632-4e5e-a63c-63adec5fffd9",
              "parentUUID": "ac0c9aaf-9150-41c5-97ca-eb6dc5244ff3",
              "isHook": false,
              "skipped": false
            },
            {
              "title": "valida login sem senha",
              "fullTitle": "Testes de Login valida login sem senha",
              "timedOut": null,
              "duration": 874,
              "state": "passed",
              "speed": "fast",
              "pass": true,
              "fail": false,
              "pending": false,
              "context": null,
              "code": "cy.get(emailSelector).type(Cypress.env('user'));\ncy.get(btnLoginSelector).click();\ncy.contains(alertSelector, 'Password é obrigatório').should('be.visible');",
              "err": {},
              "uuid": "036a1c0b-d754-46ea-b1cb-9b186f465bd2",
              "parentUUID": "ac0c9aaf-9150-41c5-97ca-eb6dc5244ff3",
              "isHook": false,
              "skipped": false
            },
            {
              "title": "valida email invalido",
              "fullTitle": "Testes de Login valida email invalido",
              "timedOut": null,
              "duration": 910,
              "state": "passed",
              "speed": "fast",
              "pass": true,
              "fail": false,
              "pending": false,
              "context": null,
              "code": "cy.login('m@m', Cypress.env('password'));\ncy.contains(alertSelector, 'Email deve ser um email válido').should('be.visible');",
              "err": {},
              "uuid": "34a62f98-7091-4910-9990-d70ac4788261",
              "parentUUID": "ac0c9aaf-9150-41c5-97ca-eb6dc5244ff3",
              "isHook": false,
              "skipped": false
            },
            {
              "title": "valida login sem email",
              "fullTitle": "Testes de Login valida login sem email",
              "timedOut": null,
              "duration": 803,
              "state": "passed",
              "speed": "fast",
              "pass": true,
              "fail": false,
              "pending": false,
              "context": null,
              "code": "cy.get(passwordSelector).type(Cypress.env('password'));\ncy.get(btnLoginSelector).click();\ncy.contains(alertSelector, 'Email é obrigatório').should('be.visible');",
              "err": {},
              "uuid": "20cf977a-7f21-45ea-ac0e-c8062c43d425",
              "parentUUID": "ac0c9aaf-9150-41c5-97ca-eb6dc5244ff3",
              "isHook": false,
              "skipped": false
            },
            {
              "title": "valida login sem email e senha",
              "fullTitle": "Testes de Login valida login sem email e senha",
              "timedOut": null,
              "duration": 572,
              "state": "passed",
              "speed": "fast",
              "pass": true,
              "fail": false,
              "pending": false,
              "context": null,
              "code": "cy.get(btnLoginSelector).click();\ncy.contains(alertSelector, 'Email é obrigatório').should('be.visible');\ncy.contains(alertSelector, 'Password é obrigatório').should('be.visible');",
              "err": {},
              "uuid": "0c25a3b8-1660-4d87-af1d-2599d72a0610",
              "parentUUID": "ac0c9aaf-9150-41c5-97ca-eb6dc5244ff3",
              "isHook": false,
              "skipped": false
            }
          ],
          "suites": [],
          "passes": [
            "9745f14f-e7da-450c-908d-eb4bf6ce075c",
            "a95352f0-507d-45e7-a600-be301823914d",
            "925749dc-e645-4157-90a1-b59af6a7a006",
            "3f43a939-7fa1-4c73-b705-87c9b0f63fac",
            "01e12d07-01d4-4604-8a33-4a5cc1ca601e",
            "108ae24d-e632-4e5e-a63c-63adec5fffd9",
            "036a1c0b-d754-46ea-b1cb-9b186f465bd2",
            "34a62f98-7091-4910-9990-d70ac4788261",
            "20cf977a-7f21-45ea-ac0e-c8062c43d425",
            "0c25a3b8-1660-4d87-af1d-2599d72a0610"
          ],
          "failures": [],
          "pending": [],
          "skipped": [],
          "duration": 11057,
          "root": false,
          "rootEmpty": false,
          "_timeout": 2000
        }
      ],
      "passes": [],
      "failures": [],
      "pending": [],
      "skipped": [],
      "duration": 0,
      "root": true,
      "rootEmpty": true,
      "_timeout": 2000
    }
  ],
  "meta": {
    "mocha": {
      "version": "7.0.1"
    },
    "mochawesome": {
      "options": {
        "quiet": true,
        "reportFilename": "mochawesome",
        "saveHtml": false,
        "saveJson": true,
        "consoleReporter": "spec",
        "useInlineDiffs": false,
        "code": true
      },
      "version": "7.1.3"
    },
    "marge": {
      "options": {
        "id": "default",
        "reporterDir": "mochawesome-report",
        "quiet": true,
        "overwrite": false,
        "html": false,
        "json": true
      },
      "version": "6.2.0"
    }
  }
}