{
  "stats": {
    "suites": 2,
    "tests": 3,
    "passes": 1,
    "pending": 9,
    "failures": -7,
    "start": "2022-03-01T16:56:32.336Z",
    "end": "2022-03-01T16:56:36.516Z",
    "duration": 4180,
    "testsRegistered": 10,
    "passPercent": 100,
    "pendingPercent": 90,
    "other": 7,
    "hasOther": true,
    "skipped": 0,
    "hasSkipped": false
  },
  "results": [
    {
      "uuid": "d252fab6-ff8f-473c-9439-a79e938ba661",
      "title": "",
      "fullFile": "cypress/integration/product.spec.js",
      "file": "cypress/integration/product.spec.js",
      "beforeHooks": [],
      "afterHooks": [],
      "tests": [],
      "suites": [
        {
          "uuid": "92c3af92-9cc7-4390-97cc-7059708e589c",
          "title": "Testes - Cadastro de produtos",
          "fullFile": "",
          "file": "",
          "beforeHooks": [],
          "afterHooks": [],
          "tests": [
            {
              "title": "valida página de cadastro",
              "fullTitle": "Testes - Cadastro de produtos valida página de cadastro",
              "timedOut": null,
              "duration": 0,
              "state": "pending",
              "speed": null,
              "pass": false,
              "fail": false,
              "pending": true,
              "context": null,
              "code": "",
              "err": {},
              "uuid": "e2015f58-240f-4812-9562-3728ba6e6ca0",
              "parentUUID": "92c3af92-9cc7-4390-97cc-7059708e589c",
              "isHook": false,
              "skipped": false
            },
            {
              "title": "Cadastrar produto com sucesso",
              "fullTitle": "Testes - Cadastro de produtos Cadastrar produto com sucesso",
              "timedOut": null,
              "duration": 3953,
              "state": "passed",
              "speed": "fast",
              "pass": true,
              "fail": false,
              "pending": false,
              "context": null,
              "code": "cy.get(imageSelector).attachFile('cy.png');\ncy.get(nameSelector).type(prod.nome);\ncy.get(descriptionSelector).type(prod.descricao);\ncy.get(priceSelector).type(prod.preco);\ncy.get(quantitySelector).type(prod.quantidade);\ncy.get(btnCreateSelector).click();\ncy.url().should('be.equal', `${baseUrl}admin/listarprodutos`);",
              "err": {},
              "uuid": "fddf20cf-1574-4728-9721-c1ae9e661622",
              "parentUUID": "92c3af92-9cc7-4390-97cc-7059708e589c",
              "isHook": false,
              "skipped": false
            },
            {
              "title": "Cadastrar produto sem nome",
              "fullTitle": "Testes - Cadastro de produtos Cadastrar produto sem nome",
              "timedOut": null,
              "duration": 0,
              "state": "pending",
              "speed": null,
              "pass": false,
              "fail": false,
              "pending": true,
              "context": null,
              "code": "",
              "err": {},
              "uuid": "3201a46b-95e0-4509-81ee-eefaa84171c0",
              "parentUUID": "92c3af92-9cc7-4390-97cc-7059708e589c",
              "isHook": false,
              "skipped": false
            },
            {
              "title": "Cadastrar produto sem descrição",
              "fullTitle": "Testes - Cadastro de produtos Cadastrar produto sem descrição",
              "timedOut": null,
              "duration": 0,
              "state": "pending",
              "speed": null,
              "pass": false,
              "fail": false,
              "pending": true,
              "context": null,
              "code": "",
              "err": {},
              "uuid": "000fe6c1-116e-41dd-9a49-7adbec689f01",
              "parentUUID": "92c3af92-9cc7-4390-97cc-7059708e589c",
              "isHook": false,
              "skipped": false
            },
            {
              "title": "Cadastrar produto sem preço",
              "fullTitle": "Testes - Cadastro de produtos Cadastrar produto sem preço",
              "timedOut": null,
              "duration": 0,
              "state": "pending",
              "speed": null,
              "pass": false,
              "fail": false,
              "pending": true,
              "context": null,
              "code": "",
              "err": {},
              "uuid": "88f2e5df-d2de-484f-91bb-9ba989b81022",
              "parentUUID": "92c3af92-9cc7-4390-97cc-7059708e589c",
              "isHook": false,
              "skipped": false
            },
            {
              "title": "Cadastrar produto tipo de preço incorreto",
              "fullTitle": "Testes - Cadastro de produtos Cadastrar produto tipo de preço incorreto",
              "timedOut": null,
              "duration": 0,
              "state": "pending",
              "speed": null,
              "pass": false,
              "fail": false,
              "pending": true,
              "context": null,
              "code": "",
              "err": {},
              "uuid": "3d5b91a8-244c-49ef-a657-a766ff716464",
              "parentUUID": "92c3af92-9cc7-4390-97cc-7059708e589c",
              "isHook": false,
              "skipped": false
            },
            {
              "title": "Cadastrar produto sem quantidade",
              "fullTitle": "Testes - Cadastro de produtos Cadastrar produto sem quantidade",
              "timedOut": null,
              "duration": 0,
              "state": "pending",
              "speed": null,
              "pass": false,
              "fail": false,
              "pending": true,
              "context": null,
              "code": "",
              "err": {},
              "uuid": "d5ca10f9-298b-482b-9213-dcc493f6d58d",
              "parentUUID": "92c3af92-9cc7-4390-97cc-7059708e589c",
              "isHook": false,
              "skipped": false
            },
            {
              "title": "Cadastrar produtos - campos obrigatórios",
              "fullTitle": "Testes - Cadastro de produtos Cadastrar produtos - campos obrigatórios",
              "timedOut": null,
              "duration": 0,
              "state": "pending",
              "speed": null,
              "pass": false,
              "fail": false,
              "pending": true,
              "context": null,
              "code": "",
              "err": {},
              "uuid": "4e9c5b3f-d640-46b9-b8c0-2e793e459462",
              "parentUUID": "92c3af92-9cc7-4390-97cc-7059708e589c",
              "isHook": false,
              "skipped": false
            }
          ],
          "suites": [],
          "passes": [
            "fddf20cf-1574-4728-9721-c1ae9e661622"
          ],
          "failures": [],
          "pending": [
            "e2015f58-240f-4812-9562-3728ba6e6ca0",
            "3201a46b-95e0-4509-81ee-eefaa84171c0",
            "000fe6c1-116e-41dd-9a49-7adbec689f01",
            "88f2e5df-d2de-484f-91bb-9ba989b81022",
            "3d5b91a8-244c-49ef-a657-a766ff716464",
            "d5ca10f9-298b-482b-9213-dcc493f6d58d",
            "4e9c5b3f-d640-46b9-b8c0-2e793e459462"
          ],
          "skipped": [],
          "duration": 3953,
          "root": false,
          "rootEmpty": false,
          "_timeout": 2000
        },
        {
          "uuid": "9c6a006b-9188-4932-93bd-bef2e8df0629",
          "title": "Testes - Excluir produtos",
          "fullFile": "",
          "file": "",
          "beforeHooks": [],
          "afterHooks": [],
          "tests": [
            {
              "title": "valida página de listagem",
              "fullTitle": "Testes - Excluir produtos valida página de listagem",
              "timedOut": null,
              "duration": 0,
              "state": "pending",
              "speed": null,
              "pass": false,
              "fail": false,
              "pending": true,
              "context": null,
              "code": "",
              "err": {},
              "uuid": "afc51731-6b45-42f6-9efe-43db7f3f4409",
              "parentUUID": "9c6a006b-9188-4932-93bd-bef2e8df0629",
              "isHook": false,
              "skipped": false
            },
            {
              "title": "excluir produto",
              "fullTitle": "Testes - Excluir produtos excluir produto",
              "timedOut": null,
              "duration": 0,
              "state": "pending",
              "speed": null,
              "pass": false,
              "fail": false,
              "pending": true,
              "context": null,
              "code": "",
              "err": {},
              "uuid": "54b719c0-bc94-4b21-bcd8-bf0a6e222129",
              "parentUUID": "9c6a006b-9188-4932-93bd-bef2e8df0629",
              "isHook": false,
              "skipped": false
            }
          ],
          "suites": [],
          "passes": [],
          "failures": [],
          "pending": [
            "afc51731-6b45-42f6-9efe-43db7f3f4409",
            "54b719c0-bc94-4b21-bcd8-bf0a6e222129"
          ],
          "skipped": [],
          "duration": 0,
          "root": false,
          "rootEmpty": false,
          "_timeout": 2000
        }
      ],
      "passes": [],
      "failures": [],
      "pending": [],
      "skipped": [],
      "duration": 0,
      "root": true,
      "rootEmpty": true,
      "_timeout": 2000
    }
  ],
  "meta": {
    "mocha": {
      "version": "7.0.1"
    },
    "mochawesome": {
      "options": {
        "quiet": true,
        "reportFilename": "mochawesome",
        "saveHtml": false,
        "saveJson": true,
        "consoleReporter": "spec",
        "useInlineDiffs": false,
        "code": true
      },
      "version": "7.1.0"
    },
    "marge": {
      "options": {
        "id": "default",
        "reporterDir": "mochawesome-report",
        "quiet": true,
        "overwrite": false,
        "html": false,
        "json": true
      },
      "version": "6.1.0"
    }
  }
}