{
  "stats": {
    "suites": 2,
    "tests": 5,
    "passes": 3,
    "pending": 5,
    "failures": -3,
    "start": "2021-12-07T19:09:45.647Z",
    "end": "2021-12-07T19:09:57.938Z",
    "duration": 12291,
    "testsRegistered": 8,
    "passPercent": 100,
    "pendingPercent": 62.5,
    "other": 3,
    "hasOther": true,
    "skipped": 0,
    "hasSkipped": false
  },
  "results": [
    {
      "uuid": "5f1022d2-89b0-43cd-9a12-74ce954585b8",
      "title": "",
      "fullFile": "cypress/integration/listShopping.spec.js",
      "file": "cypress/integration/listShopping.spec.js",
      "beforeHooks": [],
      "afterHooks": [],
      "tests": [],
      "suites": [
        {
          "uuid": "6649c9f3-efc6-4262-814f-67fa59ec29cb",
          "title": "Testes - Acessar lista de compra",
          "fullFile": "",
          "file": "",
          "beforeHooks": [],
          "afterHooks": [],
          "tests": [
            {
              "title": "Valida lista de compra",
              "fullTitle": "Testes - Acessar lista de compra Valida lista de compra",
              "timedOut": null,
              "duration": 0,
              "state": "pending",
              "speed": null,
              "pass": false,
              "fail": false,
              "pending": true,
              "context": null,
              "code": "",
              "err": {},
              "uuid": "dd82e7ff-6830-473b-825c-d3468b31242f",
              "parentUUID": "6649c9f3-efc6-4262-814f-67fa59ec29cb",
              "isHook": false,
              "skipped": false
            },
            {
              "title": "Voltar para a home",
              "fullTitle": "Testes - Acessar lista de compra Voltar para a home",
              "timedOut": null,
              "duration": 0,
              "state": "pending",
              "speed": null,
              "pass": false,
              "fail": false,
              "pending": true,
              "context": null,
              "code": "",
              "err": {},
              "uuid": "615f2912-4c14-484c-986a-0aeb362f152a",
              "parentUUID": "6649c9f3-efc6-4262-814f-67fa59ec29cb",
              "isHook": false,
              "skipped": false
            }
          ],
          "suites": [],
          "passes": [],
          "failures": [],
          "pending": [
            "dd82e7ff-6830-473b-825c-d3468b31242f",
            "615f2912-4c14-484c-986a-0aeb362f152a"
          ],
          "skipped": [],
          "duration": 0,
          "root": false,
          "rootEmpty": false,
          "_timeout": 2000
        },
        {
          "uuid": "bbb3ddb3-07c7-4ce2-bfab-910942601063",
          "title": "Testes - Acessar lista de compra com produto",
          "fullFile": "",
          "file": "",
          "beforeHooks": [],
          "afterHooks": [],
          "tests": [
            {
              "title": "Valida detalhes produto - voltar",
              "fullTitle": "Testes - Acessar lista de compra com produto Valida detalhes produto - voltar",
              "timedOut": null,
              "duration": 4485,
              "state": "passed",
              "speed": "fast",
              "pass": true,
              "fail": false,
              "pending": false,
              "context": null,
              "code": "cy.get(btnCarSelecto).click();\ncy.contains('h1', 'Detalhes do produto').should('be.visible');\ncy.get('[data-testid=product-detail-name]').should('have.text', 'Teste Zael Uai');\ncy.get('[data-testid=voltarHome]').click();\ncy.url().should('be.equal', `${baseUrl}home`);",
              "err": {},
              "uuid": "8dab72dc-8cc1-4844-b791-b8c929d6d6b2",
              "parentUUID": "bbb3ddb3-07c7-4ce2-bfab-910942601063",
              "isHook": false,
              "skipped": false
            },
            {
              "title": "Valida detalhes produto - adicionar lista",
              "fullTitle": "Testes - Acessar lista de compra com produto Valida detalhes produto - adicionar lista",
              "timedOut": null,
              "duration": 4103,
              "state": "passed",
              "speed": "fast",
              "pass": true,
              "fail": false,
              "pending": false,
              "context": null,
              "code": "cy.get(btnCarSelecto).click();\ncy.contains('h1', 'Detalhes do produto').should('be.visible');\ncy.get('[data-testid=product-detail-name]').should('have.text', 'Teste Zael Uai');\ncy.get('[data-testid=adicionarNaLista]').click();\ncy.url().should('be.equal', `${baseUrl}minhaListaDeProdutos`);\ncy.get('[data-testid=limparLista]').click();\ncy.contains('[data-testid=shopping-cart-empty-message]', 'Seu carrinho está vazio').should('be.visible');",
              "err": {},
              "uuid": "3945fb36-dc86-4d1e-8a0d-dc2e464f4105",
              "parentUUID": "bbb3ddb3-07c7-4ce2-bfab-910942601063",
              "isHook": false,
              "skipped": false
            },
            {
              "title": "Valida detalhes produto - adicionar lista e carrinho",
              "fullTitle": "Testes - Acessar lista de compra com produto Valida detalhes produto - adicionar lista e carrinho",
              "timedOut": null,
              "duration": 0,
              "state": "pending",
              "speed": null,
              "pass": false,
              "fail": false,
              "pending": true,
              "context": null,
              "code": "",
              "err": {},
              "uuid": "10e1b86a-8d39-464a-94fd-b069ef80f4c1",
              "parentUUID": "bbb3ddb3-07c7-4ce2-bfab-910942601063",
              "isHook": false,
              "skipped": false
            },
            {
              "title": "Valida detalhes produto - Adicionar produtos",
              "fullTitle": "Testes - Acessar lista de compra com produto Valida detalhes produto - Adicionar produtos",
              "timedOut": null,
              "duration": 0,
              "state": "pending",
              "speed": null,
              "pass": false,
              "fail": false,
              "pending": true,
              "context": null,
              "code": "",
              "err": {},
              "uuid": "289122e1-f442-45a6-9fa5-27f6c6d0ece9",
              "parentUUID": "bbb3ddb3-07c7-4ce2-bfab-910942601063",
              "isHook": false,
              "skipped": false
            },
            {
              "title": "Valida detalhes produto - Remover produtos",
              "fullTitle": "Testes - Acessar lista de compra com produto Valida detalhes produto - Remover produtos",
              "timedOut": null,
              "duration": 3574,
              "state": "passed",
              "speed": "fast",
              "pass": true,
              "fail": false,
              "pending": false,
              "context": null,
              "code": "cy.get(btnCarSelecto).click();\ncy.contains('h1', 'Detalhes do produto').should('be.visible');\ncy.get('[data-testid=product-detail-name]').should('have.text', 'Teste Zael Uai');\ncy.get('[data-testid=adicionarNaLista]').click();\ncy.get('[data-testid=product-increase-quantity]').click();\ncy.get('.row > :nth-child(3)').should('have.text', 2);\ncy.get('[data-testid=product-decrease-quantity]').click();\ncy.get('.row > :nth-child(3)').should('have.text', 1);",
              "err": {},
              "uuid": "5418c7e0-f97e-44bf-8418-9dfacee5577e",
              "parentUUID": "bbb3ddb3-07c7-4ce2-bfab-910942601063",
              "isHook": false,
              "skipped": false
            },
            {
              "title": "Valida detalhes produto - Adicionar Lista",
              "fullTitle": "Testes - Acessar lista de compra com produto Valida detalhes produto - Adicionar Lista",
              "timedOut": null,
              "duration": 0,
              "state": "pending",
              "speed": null,
              "pass": false,
              "fail": false,
              "pending": true,
              "context": null,
              "code": "",
              "err": {},
              "uuid": "d9793ca4-89cd-45bc-ab3c-7986dd322582",
              "parentUUID": "bbb3ddb3-07c7-4ce2-bfab-910942601063",
              "isHook": false,
              "skipped": false
            }
          ],
          "suites": [],
          "passes": [
            "8dab72dc-8cc1-4844-b791-b8c929d6d6b2",
            "3945fb36-dc86-4d1e-8a0d-dc2e464f4105",
            "5418c7e0-f97e-44bf-8418-9dfacee5577e"
          ],
          "failures": [],
          "pending": [
            "10e1b86a-8d39-464a-94fd-b069ef80f4c1",
            "289122e1-f442-45a6-9fa5-27f6c6d0ece9",
            "d9793ca4-89cd-45bc-ab3c-7986dd322582"
          ],
          "skipped": [],
          "duration": 12162,
          "root": false,
          "rootEmpty": false,
          "_timeout": 2000
        }
      ],
      "passes": [],
      "failures": [],
      "pending": [],
      "skipped": [],
      "duration": 0,
      "root": true,
      "rootEmpty": true,
      "_timeout": 2000
    }
  ],
  "meta": {
    "mocha": {
      "version": "7.0.1"
    },
    "mochawesome": {
      "options": {
        "quiet": true,
        "reportFilename": "mochawesome",
        "saveHtml": false,
        "saveJson": true,
        "consoleReporter": "spec",
        "useInlineDiffs": false,
        "code": true
      },
      "version": "7.0.1"
    },
    "marge": {
      "options": {
        "id": "default",
        "reporterDir": "mochawesome-report",
        "quiet": true,
        "overwrite": false,
        "html": false,
        "json": true
      },
      "version": "6.0.1"
    }
  }
}